[5.270s] Invoking command in '/home/strongy/MARBLE-Hackathon-Foke/marble_fOKe_ws/build/surfacing_script': PYTHONPATH=/home/strongy/MARBLE-Hackathon-Foke/marble_fOKe_ws/build/surfacing_script/prefix_override:/home/strongy/MARBLE-Hackathon-Foke/marble_fOKe_ws/install/surfacing_script/lib/python3.10/site-packages:${PYTHONPATH} /usr/bin/python3 setup.py develop --editable --build-directory /home/strongy/MARBLE-Hackathon-Foke/marble_fOKe_ws/build/surfacing_script/build --no-deps install_data
[7.055s] running develop
[8.159s] running egg_info
[8.160s] writing surfacing_script.egg-info/PKG-INFO
[8.160s] writing dependency_links to surfacing_script.egg-info/dependency_links.txt
[8.161s] writing entry points to surfacing_script.egg-info/entry_points.txt
[8.161s] writing requirements to surfacing_script.egg-info/requires.txt
[8.161s] writing top-level names to surfacing_script.egg-info/top_level.txt
[8.177s] reading manifest file 'surfacing_script.egg-info/SOURCES.txt'
[8.178s] writing manifest file 'surfacing_script.egg-info/SOURCES.txt'
[8.193s] running build_ext
[8.194s] Creating /home/strongy/MARBLE-Hackathon-Foke/marble_fOKe_ws/install/surfacing_script/lib/python3.10/site-packages/surfacing-script.egg-link (link to .)
[8.209s] Installing geofloater script to /home/strongy/MARBLE-Hackathon-Foke/marble_fOKe_ws/install/surfacing_script/lib/surfacing_script
[8.210s] Installing localization script to /home/strongy/MARBLE-Hackathon-Foke/marble_fOKe_ws/install/surfacing_script/lib/surfacing_script
[8.210s] Installing surfacing_controller script to /home/strongy/MARBLE-Hackathon-Foke/marble_fOKe_ws/install/surfacing_script/lib/surfacing_script
[8.211s] Installing talker script to /home/strongy/MARBLE-Hackathon-Foke/marble_fOKe_ws/install/surfacing_script/lib/surfacing_script
[8.212s] Installing univerzalni_node script to /home/strongy/MARBLE-Hackathon-Foke/marble_fOKe_ws/install/surfacing_script/lib/surfacing_script
[8.213s] 
[8.213s] Installed /home/strongy/MARBLE-Hackathon-Foke/marble_fOKe_ws/build/surfacing_script
[8.213s] running install_data
[8.379s] Invoked command in '/home/strongy/MARBLE-Hackathon-Foke/marble_fOKe_ws/build/surfacing_script' returned '0': PYTHONPATH=/home/strongy/MARBLE-Hackathon-Foke/marble_fOKe_ws/build/surfacing_script/prefix_override:/home/strongy/MARBLE-Hackathon-Foke/marble_fOKe_ws/install/surfacing_script/lib/python3.10/site-packages:${PYTHONPATH} /usr/bin/python3 setup.py develop --editable --build-directory /home/strongy/MARBLE-Hackathon-Foke/marble_fOKe_ws/build/surfacing_script/build --no-deps install_data
