[1.233s] Invoking command in '/home/strongy/MARBLE-Hackathon-Foke/marble_comms/src/comms_package': PYTHONPATH=/home/strongy/MARBLE-Hackathon-Foke/marble_comms/src/build/comms_package/prefix_override:/home/strongy/MARBLE-Hackathon-Foke/marble_comms/src/install/comms_package/lib/python3.10/site-packages:${PYTHONPATH} /usr/bin/python3 setup.py egg_info --egg-base ../build/comms_package build --build-base /home/strongy/MARBLE-Hackathon-Foke/marble_comms/src/build/comms_package/build install --record /home/strongy/MARBLE-Hackathon-Foke/marble_comms/src/build/comms_package/install.log --single-version-externally-managed
[1.746s] running egg_info
[1.747s] writing ../build/comms_package/comms_package.egg-info/PKG-INFO
[1.748s] writing dependency_links to ../build/comms_package/comms_package.egg-info/dependency_links.txt
[1.748s] writing entry points to ../build/comms_package/comms_package.egg-info/entry_points.txt
[1.749s] writing requirements to ../build/comms_package/comms_package.egg-info/requires.txt
[1.749s] writing top-level names to ../build/comms_package/comms_package.egg-info/top_level.txt
[1.752s] reading manifest file '../build/comms_package/comms_package.egg-info/SOURCES.txt'
[1.753s] writing manifest file '../build/comms_package/comms_package.egg-info/SOURCES.txt'
[1.753s] running build
[1.753s] running build_py
[1.754s] running install
[1.754s] running install_lib
[1.756s] running install_data
[1.758s] running install_egg_info
[1.761s] removing '/home/strongy/MARBLE-Hackathon-Foke/marble_comms/src/install/comms_package/lib/python3.10/site-packages/comms_package-0.0.0-py3.10.egg-info' (and everything under it)
[1.762s] Copying ../build/comms_package/comms_package.egg-info to /home/strongy/MARBLE-Hackathon-Foke/marble_comms/src/install/comms_package/lib/python3.10/site-packages/comms_package-0.0.0-py3.10.egg-info
[1.764s] running install_scripts
[1.796s] writing list of installed files to '/home/strongy/MARBLE-Hackathon-Foke/marble_comms/src/build/comms_package/install.log'
[1.872s] Invoked command in '/home/strongy/MARBLE-Hackathon-Foke/marble_comms/src/comms_package' returned '0': PYTHONPATH=/home/strongy/MARBLE-Hackathon-Foke/marble_comms/src/build/comms_package/prefix_override:/home/strongy/MARBLE-Hackathon-Foke/marble_comms/src/install/comms_package/lib/python3.10/site-packages:${PYTHONPATH} /usr/bin/python3 setup.py egg_info --egg-base ../build/comms_package build --build-base /home/strongy/MARBLE-Hackathon-Foke/marble_comms/src/build/comms_package/build install --record /home/strongy/MARBLE-Hackathon-Foke/marble_comms/src/build/comms_package/install.log --single-version-externally-managed
