running egg_info
creating ../build/comms_package/comms_package.egg-info
writing ../build/comms_package/comms_package.egg-info/PKG-INFO
writing dependency_links to ../build/comms_package/comms_package.egg-info/dependency_links.txt
writing entry points to ../build/comms_package/comms_package.egg-info/entry_points.txt
writing requirements to ../build/comms_package/comms_package.egg-info/requires.txt
writing top-level names to ../build/comms_package/comms_package.egg-info/top_level.txt
writing manifest file '../build/comms_package/comms_package.egg-info/SOURCES.txt'
reading manifest file '../build/comms_package/comms_package.egg-info/SOURCES.txt'
writing manifest file '../build/comms_package/comms_package.egg-info/SOURCES.txt'
running build
running build_py
creating /home/strongy/MARBLE-Hackathon-Foke/marble_comms/src/build/comms_package/build
creating /home/strongy/MARBLE-Hackathon-Foke/marble_comms/src/build/comms_package/build/lib
creating /home/strongy/MARBLE-Hackathon-Foke/marble_comms/src/build/comms_package/build/lib/comms_package
copying comms_package/__init__.py -> /home/strongy/MARBLE-Hackathon-Foke/marble_comms/src/build/comms_package/build/lib/comms_package
running install
running install_lib
creating /home/strongy/MARBLE-Hackathon-Foke/marble_comms/src/install/comms_package/lib/python3.10/site-packages/comms_package
copying /home/strongy/MARBLE-Hackathon-Foke/marble_comms/src/build/comms_package/build/lib/comms_package/__init__.py -> /home/strongy/MARBLE-Hackathon-Foke/marble_comms/src/install/comms_package/lib/python3.10/site-packages/comms_package
byte-compiling /home/strongy/MARBLE-Hackathon-Foke/marble_comms/src/install/comms_package/lib/python3.10/site-packages/comms_package/__init__.py to __init__.cpython-310.pyc
running install_data
creating /home/strongy/MARBLE-Hackathon-Foke/marble_comms/src/install/comms_package/share/ament_index
creating /home/strongy/MARBLE-Hackathon-Foke/marble_comms/src/install/comms_package/share/ament_index/resource_index
creating /home/strongy/MARBLE-Hackathon-Foke/marble_comms/src/install/comms_package/share/ament_index/resource_index/packages
copying resource/comms_package -> /home/strongy/MARBLE-Hackathon-Foke/marble_comms/src/install/comms_package/share/ament_index/resource_index/packages
copying package.xml -> /home/strongy/MARBLE-Hackathon-Foke/marble_comms/src/install/comms_package/share/comms_package
running install_egg_info
Copying ../build/comms_package/comms_package.egg-info to /home/strongy/MARBLE-Hackathon-Foke/marble_comms/src/install/comms_package/lib/python3.10/site-packages/comms_package-0.0.0-py3.10.egg-info
running install_scripts
writing list of installed files to '/home/strongy/MARBLE-Hackathon-Foke/marble_comms/src/build/comms_package/install.log'
