[1.805s] Invoking command in '/home/strongy/MARBLE-Hackathon-Foke/marble_fOKe_ws/build/surfacing_script': PYTHONPATH=/home/strongy/MARBLE-Hackathon-Foke/marble_fOKe_ws/build/surfacing_script/prefix_override:/home/strongy/MARBLE-Hackathon-Foke/marble_fOKe_ws/install/surfacing_script/lib/python3.10/site-packages:${PYTHONPATH} /usr/bin/python3 setup.py develop --editable --build-directory /home/strongy/MARBLE-Hackathon-Foke/marble_fOKe_ws/build/surfacing_script/build --no-deps install_data
[2.282s] running develop
[2.550s] running egg_info
[2.551s] writing surfacing_script.egg-info/PKG-INFO
[2.551s] writing dependency_links to surfacing_script.egg-info/dependency_links.txt
[2.551s] writing entry points to surfacing_script.egg-info/entry_points.txt
[2.552s] writing requirements to surfacing_script.egg-info/requires.txt
[2.552s] writing top-level names to surfacing_script.egg-info/top_level.txt
[2.553s] reading manifest file 'surfacing_script.egg-info/SOURCES.txt'
[2.554s] writing manifest file 'surfacing_script.egg-info/SOURCES.txt'
[2.556s] running build_ext
[2.556s] Creating /home/strongy/MARBLE-Hackathon-Foke/marble_fOKe_ws/install/surfacing_script/lib/python3.10/site-packages/surfacing-script.egg-link (link to .)
[2.557s] Installing geofloater script to /home/strongy/MARBLE-Hackathon-Foke/marble_fOKe_ws/install/surfacing_script/lib/surfacing_script
[2.557s] Installing localization script to /home/strongy/MARBLE-Hackathon-Foke/marble_fOKe_ws/install/surfacing_script/lib/surfacing_script
[2.557s] Installing surfacing_controller script to /home/strongy/MARBLE-Hackathon-Foke/marble_fOKe_ws/install/surfacing_script/lib/surfacing_script
[2.558s] Installing talker script to /home/strongy/MARBLE-Hackathon-Foke/marble_fOKe_ws/install/surfacing_script/lib/surfacing_script
[2.558s] Installing univerzalni_node script to /home/strongy/MARBLE-Hackathon-Foke/marble_fOKe_ws/install/surfacing_script/lib/surfacing_script
[2.558s] 
[2.558s] Installed /home/strongy/MARBLE-Hackathon-Foke/marble_fOKe_ws/build/surfacing_script
[2.559s] running install_data
[2.559s] copying launch/_launch.py -> /home/strongy/MARBLE-Hackathon-Foke/marble_fOKe_ws/install/surfacing_script/share/surfacing_script
[2.595s] Invoked command in '/home/strongy/MARBLE-Hackathon-Foke/marble_fOKe_ws/build/surfacing_script' returned '0': PYTHONPATH=/home/strongy/MARBLE-Hackathon-Foke/marble_fOKe_ws/build/surfacing_script/prefix_override:/home/strongy/MARBLE-Hackathon-Foke/marble_fOKe_ws/install/surfacing_script/lib/python3.10/site-packages:${PYTHONPATH} /usr/bin/python3 setup.py develop --editable --build-directory /home/strongy/MARBLE-Hackathon-Foke/marble_fOKe_ws/build/surfacing_script/build --no-deps install_data
