[0.329s] Invoking command in '/home/strongy/MARBLE-Hackathon-Foke/marble_fOKe_ws/build/custom_msgs': CMAKE_PREFIX_PATH=${CMAKE_PREFIX_PATH}:/home/strongy/MARBLE-Hackathon-Foke/marble_fOKe_ws/install/surfacing_script:/home/strongy/MARBLE-Hackathon-Foke/marble_fOKe_ws/install/marble_pkg:/home/strongy/MARBLE-Hackathon-Foke/marble_fOKe_ws/install/comm_pkg:/home/strongy/MARBLE-Hackathon-Foke/marble_fOKe/install/surfacing_script:/home/strongy/MARBLE-Hackathon-Foke/marble_fOKe/install/marble_pkg:/home/strongy/MARBLE-Hackathon-Foke/marble_fOKe/install/comm_pkg:/home/strongy/MARBLE-Hackathon-Foke/marble_fOKe/install/comms_package:/home/strongy/MARBLE-Hackathon-Foke/marble_comms/install/surfacing_script:/home/strongy/MARBLE-Hackathon-Foke/marble_comms/install/marble_pkg:/home/strongy/MARBLE-Hackathon-Foke/marble_comms/install/comm_pkg:/home/strongy/MARBLE-Hackathon-Foke/marble_comms/install/comms_package:/opt/ros/humble /usr/bin/cmake --build /home/strongy/MARBLE-Hackathon-Foke/marble_fOKe_ws/build/custom_msgs -- -j8 -l8
[0.661s] [  2%] Built target custom_msgs__cpp
[0.678s] [35m[1mConsolidate compiler generated dependencies of target custom_msgs__rosidl_generator_c[0m
[0.713s] [35m[1mConsolidate compiler generated dependencies of target custom_msgs__rosidl_typesupport_introspection_cpp[0m
[0.721s] [35m[1mConsolidate compiler generated dependencies of target custom_msgs__rosidl_typesupport_cpp[0m
[0.721s] [  2%] Built target ament_cmake_python_symlink_custom_msgs
[0.808s] [ 12%] Built target custom_msgs__rosidl_generator_c
[0.841s] [ 34%] Built target custom_msgs__rosidl_typesupport_introspection_cpp
[0.866s] [ 34%] Built target custom_msgs__rosidl_typesupport_cpp
[0.866s] [35m[1mConsolidate compiler generated dependencies of target custom_msgs__rosidl_typesupport_fastrtps_cpp[0m
[0.882s] [35m[1mConsolidate compiler generated dependencies of target custom_msgs__rosidl_typesupport_fastrtps_c[0m
[0.882s] [35m[1mConsolidate compiler generated dependencies of target custom_msgs__rosidl_typesupport_c[0m
[0.914s] [ 44%] Built target custom_msgs__rosidl_typesupport_c
[0.953s] [ 55%] Built target custom_msgs__rosidl_typesupport_fastrtps_c
[0.962s] [35m[1mConsolidate compiler generated dependencies of target custom_msgs__rosidl_typesupport_introspection_c[0m
[0.989s] [ 65%] Built target custom_msgs__rosidl_typesupport_fastrtps_cpp
[1.005s] [ 76%] Built target custom_msgs__rosidl_typesupport_introspection_c
[1.139s] [ 76%] Built target custom_msgs
[1.225s] [ 78%] Built target custom_msgs__py
[1.274s] [35m[1mConsolidate compiler generated dependencies of target custom_msgs__rosidl_generator_py[0m
[1.421s] [ 87%] Built target custom_msgs__rosidl_generator_py
[1.490s] [35m[1mConsolidate compiler generated dependencies of target custom_msgs__rosidl_typesupport_introspection_c__pyext[0m
[1.503s] [35m[1mConsolidate compiler generated dependencies of target custom_msgs__rosidl_typesupport_c__pyext[0m
[1.522s] [35m[1mConsolidate compiler generated dependencies of target custom_msgs__rosidl_typesupport_fastrtps_c__pyext[0m
[1.559s] [ 91%] Built target custom_msgs__rosidl_typesupport_c__pyext
[1.652s] [100%] Built target custom_msgs__rosidl_typesupport_introspection_c__pyext
[1.653s] [100%] Built target custom_msgs__rosidl_typesupport_fastrtps_c__pyext
[2.655s] running egg_info
[2.657s] writing custom_msgs.egg-info/PKG-INFO
[2.658s] writing dependency_links to custom_msgs.egg-info/dependency_links.txt
[2.658s] writing top-level names to custom_msgs.egg-info/top_level.txt
[2.672s] reading manifest file 'custom_msgs.egg-info/SOURCES.txt'
[2.684s] writing manifest file 'custom_msgs.egg-info/SOURCES.txt'
[2.766s] [100%] Built target ament_cmake_python_build_custom_msgs_egg
[2.801s] Invoked command in '/home/strongy/MARBLE-Hackathon-Foke/marble_fOKe_ws/build/custom_msgs' returned '0': CMAKE_PREFIX_PATH=${CMAKE_PREFIX_PATH}:/home/strongy/MARBLE-Hackathon-Foke/marble_fOKe_ws/install/surfacing_script:/home/strongy/MARBLE-Hackathon-Foke/marble_fOKe_ws/install/marble_pkg:/home/strongy/MARBLE-Hackathon-Foke/marble_fOKe_ws/install/comm_pkg:/home/strongy/MARBLE-Hackathon-Foke/marble_fOKe/install/surfacing_script:/home/strongy/MARBLE-Hackathon-Foke/marble_fOKe/install/marble_pkg:/home/strongy/MARBLE-Hackathon-Foke/marble_fOKe/install/comm_pkg:/home/strongy/MARBLE-Hackathon-Foke/marble_fOKe/install/comms_package:/home/strongy/MARBLE-Hackathon-Foke/marble_comms/install/surfacing_script:/home/strongy/MARBLE-Hackathon-Foke/marble_comms/install/marble_pkg:/home/strongy/MARBLE-Hackathon-Foke/marble_comms/install/comm_pkg:/home/strongy/MARBLE-Hackathon-Foke/marble_comms/install/comms_package:/opt/ros/humble /usr/bin/cmake --build /home/strongy/MARBLE-Hackathon-Foke/marble_fOKe_ws/build/custom_msgs -- -j8 -l8
[3.052s] Invoking command in '/home/strongy/MARBLE-Hackathon-Foke/marble_fOKe_ws/build/custom_msgs': CMAKE_PREFIX_PATH=${CMAKE_PREFIX_PATH}:/home/strongy/MARBLE-Hackathon-Foke/marble_fOKe_ws/install/surfacing_script:/home/strongy/MARBLE-Hackathon-Foke/marble_fOKe_ws/install/marble_pkg:/home/strongy/MARBLE-Hackathon-Foke/marble_fOKe_ws/install/comm_pkg:/home/strongy/MARBLE-Hackathon-Foke/marble_fOKe/install/surfacing_script:/home/strongy/MARBLE-Hackathon-Foke/marble_fOKe/install/marble_pkg:/home/strongy/MARBLE-Hackathon-Foke/marble_fOKe/install/comm_pkg:/home/strongy/MARBLE-Hackathon-Foke/marble_fOKe/install/comms_package:/home/strongy/MARBLE-Hackathon-Foke/marble_comms/install/surfacing_script:/home/strongy/MARBLE-Hackathon-Foke/marble_comms/install/marble_pkg:/home/strongy/MARBLE-Hackathon-Foke/marble_comms/install/comm_pkg:/home/strongy/MARBLE-Hackathon-Foke/marble_comms/install/comms_package:/opt/ros/humble /usr/bin/cmake --install /home/strongy/MARBLE-Hackathon-Foke/marble_fOKe_ws/build/custom_msgs
[3.077s] -- Install configuration: ""
[3.084s] -- Execute custom install script
[3.089s] -- Up-to-date symlink: /home/strongy/MARBLE-Hackathon-Foke/marble_fOKe_ws/install/custom_msgs/share/ament_index/resource_index/rosidl_interfaces/custom_msgs
[3.096s] -- Up-to-date symlink: /home/strongy/MARBLE-Hackathon-Foke/marble_fOKe_ws/install/custom_msgs/include/custom_msgs/custom_msgs/msg/comms_message.h
[3.097s] -- Up-to-date symlink: /home/strongy/MARBLE-Hackathon-Foke/marble_fOKe_ws/install/custom_msgs/include/custom_msgs/custom_msgs/msg/count_with_floater_info.h
[3.097s] -- Up-to-date symlink: /home/strongy/MARBLE-Hackathon-Foke/marble_fOKe_ws/install/custom_msgs/include/custom_msgs/custom_msgs/msg/detail/comms_message__functions.h
[3.098s] -- Up-to-date symlink: /home/strongy/MARBLE-Hackathon-Foke/marble_fOKe_ws/install/custom_msgs/include/custom_msgs/custom_msgs/msg/detail/comms_message__struct.h
[3.098s] -- Up-to-date symlink: /home/strongy/MARBLE-Hackathon-Foke/marble_fOKe_ws/install/custom_msgs/include/custom_msgs/custom_msgs/msg/detail/comms_message__type_support.h
[3.099s] -- Up-to-date symlink: /home/strongy/MARBLE-Hackathon-Foke/marble_fOKe_ws/install/custom_msgs/include/custom_msgs/custom_msgs/msg/detail/count_with_floater_info__functions.h
[3.099s] -- Up-to-date symlink: /home/strongy/MARBLE-Hackathon-Foke/marble_fOKe_ws/install/custom_msgs/include/custom_msgs/custom_msgs/msg/detail/count_with_floater_info__struct.h
[3.100s] -- Up-to-date symlink: /home/strongy/MARBLE-Hackathon-Foke/marble_fOKe_ws/install/custom_msgs/include/custom_msgs/custom_msgs/msg/detail/count_with_floater_info__type_support.h
[3.100s] -- Up-to-date symlink: /home/strongy/MARBLE-Hackathon-Foke/marble_fOKe_ws/install/custom_msgs/include/custom_msgs/custom_msgs/msg/detail/location_with_floater_info__functions.h
[3.100s] -- Up-to-date symlink: /home/strongy/MARBLE-Hackathon-Foke/marble_fOKe_ws/install/custom_msgs/include/custom_msgs/custom_msgs/msg/detail/location_with_floater_info__struct.h
[3.102s] -- Up-to-date symlink: /home/strongy/MARBLE-Hackathon-Foke/marble_fOKe_ws/install/custom_msgs/include/custom_msgs/custom_msgs/msg/detail/location_with_floater_info__type_support.h
[3.104s] -- Up-to-date symlink: /home/strongy/MARBLE-Hackathon-Foke/marble_fOKe_ws/install/custom_msgs/include/custom_msgs/custom_msgs/msg/location_with_floater_info.h
[3.104s] -- Up-to-date symlink: /home/strongy/MARBLE-Hackathon-Foke/marble_fOKe_ws/install/custom_msgs/include/custom_msgs/custom_msgs/msg/rosidl_generator_c__visibility_control.h
[3.107s] -- Up-to-date symlink: /home/strongy/MARBLE-Hackathon-Foke/marble_fOKe_ws/install/custom_msgs/share/custom_msgs/environment/library_path.sh
[3.108s] -- Up-to-date symlink: /home/strongy/MARBLE-Hackathon-Foke/marble_fOKe_ws/install/custom_msgs/share/custom_msgs/environment/library_path.dsv
[3.110s] -- Up-to-date symlink: /home/strongy/MARBLE-Hackathon-Foke/marble_fOKe_ws/install/custom_msgs/include/custom_msgs/custom_msgs/msg/detail/comms_message__rosidl_typesupport_fastrtps_c.h
[3.111s] -- Up-to-date symlink: /home/strongy/MARBLE-Hackathon-Foke/marble_fOKe_ws/install/custom_msgs/include/custom_msgs/custom_msgs/msg/detail/count_with_floater_info__rosidl_typesupport_fastrtps_c.h
[3.111s] -- Up-to-date symlink: /home/strongy/MARBLE-Hackathon-Foke/marble_fOKe_ws/install/custom_msgs/include/custom_msgs/custom_msgs/msg/detail/location_with_floater_info__rosidl_typesupport_fastrtps_c.h
[3.112s] -- Up-to-date symlink: /home/strongy/MARBLE-Hackathon-Foke/marble_fOKe_ws/install/custom_msgs/include/custom_msgs/custom_msgs/msg/rosidl_typesupport_fastrtps_c__visibility_control.h
[3.115s] -- Up-to-date symlink: /home/strongy/MARBLE-Hackathon-Foke/marble_fOKe_ws/install/custom_msgs/include/custom_msgs/custom_msgs/msg/comms_message.hpp
[3.116s] -- Up-to-date symlink: /home/strongy/MARBLE-Hackathon-Foke/marble_fOKe_ws/install/custom_msgs/include/custom_msgs/custom_msgs/msg/count_with_floater_info.hpp
[3.117s] -- Up-to-date symlink: /home/strongy/MARBLE-Hackathon-Foke/marble_fOKe_ws/install/custom_msgs/include/custom_msgs/custom_msgs/msg/detail/comms_message__builder.hpp
[3.118s] -- Up-to-date symlink: /home/strongy/MARBLE-Hackathon-Foke/marble_fOKe_ws/install/custom_msgs/include/custom_msgs/custom_msgs/msg/detail/comms_message__struct.hpp
[3.118s] -- Up-to-date symlink: /home/strongy/MARBLE-Hackathon-Foke/marble_fOKe_ws/install/custom_msgs/include/custom_msgs/custom_msgs/msg/detail/comms_message__traits.hpp
[3.119s] -- Up-to-date symlink: /home/strongy/MARBLE-Hackathon-Foke/marble_fOKe_ws/install/custom_msgs/include/custom_msgs/custom_msgs/msg/detail/count_with_floater_info__builder.hpp
[3.120s] -- Up-to-date symlink: /home/strongy/MARBLE-Hackathon-Foke/marble_fOKe_ws/install/custom_msgs/include/custom_msgs/custom_msgs/msg/detail/count_with_floater_info__struct.hpp
[3.120s] -- Up-to-date symlink: /home/strongy/MARBLE-Hackathon-Foke/marble_fOKe_ws/install/custom_msgs/include/custom_msgs/custom_msgs/msg/detail/count_with_floater_info__traits.hpp
[3.121s] -- Up-to-date symlink: /home/strongy/MARBLE-Hackathon-Foke/marble_fOKe_ws/install/custom_msgs/include/custom_msgs/custom_msgs/msg/detail/location_with_floater_info__builder.hpp
[3.121s] -- Up-to-date symlink: /home/strongy/MARBLE-Hackathon-Foke/marble_fOKe_ws/install/custom_msgs/include/custom_msgs/custom_msgs/msg/detail/location_with_floater_info__struct.hpp
[3.122s] -- Up-to-date symlink: /home/strongy/MARBLE-Hackathon-Foke/marble_fOKe_ws/install/custom_msgs/include/custom_msgs/custom_msgs/msg/detail/location_with_floater_info__traits.hpp
[3.124s] -- Up-to-date symlink: /home/strongy/MARBLE-Hackathon-Foke/marble_fOKe_ws/install/custom_msgs/include/custom_msgs/custom_msgs/msg/location_with_floater_info.hpp
[3.129s] -- Up-to-date symlink: /home/strongy/MARBLE-Hackathon-Foke/marble_fOKe_ws/install/custom_msgs/include/custom_msgs/custom_msgs/msg/detail/comms_message__rosidl_typesupport_fastrtps_cpp.hpp
[3.132s] -- Up-to-date symlink: /home/strongy/MARBLE-Hackathon-Foke/marble_fOKe_ws/install/custom_msgs/include/custom_msgs/custom_msgs/msg/detail/count_with_floater_info__rosidl_typesupport_fastrtps_cpp.hpp
[3.132s] -- Up-to-date symlink: /home/strongy/MARBLE-Hackathon-Foke/marble_fOKe_ws/install/custom_msgs/include/custom_msgs/custom_msgs/msg/detail/location_with_floater_info__rosidl_typesupport_fastrtps_cpp.hpp
[3.132s] -- Up-to-date symlink: /home/strongy/MARBLE-Hackathon-Foke/marble_fOKe_ws/install/custom_msgs/include/custom_msgs/custom_msgs/msg/rosidl_typesupport_fastrtps_cpp__visibility_control.h
[3.133s] -- Up-to-date symlink: /home/strongy/MARBLE-Hackathon-Foke/marble_fOKe_ws/install/custom_msgs/include/custom_msgs/custom_msgs/msg/detail/comms_message__rosidl_typesupport_introspection_c.h
[3.133s] -- Up-to-date symlink: /home/strongy/MARBLE-Hackathon-Foke/marble_fOKe_ws/install/custom_msgs/include/custom_msgs/custom_msgs/msg/detail/count_with_floater_info__rosidl_typesupport_introspection_c.h
[3.134s] -- Up-to-date symlink: /home/strongy/MARBLE-Hackathon-Foke/marble_fOKe_ws/install/custom_msgs/include/custom_msgs/custom_msgs/msg/detail/location_with_floater_info__rosidl_typesupport_introspection_c.h
[3.135s] -- Up-to-date symlink: /home/strongy/MARBLE-Hackathon-Foke/marble_fOKe_ws/install/custom_msgs/include/custom_msgs/custom_msgs/msg/rosidl_typesupport_introspection_c__visibility_control.h
[3.137s] -- Up-to-date symlink: /home/strongy/MARBLE-Hackathon-Foke/marble_fOKe_ws/install/custom_msgs/include/custom_msgs/custom_msgs/msg/detail/comms_message__rosidl_typesupport_introspection_cpp.hpp
[3.138s] -- Up-to-date symlink: /home/strongy/MARBLE-Hackathon-Foke/marble_fOKe_ws/install/custom_msgs/include/custom_msgs/custom_msgs/msg/detail/count_with_floater_info__rosidl_typesupport_introspection_cpp.hpp
[3.138s] -- Up-to-date symlink: /home/strongy/MARBLE-Hackathon-Foke/marble_fOKe_ws/install/custom_msgs/include/custom_msgs/custom_msgs/msg/detail/location_with_floater_info__rosidl_typesupport_introspection_cpp.hpp
[3.138s] -- Up-to-date symlink: /home/strongy/MARBLE-Hackathon-Foke/marble_fOKe_ws/install/custom_msgs/share/custom_msgs/environment/pythonpath.sh
[3.139s] -- Up-to-date symlink: /home/strongy/MARBLE-Hackathon-Foke/marble_fOKe_ws/install/custom_msgs/share/custom_msgs/environment/pythonpath.dsv
[3.140s] -- Up-to-date symlink: /home/strongy/MARBLE-Hackathon-Foke/marble_fOKe_ws/install/custom_msgs/local/lib/python3.10/dist-packages/custom_msgs-0.0.0-py3.10.egg-info/PKG-INFO
[3.141s] -- Up-to-date symlink: /home/strongy/MARBLE-Hackathon-Foke/marble_fOKe_ws/install/custom_msgs/local/lib/python3.10/dist-packages/custom_msgs-0.0.0-py3.10.egg-info/SOURCES.txt
[3.141s] -- Up-to-date symlink: /home/strongy/MARBLE-Hackathon-Foke/marble_fOKe_ws/install/custom_msgs/local/lib/python3.10/dist-packages/custom_msgs-0.0.0-py3.10.egg-info/dependency_links.txt
[3.141s] -- Up-to-date symlink: /home/strongy/MARBLE-Hackathon-Foke/marble_fOKe_ws/install/custom_msgs/local/lib/python3.10/dist-packages/custom_msgs-0.0.0-py3.10.egg-info/top_level.txt
[3.143s] -- Up-to-date symlink: /home/strongy/MARBLE-Hackathon-Foke/marble_fOKe_ws/install/custom_msgs/local/lib/python3.10/dist-packages/custom_msgs/__init__.py
[3.143s] -- Up-to-date symlink: /home/strongy/MARBLE-Hackathon-Foke/marble_fOKe_ws/install/custom_msgs/local/lib/python3.10/dist-packages/custom_msgs/_custom_msgs_s.ep.rosidl_typesupport_c.c
[3.144s] -- Up-to-date symlink: /home/strongy/MARBLE-Hackathon-Foke/marble_fOKe_ws/install/custom_msgs/local/lib/python3.10/dist-packages/custom_msgs/_custom_msgs_s.ep.rosidl_typesupport_fastrtps_c.c
[3.144s] -- Up-to-date symlink: /home/strongy/MARBLE-Hackathon-Foke/marble_fOKe_ws/install/custom_msgs/local/lib/python3.10/dist-packages/custom_msgs/_custom_msgs_s.ep.rosidl_typesupport_introspection_c.c
[3.145s] -- Up-to-date symlink: /home/strongy/MARBLE-Hackathon-Foke/marble_fOKe_ws/install/custom_msgs/local/lib/python3.10/dist-packages/custom_msgs/custom_msgs_s__rosidl_typesupport_c.cpython-310-x86_64-linux-gnu.so
[3.145s] -- Up-to-date symlink: /home/strongy/MARBLE-Hackathon-Foke/marble_fOKe_ws/install/custom_msgs/local/lib/python3.10/dist-packages/custom_msgs/custom_msgs_s__rosidl_typesupport_fastrtps_c.cpython-310-x86_64-linux-gnu.so
[3.146s] -- Up-to-date symlink: /home/strongy/MARBLE-Hackathon-Foke/marble_fOKe_ws/install/custom_msgs/local/lib/python3.10/dist-packages/custom_msgs/custom_msgs_s__rosidl_typesupport_introspection_c.cpython-310-x86_64-linux-gnu.so
[3.149s] -- Up-to-date symlink: /home/strongy/MARBLE-Hackathon-Foke/marble_fOKe_ws/install/custom_msgs/local/lib/python3.10/dist-packages/custom_msgs/libcustom_msgs__rosidl_generator_py.so
[3.150s] -- Up-to-date symlink: /home/strongy/MARBLE-Hackathon-Foke/marble_fOKe_ws/install/custom_msgs/local/lib/python3.10/dist-packages/custom_msgs/msg/__init__.py
[3.153s] -- Up-to-date symlink: /home/strongy/MARBLE-Hackathon-Foke/marble_fOKe_ws/install/custom_msgs/local/lib/python3.10/dist-packages/custom_msgs/msg/_comms_message.py
[3.154s] -- Up-to-date symlink: /home/strongy/MARBLE-Hackathon-Foke/marble_fOKe_ws/install/custom_msgs/local/lib/python3.10/dist-packages/custom_msgs/msg/_comms_message_s.c
[3.155s] -- Up-to-date symlink: /home/strongy/MARBLE-Hackathon-Foke/marble_fOKe_ws/install/custom_msgs/local/lib/python3.10/dist-packages/custom_msgs/msg/_count_with_floater_info.py
[3.155s] -- Up-to-date symlink: /home/strongy/MARBLE-Hackathon-Foke/marble_fOKe_ws/install/custom_msgs/local/lib/python3.10/dist-packages/custom_msgs/msg/_count_with_floater_info_s.c
[3.156s] -- Up-to-date symlink: /home/strongy/MARBLE-Hackathon-Foke/marble_fOKe_ws/install/custom_msgs/local/lib/python3.10/dist-packages/custom_msgs/msg/_location_with_floater_info.py
[3.156s] -- Up-to-date symlink: /home/strongy/MARBLE-Hackathon-Foke/marble_fOKe_ws/install/custom_msgs/local/lib/python3.10/dist-packages/custom_msgs/msg/_location_with_floater_info_s.c
[3.157s] -- Up-to-date symlink: /home/strongy/MARBLE-Hackathon-Foke/marble_fOKe_ws/install/custom_msgs/local/lib/python3.10/dist-packages/custom_msgs/custom_msgs_s__rosidl_typesupport_fastrtps_c.cpython-310-x86_64-linux-gnu.so
[3.158s] -- Up-to-date symlink: /home/strongy/MARBLE-Hackathon-Foke/marble_fOKe_ws/install/custom_msgs/local/lib/python3.10/dist-packages/custom_msgs/custom_msgs_s__rosidl_typesupport_introspection_c.cpython-310-x86_64-linux-gnu.so
[3.159s] -- Up-to-date symlink: /home/strongy/MARBLE-Hackathon-Foke/marble_fOKe_ws/install/custom_msgs/local/lib/python3.10/dist-packages/custom_msgs/custom_msgs_s__rosidl_typesupport_c.cpython-310-x86_64-linux-gnu.so
[3.159s] -- Up-to-date symlink: /home/strongy/MARBLE-Hackathon-Foke/marble_fOKe_ws/install/custom_msgs/share/custom_msgs/msg/CountWithFloaterInfo.idl
[3.159s] -- Up-to-date symlink: /home/strongy/MARBLE-Hackathon-Foke/marble_fOKe_ws/install/custom_msgs/share/custom_msgs/msg/LocationWithFloaterInfo.idl
[3.159s] -- Up-to-date symlink: /home/strongy/MARBLE-Hackathon-Foke/marble_fOKe_ws/install/custom_msgs/share/custom_msgs/msg/CommsMessage.idl
[3.160s] -- Up-to-date symlink: /home/strongy/MARBLE-Hackathon-Foke/marble_fOKe_ws/install/custom_msgs/share/custom_msgs/msg/CountWithFloaterInfo.msg
[3.160s] -- Up-to-date symlink: /home/strongy/MARBLE-Hackathon-Foke/marble_fOKe_ws/install/custom_msgs/share/custom_msgs/msg/LocationWithFloaterInfo.msg
[3.160s] -- Up-to-date symlink: /home/strongy/MARBLE-Hackathon-Foke/marble_fOKe_ws/install/custom_msgs/share/custom_msgs/msg/CommsMessage.msg
[3.161s] -- Up-to-date symlink: /home/strongy/MARBLE-Hackathon-Foke/marble_fOKe_ws/install/custom_msgs/share/ament_index/resource_index/package_run_dependencies/custom_msgs
[3.161s] -- Up-to-date symlink: /home/strongy/MARBLE-Hackathon-Foke/marble_fOKe_ws/install/custom_msgs/share/ament_index/resource_index/parent_prefix_path/custom_msgs
[3.161s] -- Up-to-date symlink: /home/strongy/MARBLE-Hackathon-Foke/marble_fOKe_ws/install/custom_msgs/share/custom_msgs/environment/ament_prefix_path.sh
[3.162s] -- Up-to-date symlink: /home/strongy/MARBLE-Hackathon-Foke/marble_fOKe_ws/install/custom_msgs/share/custom_msgs/environment/ament_prefix_path.dsv
[3.162s] -- Up-to-date symlink: /home/strongy/MARBLE-Hackathon-Foke/marble_fOKe_ws/install/custom_msgs/share/custom_msgs/environment/path.sh
[3.162s] -- Up-to-date symlink: /home/strongy/MARBLE-Hackathon-Foke/marble_fOKe_ws/install/custom_msgs/share/custom_msgs/environment/path.dsv
[3.163s] -- Up-to-date symlink: /home/strongy/MARBLE-Hackathon-Foke/marble_fOKe_ws/install/custom_msgs/share/custom_msgs/local_setup.bash
[3.163s] -- Up-to-date symlink: /home/strongy/MARBLE-Hackathon-Foke/marble_fOKe_ws/install/custom_msgs/share/custom_msgs/local_setup.sh
[3.163s] -- Up-to-date symlink: /home/strongy/MARBLE-Hackathon-Foke/marble_fOKe_ws/install/custom_msgs/share/custom_msgs/local_setup.zsh
[3.164s] -- Up-to-date symlink: /home/strongy/MARBLE-Hackathon-Foke/marble_fOKe_ws/install/custom_msgs/share/custom_msgs/local_setup.dsv
[3.164s] -- Symlinking: /home/strongy/MARBLE-Hackathon-Foke/marble_fOKe_ws/install/custom_msgs/share/custom_msgs/package.dsv
[3.195s] -- Up-to-date symlink: /home/strongy/MARBLE-Hackathon-Foke/marble_fOKe_ws/install/custom_msgs/share/ament_index/resource_index/packages/custom_msgs
[3.200s] -- Up-to-date symlink: /home/strongy/MARBLE-Hackathon-Foke/marble_fOKe_ws/install/custom_msgs/share/custom_msgs/cmake/rosidl_cmake-extras.cmake
[3.201s] -- Up-to-date symlink: /home/strongy/MARBLE-Hackathon-Foke/marble_fOKe_ws/install/custom_msgs/share/custom_msgs/cmake/ament_cmake_export_dependencies-extras.cmake
[3.202s] -- Up-to-date symlink: /home/strongy/MARBLE-Hackathon-Foke/marble_fOKe_ws/install/custom_msgs/share/custom_msgs/cmake/ament_cmake_export_include_directories-extras.cmake
[3.202s] -- Up-to-date symlink: /home/strongy/MARBLE-Hackathon-Foke/marble_fOKe_ws/install/custom_msgs/share/custom_msgs/cmake/ament_cmake_export_libraries-extras.cmake
[3.202s] -- Up-to-date symlink: /home/strongy/MARBLE-Hackathon-Foke/marble_fOKe_ws/install/custom_msgs/share/custom_msgs/cmake/ament_cmake_export_targets-extras.cmake
[3.203s] -- Up-to-date symlink: /home/strongy/MARBLE-Hackathon-Foke/marble_fOKe_ws/install/custom_msgs/share/custom_msgs/cmake/rosidl_cmake_export_typesupport_targets-extras.cmake
[3.203s] -- Up-to-date symlink: /home/strongy/MARBLE-Hackathon-Foke/marble_fOKe_ws/install/custom_msgs/share/custom_msgs/cmake/rosidl_cmake_export_typesupport_libraries-extras.cmake
[3.203s] -- Up-to-date symlink: /home/strongy/MARBLE-Hackathon-Foke/marble_fOKe_ws/install/custom_msgs/share/custom_msgs/cmake/custom_msgsConfig.cmake
[3.204s] -- Up-to-date symlink: /home/strongy/MARBLE-Hackathon-Foke/marble_fOKe_ws/install/custom_msgs/share/custom_msgs/cmake/custom_msgsConfig-version.cmake
[3.204s] -- Up-to-date symlink: /home/strongy/MARBLE-Hackathon-Foke/marble_fOKe_ws/install/custom_msgs/share/custom_msgs/package.xml
[3.205s] -- Up-to-date: /home/strongy/MARBLE-Hackathon-Foke/marble_fOKe_ws/install/custom_msgs/lib/libcustom_msgs__rosidl_generator_c.so
[3.209s] -- Up-to-date: /home/strongy/MARBLE-Hackathon-Foke/marble_fOKe_ws/install/custom_msgs/lib/libcustom_msgs__rosidl_typesupport_fastrtps_c.so
[3.211s] -- Up-to-date: /home/strongy/MARBLE-Hackathon-Foke/marble_fOKe_ws/install/custom_msgs/lib/libcustom_msgs__rosidl_typesupport_fastrtps_cpp.so
[3.213s] -- Up-to-date: /home/strongy/MARBLE-Hackathon-Foke/marble_fOKe_ws/install/custom_msgs/lib/libcustom_msgs__rosidl_typesupport_introspection_c.so
[3.215s] -- Up-to-date: /home/strongy/MARBLE-Hackathon-Foke/marble_fOKe_ws/install/custom_msgs/lib/libcustom_msgs__rosidl_typesupport_c.so
[3.218s] -- Up-to-date: /home/strongy/MARBLE-Hackathon-Foke/marble_fOKe_ws/install/custom_msgs/lib/libcustom_msgs__rosidl_typesupport_introspection_cpp.so
[3.221s] -- Up-to-date: /home/strongy/MARBLE-Hackathon-Foke/marble_fOKe_ws/install/custom_msgs/lib/libcustom_msgs__rosidl_typesupport_cpp.so
[3.313s] Listing '/home/strongy/MARBLE-Hackathon-Foke/marble_fOKe_ws/install/custom_msgs/local/lib/python3.10/dist-packages/custom_msgs'...
[3.313s] Listing '/home/strongy/MARBLE-Hackathon-Foke/marble_fOKe_ws/install/custom_msgs/local/lib/python3.10/dist-packages/custom_msgs/msg'...
[3.321s] -- Up-to-date: /home/strongy/MARBLE-Hackathon-Foke/marble_fOKe_ws/install/custom_msgs/lib/libcustom_msgs__rosidl_generator_py.so
[3.322s] -- Up-to-date: /home/strongy/MARBLE-Hackathon-Foke/marble_fOKe_ws/install/custom_msgs/share/custom_msgs/cmake/export_custom_msgs__rosidl_generator_cExport.cmake
[3.323s] -- Up-to-date: /home/strongy/MARBLE-Hackathon-Foke/marble_fOKe_ws/install/custom_msgs/share/custom_msgs/cmake/export_custom_msgs__rosidl_generator_cExport-noconfig.cmake
[3.323s] -- Up-to-date: /home/strongy/MARBLE-Hackathon-Foke/marble_fOKe_ws/install/custom_msgs/share/custom_msgs/cmake/export_custom_msgs__rosidl_typesupport_fastrtps_cExport.cmake
[3.324s] -- Up-to-date: /home/strongy/MARBLE-Hackathon-Foke/marble_fOKe_ws/install/custom_msgs/share/custom_msgs/cmake/export_custom_msgs__rosidl_typesupport_fastrtps_cExport-noconfig.cmake
[3.324s] -- Up-to-date: /home/strongy/MARBLE-Hackathon-Foke/marble_fOKe_ws/install/custom_msgs/share/custom_msgs/cmake/export_custom_msgs__rosidl_generator_cppExport.cmake
[3.325s] -- Up-to-date: /home/strongy/MARBLE-Hackathon-Foke/marble_fOKe_ws/install/custom_msgs/share/custom_msgs/cmake/export_custom_msgs__rosidl_typesupport_fastrtps_cppExport.cmake
[3.325s] -- Up-to-date: /home/strongy/MARBLE-Hackathon-Foke/marble_fOKe_ws/install/custom_msgs/share/custom_msgs/cmake/export_custom_msgs__rosidl_typesupport_fastrtps_cppExport-noconfig.cmake
[3.326s] -- Up-to-date: /home/strongy/MARBLE-Hackathon-Foke/marble_fOKe_ws/install/custom_msgs/share/custom_msgs/cmake/custom_msgs__rosidl_typesupport_introspection_cExport.cmake
[3.326s] -- Up-to-date: /home/strongy/MARBLE-Hackathon-Foke/marble_fOKe_ws/install/custom_msgs/share/custom_msgs/cmake/custom_msgs__rosidl_typesupport_introspection_cExport-noconfig.cmake
[3.327s] -- Up-to-date: /home/strongy/MARBLE-Hackathon-Foke/marble_fOKe_ws/install/custom_msgs/share/custom_msgs/cmake/custom_msgs__rosidl_typesupport_cExport.cmake
[3.327s] -- Up-to-date: /home/strongy/MARBLE-Hackathon-Foke/marble_fOKe_ws/install/custom_msgs/share/custom_msgs/cmake/custom_msgs__rosidl_typesupport_cExport-noconfig.cmake
[3.328s] -- Up-to-date: /home/strongy/MARBLE-Hackathon-Foke/marble_fOKe_ws/install/custom_msgs/share/custom_msgs/cmake/custom_msgs__rosidl_typesupport_introspection_cppExport.cmake
[3.329s] -- Up-to-date: /home/strongy/MARBLE-Hackathon-Foke/marble_fOKe_ws/install/custom_msgs/share/custom_msgs/cmake/custom_msgs__rosidl_typesupport_introspection_cppExport-noconfig.cmake
[3.330s] -- Up-to-date: /home/strongy/MARBLE-Hackathon-Foke/marble_fOKe_ws/install/custom_msgs/share/custom_msgs/cmake/custom_msgs__rosidl_typesupport_cppExport.cmake
[3.330s] -- Up-to-date: /home/strongy/MARBLE-Hackathon-Foke/marble_fOKe_ws/install/custom_msgs/share/custom_msgs/cmake/custom_msgs__rosidl_typesupport_cppExport-noconfig.cmake
[3.331s] -- Up-to-date: /home/strongy/MARBLE-Hackathon-Foke/marble_fOKe_ws/install/custom_msgs/share/custom_msgs/cmake/export_custom_msgs__rosidl_generator_pyExport.cmake
[3.332s] -- Up-to-date: /home/strongy/MARBLE-Hackathon-Foke/marble_fOKe_ws/install/custom_msgs/share/custom_msgs/cmake/export_custom_msgs__rosidl_generator_pyExport-noconfig.cmake
[3.338s] Invoked command in '/home/strongy/MARBLE-Hackathon-Foke/marble_fOKe_ws/build/custom_msgs' returned '0': CMAKE_PREFIX_PATH=${CMAKE_PREFIX_PATH}:/home/strongy/MARBLE-Hackathon-Foke/marble_fOKe_ws/install/surfacing_script:/home/strongy/MARBLE-Hackathon-Foke/marble_fOKe_ws/install/marble_pkg:/home/strongy/MARBLE-Hackathon-Foke/marble_fOKe_ws/install/comm_pkg:/home/strongy/MARBLE-Hackathon-Foke/marble_fOKe/install/surfacing_script:/home/strongy/MARBLE-Hackathon-Foke/marble_fOKe/install/marble_pkg:/home/strongy/MARBLE-Hackathon-Foke/marble_fOKe/install/comm_pkg:/home/strongy/MARBLE-Hackathon-Foke/marble_fOKe/install/comms_package:/home/strongy/MARBLE-Hackathon-Foke/marble_comms/install/surfacing_script:/home/strongy/MARBLE-Hackathon-Foke/marble_comms/install/marble_pkg:/home/strongy/MARBLE-Hackathon-Foke/marble_comms/install/comm_pkg:/home/strongy/MARBLE-Hackathon-Foke/marble_comms/install/comms_package:/opt/ros/humble /usr/bin/cmake --install /home/strongy/MARBLE-Hackathon-Foke/marble_fOKe_ws/build/custom_msgs
