[0.912s] Invoking command in '/home/strongy/MARBLE-Hackathon-Foke/marble_comms/src/comms_package': PYTHONPATH=/home/strongy/MARBLE-Hackathon-Foke/marble_comms/build/comms_package/prefix_override:/home/strongy/MARBLE-Hackathon-Foke/marble_comms/install/comms_package/lib/python3.10/site-packages:${PYTHONPATH} /usr/bin/python3 setup.py egg_info --egg-base ../../build/comms_package build --build-base /home/strongy/MARBLE-Hackathon-Foke/marble_comms/build/comms_package/build install --record /home/strongy/MARBLE-Hackathon-Foke/marble_comms/build/comms_package/install.log --single-version-externally-managed
[1.246s] running egg_info
[1.246s] creating ../../build/comms_package/comms_package.egg-info
[1.246s] writing ../../build/comms_package/comms_package.egg-info/PKG-INFO
[1.247s] writing dependency_links to ../../build/comms_package/comms_package.egg-info/dependency_links.txt
[1.247s] writing entry points to ../../build/comms_package/comms_package.egg-info/entry_points.txt
[1.248s] writing requirements to ../../build/comms_package/comms_package.egg-info/requires.txt
[1.248s] writing top-level names to ../../build/comms_package/comms_package.egg-info/top_level.txt
[1.248s] writing manifest file '../../build/comms_package/comms_package.egg-info/SOURCES.txt'
[1.252s] reading manifest file '../../build/comms_package/comms_package.egg-info/SOURCES.txt'
[1.253s] writing manifest file '../../build/comms_package/comms_package.egg-info/SOURCES.txt'
[1.254s] running build
[1.254s] running build_py
[1.255s] creating /home/strongy/MARBLE-Hackathon-Foke/marble_comms/build/comms_package/build
[1.255s] creating /home/strongy/MARBLE-Hackathon-Foke/marble_comms/build/comms_package/build/lib
[1.255s] creating /home/strongy/MARBLE-Hackathon-Foke/marble_comms/build/comms_package/build/lib/comms_package
[1.255s] copying comms_package/__init__.py -> /home/strongy/MARBLE-Hackathon-Foke/marble_comms/build/comms_package/build/lib/comms_package
[1.255s] running install
[1.256s] running install_lib
[1.256s] creating /home/strongy/MARBLE-Hackathon-Foke/marble_comms/install/comms_package/lib/python3.10/site-packages/comms_package
[1.256s] copying /home/strongy/MARBLE-Hackathon-Foke/marble_comms/build/comms_package/build/lib/comms_package/__init__.py -> /home/strongy/MARBLE-Hackathon-Foke/marble_comms/install/comms_package/lib/python3.10/site-packages/comms_package
[1.257s] byte-compiling /home/strongy/MARBLE-Hackathon-Foke/marble_comms/install/comms_package/lib/python3.10/site-packages/comms_package/__init__.py to __init__.cpython-310.pyc
[1.257s] running install_data
[1.258s] creating /home/strongy/MARBLE-Hackathon-Foke/marble_comms/install/comms_package/share/ament_index
[1.258s] creating /home/strongy/MARBLE-Hackathon-Foke/marble_comms/install/comms_package/share/ament_index/resource_index
[1.259s] creating /home/strongy/MARBLE-Hackathon-Foke/marble_comms/install/comms_package/share/ament_index/resource_index/packages
[1.259s] copying resource/comms_package -> /home/strongy/MARBLE-Hackathon-Foke/marble_comms/install/comms_package/share/ament_index/resource_index/packages
[1.259s] copying package.xml -> /home/strongy/MARBLE-Hackathon-Foke/marble_comms/install/comms_package/share/comms_package
[1.259s] running install_egg_info
[1.261s] Copying ../../build/comms_package/comms_package.egg-info to /home/strongy/MARBLE-Hackathon-Foke/marble_comms/install/comms_package/lib/python3.10/site-packages/comms_package-0.0.0-py3.10.egg-info
[1.264s] running install_scripts
[1.286s] writing list of installed files to '/home/strongy/MARBLE-Hackathon-Foke/marble_comms/build/comms_package/install.log'
[1.316s] Invoked command in '/home/strongy/MARBLE-Hackathon-Foke/marble_comms/src/comms_package' returned '0': PYTHONPATH=/home/strongy/MARBLE-Hackathon-Foke/marble_comms/build/comms_package/prefix_override:/home/strongy/MARBLE-Hackathon-Foke/marble_comms/install/comms_package/lib/python3.10/site-packages:${PYTHONPATH} /usr/bin/python3 setup.py egg_info --egg-base ../../build/comms_package build --build-base /home/strongy/MARBLE-Hackathon-Foke/marble_comms/build/comms_package/build install --record /home/strongy/MARBLE-Hackathon-Foke/marble_comms/build/comms_package/install.log --single-version-externally-managed
