[0.633s] DEBUG:colcon:Command line arguments: ['/usr/bin/colcon', 'build', '--symlink-install']
[0.634s] DEBUG:colcon:Parsed command line arguments: Namespace(log_base=None, log_level=None, verb_name='build', build_base='build', install_base='install', merge_install=False, symlink_install=True, test_result_base=None, continue_on_error=False, executor='parallel', parallel_workers=8, event_handlers=None, ignore_user_meta=False, metas=['./colcon.meta'], base_paths=['.'], packages_ignore=None, packages_ignore_regex=None, paths=None, packages_up_to=None, packages_up_to_regex=None, packages_above=None, packages_above_and_dependencies=None, packages_above_depth=None, packages_select_by_dep=None, packages_skip_by_dep=None, packages_skip_up_to=None, packages_select_build_failed=False, packages_skip_build_finished=False, packages_select_test_failures=False, packages_skip_test_passed=False, packages_select=None, packages_skip=None, packages_select_regex=None, packages_skip_regex=None, packages_start=None, packages_end=None, allow_overriding=[], cmake_args=None, cmake_target=None, cmake_target_skip_unavailable=False, cmake_clean_cache=False, cmake_clean_first=False, cmake_force_configure=False, ament_cmake_args=None, catkin_cmake_args=None, catkin_skip_building_tests=False, verb_parser=<colcon_defaults.argument_parser.defaults.DefaultArgumentsDecorator object at 0x7f28a7a0fcd0>, verb_extension=<colcon_core.verb.build.BuildVerb object at 0x7f28a7a0f760>, main=<bound method BuildVerb.main of <colcon_core.verb.build.BuildVerb object at 0x7f28a7a0f760>>)
[0.669s] Level 1:colcon.colcon_core.package_discovery:discover_packages(colcon_meta) check parameters
[0.669s] Level 1:colcon.colcon_core.package_discovery:discover_packages(recursive) check parameters
[0.669s] Level 1:colcon.colcon_core.package_discovery:discover_packages(ignore) check parameters
[0.669s] Level 1:colcon.colcon_core.package_discovery:discover_packages(path) check parameters
[0.669s] Level 1:colcon.colcon_core.package_discovery:discover_packages(colcon_meta) discover
[0.669s] Level 1:colcon.colcon_core.package_discovery:discover_packages(recursive) discover
[0.669s] INFO:colcon.colcon_core.package_discovery:Crawling recursively for packages in '/home/strongy/MARBLE-Hackathon-Foke/marble_fOKe_ws'
[0.669s] Level 1:colcon.colcon_core.package_identification:_identify(.) by extensions ['ignore', 'ignore_ament_install']
[0.669s] Level 1:colcon.colcon_core.package_identification:_identify(.) by extension 'ignore'
[0.670s] Level 1:colcon.colcon_core.package_identification:_identify(.) by extension 'ignore_ament_install'
[0.670s] Level 1:colcon.colcon_core.package_identification:_identify(.) by extensions ['colcon_pkg']
[0.670s] Level 1:colcon.colcon_core.package_identification:_identify(.) by extension 'colcon_pkg'
[0.670s] Level 1:colcon.colcon_core.package_identification:_identify(.) by extensions ['colcon_meta']
[0.670s] Level 1:colcon.colcon_core.package_identification:_identify(.) by extension 'colcon_meta'
[0.670s] Level 1:colcon.colcon_core.package_identification:_identify(.) by extensions ['ros']
[0.670s] Level 1:colcon.colcon_core.package_identification:_identify(.) by extension 'ros'
[0.684s] Level 1:colcon.colcon_core.package_identification:_identify(.) by extensions ['cmake', 'python']
[0.684s] Level 1:colcon.colcon_core.package_identification:_identify(.) by extension 'cmake'
[0.684s] Level 1:colcon.colcon_core.package_identification:_identify(.) by extension 'python'
[0.685s] Level 1:colcon.colcon_core.package_identification:_identify(.) by extensions ['python_setup_py']
[0.685s] Level 1:colcon.colcon_core.package_identification:_identify(.) by extension 'python_setup_py'
[0.685s] Level 1:colcon.colcon_core.package_identification:_identify(build) by extensions ['ignore', 'ignore_ament_install']
[0.685s] Level 1:colcon.colcon_core.package_identification:_identify(build) by extension 'ignore'
[0.685s] Level 1:colcon.colcon_core.package_identification:_identify(build) ignored
[0.685s] Level 1:colcon.colcon_core.package_identification:_identify(install) by extensions ['ignore', 'ignore_ament_install']
[0.685s] Level 1:colcon.colcon_core.package_identification:_identify(install) by extension 'ignore'
[0.685s] Level 1:colcon.colcon_core.package_identification:_identify(install) ignored
[0.686s] Level 1:colcon.colcon_core.package_identification:_identify(log) by extensions ['ignore', 'ignore_ament_install']
[0.686s] Level 1:colcon.colcon_core.package_identification:_identify(log) by extension 'ignore'
[0.686s] Level 1:colcon.colcon_core.package_identification:_identify(log) ignored
[0.686s] Level 1:colcon.colcon_core.package_identification:_identify(src) by extensions ['ignore', 'ignore_ament_install']
[0.686s] Level 1:colcon.colcon_core.package_identification:_identify(src) by extension 'ignore'
[0.686s] Level 1:colcon.colcon_core.package_identification:_identify(src) by extension 'ignore_ament_install'
[0.686s] Level 1:colcon.colcon_core.package_identification:_identify(src) by extensions ['colcon_pkg']
[0.686s] Level 1:colcon.colcon_core.package_identification:_identify(src) by extension 'colcon_pkg'
[0.686s] Level 1:colcon.colcon_core.package_identification:_identify(src) by extensions ['colcon_meta']
[0.686s] Level 1:colcon.colcon_core.package_identification:_identify(src) by extension 'colcon_meta'
[0.686s] Level 1:colcon.colcon_core.package_identification:_identify(src) by extensions ['ros']
[0.686s] Level 1:colcon.colcon_core.package_identification:_identify(src) by extension 'ros'
[0.687s] Level 1:colcon.colcon_core.package_identification:_identify(src) by extensions ['cmake', 'python']
[0.687s] Level 1:colcon.colcon_core.package_identification:_identify(src) by extension 'cmake'
[0.687s] Level 1:colcon.colcon_core.package_identification:_identify(src) by extension 'python'
[0.687s] Level 1:colcon.colcon_core.package_identification:_identify(src) by extensions ['python_setup_py']
[0.687s] Level 1:colcon.colcon_core.package_identification:_identify(src) by extension 'python_setup_py'
[0.687s] Level 1:colcon.colcon_core.package_identification:_identify(src/comm_pkg) by extensions ['ignore', 'ignore_ament_install']
[0.687s] Level 1:colcon.colcon_core.package_identification:_identify(src/comm_pkg) by extension 'ignore'
[0.687s] Level 1:colcon.colcon_core.package_identification:_identify(src/comm_pkg) by extension 'ignore_ament_install'
[0.687s] Level 1:colcon.colcon_core.package_identification:_identify(src/comm_pkg) by extensions ['colcon_pkg']
[0.687s] Level 1:colcon.colcon_core.package_identification:_identify(src/comm_pkg) by extension 'colcon_pkg'
[0.687s] Level 1:colcon.colcon_core.package_identification:_identify(src/comm_pkg) by extensions ['colcon_meta']
[0.687s] Level 1:colcon.colcon_core.package_identification:_identify(src/comm_pkg) by extension 'colcon_meta'
[0.687s] Level 1:colcon.colcon_core.package_identification:_identify(src/comm_pkg) by extensions ['ros']
[0.687s] Level 1:colcon.colcon_core.package_identification:_identify(src/comm_pkg) by extension 'ros'
[0.692s] DEBUG:colcon.colcon_core.package_identification:Package 'src/comm_pkg' with type 'ros.ament_python' and name 'comm_pkg'
[0.693s] Level 1:colcon.colcon_core.package_identification:_identify(src/custom_msgs) by extensions ['ignore', 'ignore_ament_install']
[0.693s] Level 1:colcon.colcon_core.package_identification:_identify(src/custom_msgs) by extension 'ignore'
[0.693s] Level 1:colcon.colcon_core.package_identification:_identify(src/custom_msgs) by extension 'ignore_ament_install'
[0.693s] Level 1:colcon.colcon_core.package_identification:_identify(src/custom_msgs) by extensions ['colcon_pkg']
[0.693s] Level 1:colcon.colcon_core.package_identification:_identify(src/custom_msgs) by extension 'colcon_pkg'
[0.693s] Level 1:colcon.colcon_core.package_identification:_identify(src/custom_msgs) by extensions ['colcon_meta']
[0.693s] Level 1:colcon.colcon_core.package_identification:_identify(src/custom_msgs) by extension 'colcon_meta'
[0.693s] Level 1:colcon.colcon_core.package_identification:_identify(src/custom_msgs) by extensions ['ros']
[0.694s] Level 1:colcon.colcon_core.package_identification:_identify(src/custom_msgs) by extension 'ros'
[0.696s] DEBUG:colcon.colcon_core.package_identification:Package 'src/custom_msgs' with type 'ros.ament_cmake' and name 'custom_msgs'
[0.697s] Level 1:colcon.colcon_core.package_identification:_identify(src/marble_pkg) by extensions ['ignore', 'ignore_ament_install']
[0.697s] Level 1:colcon.colcon_core.package_identification:_identify(src/marble_pkg) by extension 'ignore'
[0.697s] Level 1:colcon.colcon_core.package_identification:_identify(src/marble_pkg) by extension 'ignore_ament_install'
[0.697s] Level 1:colcon.colcon_core.package_identification:_identify(src/marble_pkg) by extensions ['colcon_pkg']
[0.697s] Level 1:colcon.colcon_core.package_identification:_identify(src/marble_pkg) by extension 'colcon_pkg'
[0.697s] Level 1:colcon.colcon_core.package_identification:_identify(src/marble_pkg) by extensions ['colcon_meta']
[0.697s] Level 1:colcon.colcon_core.package_identification:_identify(src/marble_pkg) by extension 'colcon_meta'
[0.697s] Level 1:colcon.colcon_core.package_identification:_identify(src/marble_pkg) by extensions ['ros']
[0.697s] Level 1:colcon.colcon_core.package_identification:_identify(src/marble_pkg) by extension 'ros'
[0.698s] DEBUG:colcon.colcon_core.package_identification:Package 'src/marble_pkg' with type 'ros.ament_python' and name 'marble_pkg'
[0.698s] Level 1:colcon.colcon_core.package_identification:_identify(src/surfacing_script) by extensions ['ignore', 'ignore_ament_install']
[0.698s] Level 1:colcon.colcon_core.package_identification:_identify(src/surfacing_script) by extension 'ignore'
[0.698s] Level 1:colcon.colcon_core.package_identification:_identify(src/surfacing_script) by extension 'ignore_ament_install'
[0.698s] Level 1:colcon.colcon_core.package_identification:_identify(src/surfacing_script) by extensions ['colcon_pkg']
[0.698s] Level 1:colcon.colcon_core.package_identification:_identify(src/surfacing_script) by extension 'colcon_pkg'
[0.699s] Level 1:colcon.colcon_core.package_identification:_identify(src/surfacing_script) by extensions ['colcon_meta']
[0.699s] Level 1:colcon.colcon_core.package_identification:_identify(src/surfacing_script) by extension 'colcon_meta'
[0.699s] Level 1:colcon.colcon_core.package_identification:_identify(src/surfacing_script) by extensions ['ros']
[0.699s] Level 1:colcon.colcon_core.package_identification:_identify(src/surfacing_script) by extension 'ros'
[0.699s] DEBUG:colcon.colcon_core.package_identification:Package 'src/surfacing_script' with type 'ros.ament_python' and name 'surfacing_script'
[0.699s] Level 1:colcon.colcon_core.package_discovery:discover_packages(recursive) using defaults
[0.700s] Level 1:colcon.colcon_core.package_discovery:discover_packages(ignore) discover
[0.700s] Level 1:colcon.colcon_core.package_discovery:discover_packages(ignore) using defaults
[0.700s] Level 1:colcon.colcon_core.package_discovery:discover_packages(path) discover
[0.700s] Level 1:colcon.colcon_core.package_discovery:discover_packages(path) using defaults
[0.734s] Level 1:colcon.colcon_core.package_discovery:discover_packages(prefix_path) check parameters
[0.734s] Level 1:colcon.colcon_core.package_discovery:discover_packages(prefix_path) discover
[0.736s] WARNING:colcon.colcon_core.prefix_path.colcon:The path '/home/strongy/MARBLE-Hackathon-Foke/marble_comms/install' in the environment variable COLCON_PREFIX_PATH doesn't exist
[0.736s] WARNING:colcon.colcon_core.prefix_path.colcon:The path '/home/strongy/MARBLE-Hackathon-Foke/marble_fOKe/install' in the environment variable COLCON_PREFIX_PATH doesn't exist
[0.736s] WARNING:colcon.colcon_ros.prefix_path.ament:The path '/home/strongy/MARBLE-Hackathon-Foke/marble_fOKe/install/surfacing_script' in the environment variable AMENT_PREFIX_PATH doesn't exist
[0.736s] WARNING:colcon.colcon_ros.prefix_path.ament:The path '/home/strongy/MARBLE-Hackathon-Foke/marble_fOKe/install/marble_pkg' in the environment variable AMENT_PREFIX_PATH doesn't exist
[0.736s] WARNING:colcon.colcon_ros.prefix_path.ament:The path '/home/strongy/MARBLE-Hackathon-Foke/marble_fOKe/install/comm_pkg' in the environment variable AMENT_PREFIX_PATH doesn't exist
[0.737s] WARNING:colcon.colcon_ros.prefix_path.ament:The path '/home/strongy/MARBLE-Hackathon-Foke/marble_fOKe/install/comms_package' in the environment variable AMENT_PREFIX_PATH doesn't exist
[0.737s] WARNING:colcon.colcon_ros.prefix_path.ament:The path '/home/strongy/MARBLE-Hackathon-Foke/marble_comms/install/surfacing_script' in the environment variable AMENT_PREFIX_PATH doesn't exist
[0.737s] WARNING:colcon.colcon_ros.prefix_path.ament:The path '/home/strongy/MARBLE-Hackathon-Foke/marble_comms/install/marble_pkg' in the environment variable AMENT_PREFIX_PATH doesn't exist
[0.737s] WARNING:colcon.colcon_ros.prefix_path.ament:The path '/home/strongy/MARBLE-Hackathon-Foke/marble_comms/install/comm_pkg' in the environment variable AMENT_PREFIX_PATH doesn't exist
[0.737s] WARNING:colcon.colcon_ros.prefix_path.ament:The path '/home/strongy/MARBLE-Hackathon-Foke/marble_comms/install/custom_msgs' in the environment variable AMENT_PREFIX_PATH doesn't exist
[0.737s] WARNING:colcon.colcon_ros.prefix_path.ament:The path '/home/strongy/MARBLE-Hackathon-Foke/marble_comms/install/comms_package' in the environment variable AMENT_PREFIX_PATH doesn't exist
[0.737s] WARNING:colcon.colcon_ros.prefix_path.catkin:The path '/home/strongy/MARBLE-Hackathon-Foke/marble_fOKe/install/custom_msgs' in the environment variable CMAKE_PREFIX_PATH doesn't exist
[0.738s] WARNING:colcon.colcon_ros.prefix_path.catkin:The path '/home/strongy/MARBLE-Hackathon-Foke/marble_comms/install/custom_msgs' in the environment variable CMAKE_PREFIX_PATH doesn't exist
[0.740s] DEBUG:colcon.colcon_installed_package_information.package_discovery:Found 4 installed packages in /home/strongy/MARBLE-Hackathon-Foke/marble_fOKe_ws/install
[0.744s] DEBUG:colcon.colcon_installed_package_information.package_discovery:Found 270 installed packages in /opt/ros/humble
[0.747s] Level 1:colcon.colcon_core.package_discovery:discover_packages(prefix_path) using defaults
[0.834s] Level 5:colcon.colcon_core.verb:set package 'custom_msgs' build argument 'cmake_args' from command line to 'None'
[0.834s] Level 5:colcon.colcon_core.verb:set package 'custom_msgs' build argument 'cmake_target' from command line to 'None'
[0.834s] Level 5:colcon.colcon_core.verb:set package 'custom_msgs' build argument 'cmake_target_skip_unavailable' from command line to 'False'
[0.834s] Level 5:colcon.colcon_core.verb:set package 'custom_msgs' build argument 'cmake_clean_cache' from command line to 'False'
[0.834s] Level 5:colcon.colcon_core.verb:set package 'custom_msgs' build argument 'cmake_clean_first' from command line to 'False'
[0.834s] Level 5:colcon.colcon_core.verb:set package 'custom_msgs' build argument 'cmake_force_configure' from command line to 'False'
[0.834s] Level 5:colcon.colcon_core.verb:set package 'custom_msgs' build argument 'ament_cmake_args' from command line to 'None'
[0.834s] Level 5:colcon.colcon_core.verb:set package 'custom_msgs' build argument 'catkin_cmake_args' from command line to 'None'
[0.834s] Level 5:colcon.colcon_core.verb:set package 'custom_msgs' build argument 'catkin_skip_building_tests' from command line to 'False'
[0.835s] DEBUG:colcon.colcon_core.verb:Building package 'custom_msgs' with the following arguments: {'ament_cmake_args': None, 'build_base': '/home/strongy/MARBLE-Hackathon-Foke/marble_fOKe_ws/build/custom_msgs', 'catkin_cmake_args': None, 'catkin_skip_building_tests': False, 'cmake_args': None, 'cmake_clean_cache': False, 'cmake_clean_first': False, 'cmake_force_configure': False, 'cmake_target': None, 'cmake_target_skip_unavailable': False, 'install_base': '/home/strongy/MARBLE-Hackathon-Foke/marble_fOKe_ws/install/custom_msgs', 'merge_install': False, 'path': '/home/strongy/MARBLE-Hackathon-Foke/marble_fOKe_ws/src/custom_msgs', 'symlink_install': True, 'test_result_base': None}
[0.836s] Level 5:colcon.colcon_core.verb:set package 'marble_pkg' build argument 'cmake_args' from command line to 'None'
[0.836s] Level 5:colcon.colcon_core.verb:set package 'marble_pkg' build argument 'cmake_target' from command line to 'None'
[0.836s] Level 5:colcon.colcon_core.verb:set package 'marble_pkg' build argument 'cmake_target_skip_unavailable' from command line to 'False'
[0.836s] Level 5:colcon.colcon_core.verb:set package 'marble_pkg' build argument 'cmake_clean_cache' from command line to 'False'
[0.836s] Level 5:colcon.colcon_core.verb:set package 'marble_pkg' build argument 'cmake_clean_first' from command line to 'False'
[0.836s] Level 5:colcon.colcon_core.verb:set package 'marble_pkg' build argument 'cmake_force_configure' from command line to 'False'
[0.836s] Level 5:colcon.colcon_core.verb:set package 'marble_pkg' build argument 'ament_cmake_args' from command line to 'None'
[0.836s] Level 5:colcon.colcon_core.verb:set package 'marble_pkg' build argument 'catkin_cmake_args' from command line to 'None'
[0.836s] Level 5:colcon.colcon_core.verb:set package 'marble_pkg' build argument 'catkin_skip_building_tests' from command line to 'False'
[0.837s] DEBUG:colcon.colcon_core.verb:Building package 'marble_pkg' with the following arguments: {'ament_cmake_args': None, 'build_base': '/home/strongy/MARBLE-Hackathon-Foke/marble_fOKe_ws/build/marble_pkg', 'catkin_cmake_args': None, 'catkin_skip_building_tests': False, 'cmake_args': None, 'cmake_clean_cache': False, 'cmake_clean_first': False, 'cmake_force_configure': False, 'cmake_target': None, 'cmake_target_skip_unavailable': False, 'install_base': '/home/strongy/MARBLE-Hackathon-Foke/marble_fOKe_ws/install/marble_pkg', 'merge_install': False, 'path': '/home/strongy/MARBLE-Hackathon-Foke/marble_fOKe_ws/src/marble_pkg', 'symlink_install': True, 'test_result_base': None}
[0.838s] Level 5:colcon.colcon_core.verb:set package 'comm_pkg' build argument 'cmake_args' from command line to 'None'
[0.838s] Level 5:colcon.colcon_core.verb:set package 'comm_pkg' build argument 'cmake_target' from command line to 'None'
[0.838s] Level 5:colcon.colcon_core.verb:set package 'comm_pkg' build argument 'cmake_target_skip_unavailable' from command line to 'False'
[0.838s] Level 5:colcon.colcon_core.verb:set package 'comm_pkg' build argument 'cmake_clean_cache' from command line to 'False'
[0.838s] Level 5:colcon.colcon_core.verb:set package 'comm_pkg' build argument 'cmake_clean_first' from command line to 'False'
[0.838s] Level 5:colcon.colcon_core.verb:set package 'comm_pkg' build argument 'cmake_force_configure' from command line to 'False'
[0.838s] Level 5:colcon.colcon_core.verb:set package 'comm_pkg' build argument 'ament_cmake_args' from command line to 'None'
[0.838s] Level 5:colcon.colcon_core.verb:set package 'comm_pkg' build argument 'catkin_cmake_args' from command line to 'None'
[0.838s] Level 5:colcon.colcon_core.verb:set package 'comm_pkg' build argument 'catkin_skip_building_tests' from command line to 'False'
[0.839s] DEBUG:colcon.colcon_core.verb:Building package 'comm_pkg' with the following arguments: {'ament_cmake_args': None, 'build_base': '/home/strongy/MARBLE-Hackathon-Foke/marble_fOKe_ws/build/comm_pkg', 'catkin_cmake_args': None, 'catkin_skip_building_tests': False, 'cmake_args': None, 'cmake_clean_cache': False, 'cmake_clean_first': False, 'cmake_force_configure': False, 'cmake_target': None, 'cmake_target_skip_unavailable': False, 'install_base': '/home/strongy/MARBLE-Hackathon-Foke/marble_fOKe_ws/install/comm_pkg', 'merge_install': False, 'path': '/home/strongy/MARBLE-Hackathon-Foke/marble_fOKe_ws/src/comm_pkg', 'symlink_install': True, 'test_result_base': None}
[0.840s] Level 5:colcon.colcon_core.verb:set package 'surfacing_script' build argument 'cmake_args' from command line to 'None'
[0.841s] Level 5:colcon.colcon_core.verb:set package 'surfacing_script' build argument 'cmake_target' from command line to 'None'
[0.841s] Level 5:colcon.colcon_core.verb:set package 'surfacing_script' build argument 'cmake_target_skip_unavailable' from command line to 'False'
[0.841s] Level 5:colcon.colcon_core.verb:set package 'surfacing_script' build argument 'cmake_clean_cache' from command line to 'False'
[0.841s] Level 5:colcon.colcon_core.verb:set package 'surfacing_script' build argument 'cmake_clean_first' from command line to 'False'
[0.841s] Level 5:colcon.colcon_core.verb:set package 'surfacing_script' build argument 'cmake_force_configure' from command line to 'False'
[0.841s] Level 5:colcon.colcon_core.verb:set package 'surfacing_script' build argument 'ament_cmake_args' from command line to 'None'
[0.841s] Level 5:colcon.colcon_core.verb:set package 'surfacing_script' build argument 'catkin_cmake_args' from command line to 'None'
[0.841s] Level 5:colcon.colcon_core.verb:set package 'surfacing_script' build argument 'catkin_skip_building_tests' from command line to 'False'
[0.841s] DEBUG:colcon.colcon_core.verb:Building package 'surfacing_script' with the following arguments: {'ament_cmake_args': None, 'build_base': '/home/strongy/MARBLE-Hackathon-Foke/marble_fOKe_ws/build/surfacing_script', 'catkin_cmake_args': None, 'catkin_skip_building_tests': False, 'cmake_args': None, 'cmake_clean_cache': False, 'cmake_clean_first': False, 'cmake_force_configure': False, 'cmake_target': None, 'cmake_target_skip_unavailable': False, 'install_base': '/home/strongy/MARBLE-Hackathon-Foke/marble_fOKe_ws/install/surfacing_script', 'merge_install': False, 'path': '/home/strongy/MARBLE-Hackathon-Foke/marble_fOKe_ws/src/surfacing_script', 'symlink_install': True, 'test_result_base': None}
[0.842s] INFO:colcon.colcon_core.executor:Executing jobs using 'parallel' executor
[0.848s] DEBUG:colcon.colcon_parallel_executor.executor.parallel:run_until_complete
[0.849s] INFO:colcon.colcon_ros.task.ament_cmake.build:Building ROS package in '/home/strongy/MARBLE-Hackathon-Foke/marble_fOKe_ws/src/custom_msgs' with build type 'ament_cmake'
[0.849s] INFO:colcon.colcon_cmake.task.cmake.build:Building CMake package in '/home/strongy/MARBLE-Hackathon-Foke/marble_fOKe_ws/src/custom_msgs'
[0.856s] INFO:colcon.colcon_core.plugin_system:Skipping extension 'colcon_core.shell.bat': Not used on non-Windows systems
[0.856s] INFO:colcon.colcon_core.shell:Skip shell extension 'powershell' for command environment: Not usable outside of PowerShell
[0.856s] DEBUG:colcon.colcon_core.shell:Skip shell extension 'dsv' for command environment
[0.864s] INFO:colcon.colcon_ros.task.ament_python.build:Building ROS package in '/home/strongy/MARBLE-Hackathon-Foke/marble_fOKe_ws/src/marble_pkg' with build type 'ament_python'
[0.864s] Level 1:colcon.colcon_core.shell:create_environment_hook('marble_pkg', 'ament_prefix_path')
[0.866s] INFO:colcon.colcon_core.shell:Creating environment hook '/home/strongy/MARBLE-Hackathon-Foke/marble_fOKe_ws/install/marble_pkg/share/marble_pkg/hook/ament_prefix_path.ps1'
[0.867s] INFO:colcon.colcon_core.shell:Creating environment descriptor '/home/strongy/MARBLE-Hackathon-Foke/marble_fOKe_ws/install/marble_pkg/share/marble_pkg/hook/ament_prefix_path.dsv'
[0.868s] INFO:colcon.colcon_core.shell:Creating environment hook '/home/strongy/MARBLE-Hackathon-Foke/marble_fOKe_ws/install/marble_pkg/share/marble_pkg/hook/ament_prefix_path.sh'
[0.870s] INFO:colcon.colcon_core.shell:Skip shell extension 'powershell' for command environment: Not usable outside of PowerShell
[0.870s] DEBUG:colcon.colcon_core.shell:Skip shell extension 'dsv' for command environment
[0.896s] DEBUG:colcon.colcon_core.event_handler.log_command:Invoking command in '/home/strongy/MARBLE-Hackathon-Foke/marble_fOKe_ws/build/custom_msgs': CMAKE_PREFIX_PATH=${CMAKE_PREFIX_PATH}:/home/strongy/MARBLE-Hackathon-Foke/marble_fOKe_ws/install/surfacing_script:/home/strongy/MARBLE-Hackathon-Foke/marble_fOKe_ws/install/marble_pkg:/home/strongy/MARBLE-Hackathon-Foke/marble_fOKe_ws/install/comm_pkg:/home/strongy/MARBLE-Hackathon-Foke/marble_fOKe/install/surfacing_script:/home/strongy/MARBLE-Hackathon-Foke/marble_fOKe/install/marble_pkg:/home/strongy/MARBLE-Hackathon-Foke/marble_fOKe/install/comm_pkg:/home/strongy/MARBLE-Hackathon-Foke/marble_fOKe/install/comms_package:/home/strongy/MARBLE-Hackathon-Foke/marble_comms/install/surfacing_script:/home/strongy/MARBLE-Hackathon-Foke/marble_comms/install/marble_pkg:/home/strongy/MARBLE-Hackathon-Foke/marble_comms/install/comm_pkg:/home/strongy/MARBLE-Hackathon-Foke/marble_comms/install/comms_package:/opt/ros/humble /usr/bin/cmake --build /home/strongy/MARBLE-Hackathon-Foke/marble_fOKe_ws/build/custom_msgs -- -j8 -l8
[1.717s] INFO:colcon.colcon_core.task.python.build:Building Python package in '/home/strongy/MARBLE-Hackathon-Foke/marble_fOKe_ws/src/marble_pkg'
[1.719s] INFO:colcon.colcon_core.shell:Skip shell extension 'powershell' for command environment: Not usable outside of PowerShell
[1.719s] DEBUG:colcon.colcon_core.shell:Skip shell extension 'dsv' for command environment
[1.852s] DEBUG:colcon.colcon_core.event_handler.log_command:Invoked command in '/home/strongy/MARBLE-Hackathon-Foke/marble_fOKe_ws/build/custom_msgs' returned '0': CMAKE_PREFIX_PATH=${CMAKE_PREFIX_PATH}:/home/strongy/MARBLE-Hackathon-Foke/marble_fOKe_ws/install/surfacing_script:/home/strongy/MARBLE-Hackathon-Foke/marble_fOKe_ws/install/marble_pkg:/home/strongy/MARBLE-Hackathon-Foke/marble_fOKe_ws/install/comm_pkg:/home/strongy/MARBLE-Hackathon-Foke/marble_fOKe/install/surfacing_script:/home/strongy/MARBLE-Hackathon-Foke/marble_fOKe/install/marble_pkg:/home/strongy/MARBLE-Hackathon-Foke/marble_fOKe/install/comm_pkg:/home/strongy/MARBLE-Hackathon-Foke/marble_fOKe/install/comms_package:/home/strongy/MARBLE-Hackathon-Foke/marble_comms/install/surfacing_script:/home/strongy/MARBLE-Hackathon-Foke/marble_comms/install/marble_pkg:/home/strongy/MARBLE-Hackathon-Foke/marble_comms/install/comm_pkg:/home/strongy/MARBLE-Hackathon-Foke/marble_comms/install/comms_package:/opt/ros/humble /usr/bin/cmake --build /home/strongy/MARBLE-Hackathon-Foke/marble_fOKe_ws/build/custom_msgs -- -j8 -l8
[1.987s] DEBUG:colcon.colcon_core.event_handler.log_command:Invoking command in '/home/strongy/MARBLE-Hackathon-Foke/marble_fOKe_ws/build/custom_msgs': CMAKE_PREFIX_PATH=${CMAKE_PREFIX_PATH}:/home/strongy/MARBLE-Hackathon-Foke/marble_fOKe_ws/install/surfacing_script:/home/strongy/MARBLE-Hackathon-Foke/marble_fOKe_ws/install/marble_pkg:/home/strongy/MARBLE-Hackathon-Foke/marble_fOKe_ws/install/comm_pkg:/home/strongy/MARBLE-Hackathon-Foke/marble_fOKe/install/surfacing_script:/home/strongy/MARBLE-Hackathon-Foke/marble_fOKe/install/marble_pkg:/home/strongy/MARBLE-Hackathon-Foke/marble_fOKe/install/comm_pkg:/home/strongy/MARBLE-Hackathon-Foke/marble_fOKe/install/comms_package:/home/strongy/MARBLE-Hackathon-Foke/marble_comms/install/surfacing_script:/home/strongy/MARBLE-Hackathon-Foke/marble_comms/install/marble_pkg:/home/strongy/MARBLE-Hackathon-Foke/marble_comms/install/comm_pkg:/home/strongy/MARBLE-Hackathon-Foke/marble_comms/install/comms_package:/opt/ros/humble /usr/bin/cmake --install /home/strongy/MARBLE-Hackathon-Foke/marble_fOKe_ws/build/custom_msgs
[2.172s] Level 1:colcon.colcon_core.environment:create_environment_scripts_only(custom_msgs)
[2.173s] DEBUG:colcon.colcon_core.event_handler.log_command:Invoked command in '/home/strongy/MARBLE-Hackathon-Foke/marble_fOKe_ws/build/custom_msgs' returned '0': CMAKE_PREFIX_PATH=${CMAKE_PREFIX_PATH}:/home/strongy/MARBLE-Hackathon-Foke/marble_fOKe_ws/install/surfacing_script:/home/strongy/MARBLE-Hackathon-Foke/marble_fOKe_ws/install/marble_pkg:/home/strongy/MARBLE-Hackathon-Foke/marble_fOKe_ws/install/comm_pkg:/home/strongy/MARBLE-Hackathon-Foke/marble_fOKe/install/surfacing_script:/home/strongy/MARBLE-Hackathon-Foke/marble_fOKe/install/marble_pkg:/home/strongy/MARBLE-Hackathon-Foke/marble_fOKe/install/comm_pkg:/home/strongy/MARBLE-Hackathon-Foke/marble_fOKe/install/comms_package:/home/strongy/MARBLE-Hackathon-Foke/marble_comms/install/surfacing_script:/home/strongy/MARBLE-Hackathon-Foke/marble_comms/install/marble_pkg:/home/strongy/MARBLE-Hackathon-Foke/marble_comms/install/comm_pkg:/home/strongy/MARBLE-Hackathon-Foke/marble_comms/install/comms_package:/opt/ros/humble /usr/bin/cmake --install /home/strongy/MARBLE-Hackathon-Foke/marble_fOKe_ws/build/custom_msgs
[2.182s] Level 1:colcon.colcon_core.environment:checking '/home/strongy/MARBLE-Hackathon-Foke/marble_fOKe_ws/install/custom_msgs' for CMake module files
[2.183s] Level 1:colcon.colcon_core.environment:checking '/home/strongy/MARBLE-Hackathon-Foke/marble_fOKe_ws/install/custom_msgs' for CMake config files
[2.184s] Level 1:colcon.colcon_core.shell:create_environment_hook('custom_msgs', 'cmake_prefix_path')
[2.186s] INFO:colcon.colcon_core.shell:Creating environment hook '/home/strongy/MARBLE-Hackathon-Foke/marble_fOKe_ws/install/custom_msgs/share/custom_msgs/hook/cmake_prefix_path.ps1'
[2.186s] INFO:colcon.colcon_core.shell:Creating environment descriptor '/home/strongy/MARBLE-Hackathon-Foke/marble_fOKe_ws/install/custom_msgs/share/custom_msgs/hook/cmake_prefix_path.dsv'
[2.187s] INFO:colcon.colcon_core.shell:Creating environment hook '/home/strongy/MARBLE-Hackathon-Foke/marble_fOKe_ws/install/custom_msgs/share/custom_msgs/hook/cmake_prefix_path.sh'
[2.188s] Level 1:colcon.colcon_core.environment:checking '/home/strongy/MARBLE-Hackathon-Foke/marble_fOKe_ws/install/custom_msgs/lib'
[2.188s] Level 1:colcon.colcon_core.shell:create_environment_hook('custom_msgs', 'ld_library_path_lib')
[2.191s] INFO:colcon.colcon_core.shell:Creating environment hook '/home/strongy/MARBLE-Hackathon-Foke/marble_fOKe_ws/install/custom_msgs/share/custom_msgs/hook/ld_library_path_lib.ps1'
[2.191s] INFO:colcon.colcon_core.shell:Creating environment descriptor '/home/strongy/MARBLE-Hackathon-Foke/marble_fOKe_ws/install/custom_msgs/share/custom_msgs/hook/ld_library_path_lib.dsv'
[2.192s] INFO:colcon.colcon_core.shell:Creating environment hook '/home/strongy/MARBLE-Hackathon-Foke/marble_fOKe_ws/install/custom_msgs/share/custom_msgs/hook/ld_library_path_lib.sh'
[2.193s] Level 1:colcon.colcon_core.environment:checking '/home/strongy/MARBLE-Hackathon-Foke/marble_fOKe_ws/install/custom_msgs/bin'
[2.193s] Level 1:colcon.colcon_core.environment:checking '/home/strongy/MARBLE-Hackathon-Foke/marble_fOKe_ws/install/custom_msgs/lib/pkgconfig/custom_msgs.pc'
[2.193s] Level 1:colcon.colcon_core.environment:checking '/home/strongy/MARBLE-Hackathon-Foke/marble_fOKe_ws/install/custom_msgs/lib/python3.10/site-packages'
[2.194s] Level 1:colcon.colcon_core.environment:checking '/home/strongy/MARBLE-Hackathon-Foke/marble_fOKe_ws/install/custom_msgs/bin'
[2.196s] INFO:colcon.colcon_core.shell:Creating package script '/home/strongy/MARBLE-Hackathon-Foke/marble_fOKe_ws/install/custom_msgs/share/custom_msgs/package.ps1'
[2.197s] INFO:colcon.colcon_core.shell:Creating package descriptor '/home/strongy/MARBLE-Hackathon-Foke/marble_fOKe_ws/install/custom_msgs/share/custom_msgs/package.dsv'
[2.198s] INFO:colcon.colcon_core.shell:Creating package script '/home/strongy/MARBLE-Hackathon-Foke/marble_fOKe_ws/install/custom_msgs/share/custom_msgs/package.sh'
[2.199s] INFO:colcon.colcon_core.shell:Creating package script '/home/strongy/MARBLE-Hackathon-Foke/marble_fOKe_ws/install/custom_msgs/share/custom_msgs/package.bash'
[2.199s] INFO:colcon.colcon_core.shell:Creating package script '/home/strongy/MARBLE-Hackathon-Foke/marble_fOKe_ws/install/custom_msgs/share/custom_msgs/package.zsh'
[2.200s] Level 1:colcon.colcon_core.environment:create_file_with_runtime_dependencies(/home/strongy/MARBLE-Hackathon-Foke/marble_fOKe_ws/install/custom_msgs/share/colcon-core/packages/custom_msgs)
[2.326s] Level 1:colcon.colcon_core.environment:create_environment_scripts_only(custom_msgs)
[2.329s] Level 1:colcon.colcon_core.environment:checking '/home/strongy/MARBLE-Hackathon-Foke/marble_fOKe_ws/install/custom_msgs' for CMake module files
[2.331s] Level 1:colcon.colcon_core.environment:checking '/home/strongy/MARBLE-Hackathon-Foke/marble_fOKe_ws/install/custom_msgs' for CMake config files
[2.331s] Level 1:colcon.colcon_core.shell:create_environment_hook('custom_msgs', 'cmake_prefix_path')
[2.333s] INFO:colcon.colcon_core.shell:Creating environment hook '/home/strongy/MARBLE-Hackathon-Foke/marble_fOKe_ws/install/custom_msgs/share/custom_msgs/hook/cmake_prefix_path.ps1'
[2.334s] INFO:colcon.colcon_core.shell:Creating environment descriptor '/home/strongy/MARBLE-Hackathon-Foke/marble_fOKe_ws/install/custom_msgs/share/custom_msgs/hook/cmake_prefix_path.dsv'
[2.334s] INFO:colcon.colcon_core.shell:Creating environment hook '/home/strongy/MARBLE-Hackathon-Foke/marble_fOKe_ws/install/custom_msgs/share/custom_msgs/hook/cmake_prefix_path.sh'
[2.335s] Level 1:colcon.colcon_core.environment:checking '/home/strongy/MARBLE-Hackathon-Foke/marble_fOKe_ws/install/custom_msgs/lib'
[2.335s] Level 1:colcon.colcon_core.shell:create_environment_hook('custom_msgs', 'ld_library_path_lib')
[2.337s] INFO:colcon.colcon_core.shell:Creating environment hook '/home/strongy/MARBLE-Hackathon-Foke/marble_fOKe_ws/install/custom_msgs/share/custom_msgs/hook/ld_library_path_lib.ps1'
[2.338s] INFO:colcon.colcon_core.shell:Creating environment descriptor '/home/strongy/MARBLE-Hackathon-Foke/marble_fOKe_ws/install/custom_msgs/share/custom_msgs/hook/ld_library_path_lib.dsv'
[2.338s] INFO:colcon.colcon_core.shell:Creating environment hook '/home/strongy/MARBLE-Hackathon-Foke/marble_fOKe_ws/install/custom_msgs/share/custom_msgs/hook/ld_library_path_lib.sh'
[2.339s] Level 1:colcon.colcon_core.environment:checking '/home/strongy/MARBLE-Hackathon-Foke/marble_fOKe_ws/install/custom_msgs/bin'
[2.339s] Level 1:colcon.colcon_core.environment:checking '/home/strongy/MARBLE-Hackathon-Foke/marble_fOKe_ws/install/custom_msgs/lib/pkgconfig/custom_msgs.pc'
[2.339s] Level 1:colcon.colcon_core.environment:checking '/home/strongy/MARBLE-Hackathon-Foke/marble_fOKe_ws/install/custom_msgs/lib/python3.10/site-packages'
[2.339s] Level 1:colcon.colcon_core.environment:checking '/home/strongy/MARBLE-Hackathon-Foke/marble_fOKe_ws/install/custom_msgs/bin'
[2.342s] INFO:colcon.colcon_core.shell:Creating package script '/home/strongy/MARBLE-Hackathon-Foke/marble_fOKe_ws/install/custom_msgs/share/custom_msgs/package.ps1'
[2.343s] INFO:colcon.colcon_core.shell:Creating package descriptor '/home/strongy/MARBLE-Hackathon-Foke/marble_fOKe_ws/install/custom_msgs/share/custom_msgs/package.dsv'
[2.344s] INFO:colcon.colcon_core.shell:Creating package script '/home/strongy/MARBLE-Hackathon-Foke/marble_fOKe_ws/install/custom_msgs/share/custom_msgs/package.sh'
[2.345s] INFO:colcon.colcon_core.shell:Creating package script '/home/strongy/MARBLE-Hackathon-Foke/marble_fOKe_ws/install/custom_msgs/share/custom_msgs/package.bash'
[2.345s] INFO:colcon.colcon_core.shell:Creating package script '/home/strongy/MARBLE-Hackathon-Foke/marble_fOKe_ws/install/custom_msgs/share/custom_msgs/package.zsh'
[2.346s] Level 1:colcon.colcon_core.environment:create_file_with_runtime_dependencies(/home/strongy/MARBLE-Hackathon-Foke/marble_fOKe_ws/install/custom_msgs/share/colcon-core/packages/custom_msgs)
[2.346s] INFO:colcon.colcon_ros.task.ament_python.build:Building ROS package in '/home/strongy/MARBLE-Hackathon-Foke/marble_fOKe_ws/src/comm_pkg' with build type 'ament_python'
[2.347s] Level 1:colcon.colcon_core.shell:create_environment_hook('comm_pkg', 'ament_prefix_path')
[2.349s] INFO:colcon.colcon_core.shell:Creating environment hook '/home/strongy/MARBLE-Hackathon-Foke/marble_fOKe_ws/install/comm_pkg/share/comm_pkg/hook/ament_prefix_path.ps1'
[2.350s] INFO:colcon.colcon_core.shell:Creating environment descriptor '/home/strongy/MARBLE-Hackathon-Foke/marble_fOKe_ws/install/comm_pkg/share/comm_pkg/hook/ament_prefix_path.dsv'
[2.351s] INFO:colcon.colcon_core.shell:Creating environment hook '/home/strongy/MARBLE-Hackathon-Foke/marble_fOKe_ws/install/comm_pkg/share/comm_pkg/hook/ament_prefix_path.sh'
[2.354s] INFO:colcon.colcon_core.shell:Skip shell extension 'powershell' for command environment: Not usable outside of PowerShell
[2.354s] DEBUG:colcon.colcon_core.shell:Skip shell extension 'dsv' for command environment
[2.363s] INFO:colcon.colcon_ros.task.ament_python.build:Building ROS package in '/home/strongy/MARBLE-Hackathon-Foke/marble_fOKe_ws/src/surfacing_script' with build type 'ament_python'
[2.364s] Level 1:colcon.colcon_core.shell:create_environment_hook('surfacing_script', 'ament_prefix_path')
[2.367s] INFO:colcon.colcon_core.shell:Creating environment hook '/home/strongy/MARBLE-Hackathon-Foke/marble_fOKe_ws/install/surfacing_script/share/surfacing_script/hook/ament_prefix_path.ps1'
[2.369s] INFO:colcon.colcon_core.shell:Creating environment descriptor '/home/strongy/MARBLE-Hackathon-Foke/marble_fOKe_ws/install/surfacing_script/share/surfacing_script/hook/ament_prefix_path.dsv'
[2.370s] INFO:colcon.colcon_core.shell:Creating environment hook '/home/strongy/MARBLE-Hackathon-Foke/marble_fOKe_ws/install/surfacing_script/share/surfacing_script/hook/ament_prefix_path.sh'
[2.376s] INFO:colcon.colcon_core.shell:Skip shell extension 'powershell' for command environment: Not usable outside of PowerShell
[2.376s] DEBUG:colcon.colcon_core.shell:Skip shell extension 'dsv' for command environment
[2.413s] DEBUG:colcon.colcon_core.event_handler.log_command:Invoking command in '/home/strongy/MARBLE-Hackathon-Foke/marble_fOKe_ws/build/marble_pkg': PYTHONPATH=/home/strongy/MARBLE-Hackathon-Foke/marble_fOKe_ws/build/marble_pkg/prefix_override:/home/strongy/MARBLE-Hackathon-Foke/marble_fOKe_ws/install/marble_pkg/lib/python3.10/site-packages:${PYTHONPATH} /usr/bin/python3 setup.py develop --editable --build-directory /home/strongy/MARBLE-Hackathon-Foke/marble_fOKe_ws/build/marble_pkg/build --no-deps install_data
[2.999s] INFO:colcon.colcon_core.task.python.build:Building Python package in '/home/strongy/MARBLE-Hackathon-Foke/marble_fOKe_ws/src/comm_pkg'
[3.001s] INFO:colcon.colcon_core.shell:Skip shell extension 'powershell' for command environment: Not usable outside of PowerShell
[3.001s] DEBUG:colcon.colcon_core.shell:Skip shell extension 'dsv' for command environment
[3.441s] INFO:colcon.colcon_core.task.python.build:Building Python package in '/home/strongy/MARBLE-Hackathon-Foke/marble_fOKe_ws/src/surfacing_script'
[3.444s] INFO:colcon.colcon_core.shell:Skip shell extension 'powershell' for command environment: Not usable outside of PowerShell
[3.444s] DEBUG:colcon.colcon_core.shell:Skip shell extension 'dsv' for command environment
[3.454s] Level 1:colcon.colcon_core.shell:create_environment_hook('marble_pkg', 'pythonpath_develop')
[3.459s] INFO:colcon.colcon_core.shell:Creating environment hook '/home/strongy/MARBLE-Hackathon-Foke/marble_fOKe_ws/build/marble_pkg/share/marble_pkg/hook/pythonpath_develop.ps1'
[3.459s] DEBUG:colcon.colcon_core.event_handler.log_command:Invoked command in '/home/strongy/MARBLE-Hackathon-Foke/marble_fOKe_ws/build/marble_pkg' returned '0': PYTHONPATH=/home/strongy/MARBLE-Hackathon-Foke/marble_fOKe_ws/build/marble_pkg/prefix_override:/home/strongy/MARBLE-Hackathon-Foke/marble_fOKe_ws/install/marble_pkg/lib/python3.10/site-packages:${PYTHONPATH} /usr/bin/python3 setup.py develop --editable --build-directory /home/strongy/MARBLE-Hackathon-Foke/marble_fOKe_ws/build/marble_pkg/build --no-deps install_data
[3.461s] INFO:colcon.colcon_core.shell:Creating environment descriptor '/home/strongy/MARBLE-Hackathon-Foke/marble_fOKe_ws/build/marble_pkg/share/marble_pkg/hook/pythonpath_develop.dsv'
[3.462s] INFO:colcon.colcon_core.shell:Creating environment hook '/home/strongy/MARBLE-Hackathon-Foke/marble_fOKe_ws/build/marble_pkg/share/marble_pkg/hook/pythonpath_develop.sh'
[3.466s] Level 1:colcon.colcon_core.environment:checking '/home/strongy/MARBLE-Hackathon-Foke/marble_fOKe_ws/install/marble_pkg' for CMake module files
[3.467s] Level 1:colcon.colcon_core.environment:checking '/home/strongy/MARBLE-Hackathon-Foke/marble_fOKe_ws/install/marble_pkg' for CMake config files
[3.468s] Level 1:colcon.colcon_core.environment:checking '/home/strongy/MARBLE-Hackathon-Foke/marble_fOKe_ws/install/marble_pkg/lib'
[3.468s] Level 1:colcon.colcon_core.environment:checking '/home/strongy/MARBLE-Hackathon-Foke/marble_fOKe_ws/install/marble_pkg/bin'
[3.468s] Level 1:colcon.colcon_core.environment:checking '/home/strongy/MARBLE-Hackathon-Foke/marble_fOKe_ws/install/marble_pkg/lib/pkgconfig/marble_pkg.pc'
[3.469s] Level 1:colcon.colcon_core.environment:checking '/home/strongy/MARBLE-Hackathon-Foke/marble_fOKe_ws/install/marble_pkg/lib/python3.10/site-packages'
[3.469s] Level 1:colcon.colcon_core.shell:create_environment_hook('marble_pkg', 'pythonpath')
[3.473s] INFO:colcon.colcon_core.shell:Creating environment hook '/home/strongy/MARBLE-Hackathon-Foke/marble_fOKe_ws/install/marble_pkg/share/marble_pkg/hook/pythonpath.ps1'
[3.476s] INFO:colcon.colcon_core.shell:Creating environment descriptor '/home/strongy/MARBLE-Hackathon-Foke/marble_fOKe_ws/install/marble_pkg/share/marble_pkg/hook/pythonpath.dsv'
[3.478s] INFO:colcon.colcon_core.shell:Creating environment hook '/home/strongy/MARBLE-Hackathon-Foke/marble_fOKe_ws/install/marble_pkg/share/marble_pkg/hook/pythonpath.sh'
[3.480s] Level 1:colcon.colcon_core.environment:checking '/home/strongy/MARBLE-Hackathon-Foke/marble_fOKe_ws/install/marble_pkg/bin'
[3.480s] Level 1:colcon.colcon_core.environment:create_environment_scripts_only(marble_pkg)
[3.483s] INFO:colcon.colcon_core.shell:Creating package script '/home/strongy/MARBLE-Hackathon-Foke/marble_fOKe_ws/install/marble_pkg/share/marble_pkg/package.ps1'
[3.485s] INFO:colcon.colcon_core.shell:Creating package descriptor '/home/strongy/MARBLE-Hackathon-Foke/marble_fOKe_ws/install/marble_pkg/share/marble_pkg/package.dsv'
[3.485s] INFO:colcon.colcon_core.shell:Creating package script '/home/strongy/MARBLE-Hackathon-Foke/marble_fOKe_ws/install/marble_pkg/share/marble_pkg/package.sh'
[3.486s] INFO:colcon.colcon_core.shell:Creating package script '/home/strongy/MARBLE-Hackathon-Foke/marble_fOKe_ws/install/marble_pkg/share/marble_pkg/package.bash'
[3.487s] INFO:colcon.colcon_core.shell:Creating package script '/home/strongy/MARBLE-Hackathon-Foke/marble_fOKe_ws/install/marble_pkg/share/marble_pkg/package.zsh'
[3.487s] Level 1:colcon.colcon_core.environment:create_file_with_runtime_dependencies(/home/strongy/MARBLE-Hackathon-Foke/marble_fOKe_ws/install/marble_pkg/share/colcon-core/packages/marble_pkg)
[4.066s] DEBUG:colcon.colcon_core.event_handler.log_command:Invoking command in '/home/strongy/MARBLE-Hackathon-Foke/marble_fOKe_ws/build/comm_pkg': PYTHONPATH=/home/strongy/MARBLE-Hackathon-Foke/marble_fOKe_ws/build/comm_pkg/prefix_override:/home/strongy/MARBLE-Hackathon-Foke/marble_fOKe_ws/install/comm_pkg/lib/python3.10/site-packages:${PYTHONPATH} /usr/bin/python3 setup.py develop --editable --build-directory /home/strongy/MARBLE-Hackathon-Foke/marble_fOKe_ws/build/comm_pkg/build --no-deps install_data
[4.169s] DEBUG:colcon.colcon_core.event_handler.log_command:Invoking command in '/home/strongy/MARBLE-Hackathon-Foke/marble_fOKe_ws/build/surfacing_script': PYTHONPATH=/home/strongy/MARBLE-Hackathon-Foke/marble_fOKe_ws/build/surfacing_script/prefix_override:/home/strongy/MARBLE-Hackathon-Foke/marble_fOKe_ws/install/surfacing_script/lib/python3.10/site-packages:${PYTHONPATH} /usr/bin/python3 setup.py develop --editable --build-directory /home/strongy/MARBLE-Hackathon-Foke/marble_fOKe_ws/build/surfacing_script/build --no-deps install_data
[4.851s] Level 1:colcon.colcon_core.shell:create_environment_hook('comm_pkg', 'pythonpath_develop')
[4.854s] INFO:colcon.colcon_core.shell:Creating environment hook '/home/strongy/MARBLE-Hackathon-Foke/marble_fOKe_ws/build/comm_pkg/share/comm_pkg/hook/pythonpath_develop.ps1'
[4.854s] DEBUG:colcon.colcon_core.event_handler.log_command:Invoked command in '/home/strongy/MARBLE-Hackathon-Foke/marble_fOKe_ws/build/comm_pkg' returned '0': PYTHONPATH=/home/strongy/MARBLE-Hackathon-Foke/marble_fOKe_ws/build/comm_pkg/prefix_override:/home/strongy/MARBLE-Hackathon-Foke/marble_fOKe_ws/install/comm_pkg/lib/python3.10/site-packages:${PYTHONPATH} /usr/bin/python3 setup.py develop --editable --build-directory /home/strongy/MARBLE-Hackathon-Foke/marble_fOKe_ws/build/comm_pkg/build --no-deps install_data
[4.855s] INFO:colcon.colcon_core.shell:Creating environment descriptor '/home/strongy/MARBLE-Hackathon-Foke/marble_fOKe_ws/build/comm_pkg/share/comm_pkg/hook/pythonpath_develop.dsv'
[4.855s] INFO:colcon.colcon_core.shell:Creating environment hook '/home/strongy/MARBLE-Hackathon-Foke/marble_fOKe_ws/build/comm_pkg/share/comm_pkg/hook/pythonpath_develop.sh'
[4.859s] Level 1:colcon.colcon_core.environment:checking '/home/strongy/MARBLE-Hackathon-Foke/marble_fOKe_ws/install/comm_pkg' for CMake module files
[4.859s] Level 1:colcon.colcon_core.environment:checking '/home/strongy/MARBLE-Hackathon-Foke/marble_fOKe_ws/install/comm_pkg' for CMake config files
[4.860s] Level 1:colcon.colcon_core.environment:checking '/home/strongy/MARBLE-Hackathon-Foke/marble_fOKe_ws/install/comm_pkg/lib'
[4.860s] Level 1:colcon.colcon_core.environment:checking '/home/strongy/MARBLE-Hackathon-Foke/marble_fOKe_ws/install/comm_pkg/bin'
[4.860s] Level 1:colcon.colcon_core.environment:checking '/home/strongy/MARBLE-Hackathon-Foke/marble_fOKe_ws/install/comm_pkg/lib/pkgconfig/comm_pkg.pc'
[4.860s] Level 1:colcon.colcon_core.environment:checking '/home/strongy/MARBLE-Hackathon-Foke/marble_fOKe_ws/install/comm_pkg/lib/python3.10/site-packages'
[4.861s] Level 1:colcon.colcon_core.shell:create_environment_hook('comm_pkg', 'pythonpath')
[4.863s] INFO:colcon.colcon_core.shell:Creating environment hook '/home/strongy/MARBLE-Hackathon-Foke/marble_fOKe_ws/install/comm_pkg/share/comm_pkg/hook/pythonpath.ps1'
[4.864s] INFO:colcon.colcon_core.shell:Creating environment descriptor '/home/strongy/MARBLE-Hackathon-Foke/marble_fOKe_ws/install/comm_pkg/share/comm_pkg/hook/pythonpath.dsv'
[4.864s] INFO:colcon.colcon_core.shell:Creating environment hook '/home/strongy/MARBLE-Hackathon-Foke/marble_fOKe_ws/install/comm_pkg/share/comm_pkg/hook/pythonpath.sh'
[4.865s] Level 1:colcon.colcon_core.environment:checking '/home/strongy/MARBLE-Hackathon-Foke/marble_fOKe_ws/install/comm_pkg/bin'
[4.865s] Level 1:colcon.colcon_core.environment:create_environment_scripts_only(comm_pkg)
[4.867s] INFO:colcon.colcon_core.shell:Creating package script '/home/strongy/MARBLE-Hackathon-Foke/marble_fOKe_ws/install/comm_pkg/share/comm_pkg/package.ps1'
[4.868s] INFO:colcon.colcon_core.shell:Creating package descriptor '/home/strongy/MARBLE-Hackathon-Foke/marble_fOKe_ws/install/comm_pkg/share/comm_pkg/package.dsv'
[4.869s] INFO:colcon.colcon_core.shell:Creating package script '/home/strongy/MARBLE-Hackathon-Foke/marble_fOKe_ws/install/comm_pkg/share/comm_pkg/package.sh'
[4.869s] INFO:colcon.colcon_core.shell:Creating package script '/home/strongy/MARBLE-Hackathon-Foke/marble_fOKe_ws/install/comm_pkg/share/comm_pkg/package.bash'
[4.869s] INFO:colcon.colcon_core.shell:Creating package script '/home/strongy/MARBLE-Hackathon-Foke/marble_fOKe_ws/install/comm_pkg/share/comm_pkg/package.zsh'
[4.870s] Level 1:colcon.colcon_core.environment:create_file_with_runtime_dependencies(/home/strongy/MARBLE-Hackathon-Foke/marble_fOKe_ws/install/comm_pkg/share/colcon-core/packages/comm_pkg)
[4.959s] Level 1:colcon.colcon_core.shell:create_environment_hook('surfacing_script', 'pythonpath_develop')
[4.959s] DEBUG:colcon.colcon_core.event_handler.log_command:Invoked command in '/home/strongy/MARBLE-Hackathon-Foke/marble_fOKe_ws/build/surfacing_script' returned '0': PYTHONPATH=/home/strongy/MARBLE-Hackathon-Foke/marble_fOKe_ws/build/surfacing_script/prefix_override:/home/strongy/MARBLE-Hackathon-Foke/marble_fOKe_ws/install/surfacing_script/lib/python3.10/site-packages:${PYTHONPATH} /usr/bin/python3 setup.py develop --editable --build-directory /home/strongy/MARBLE-Hackathon-Foke/marble_fOKe_ws/build/surfacing_script/build --no-deps install_data
[4.961s] INFO:colcon.colcon_core.shell:Creating environment hook '/home/strongy/MARBLE-Hackathon-Foke/marble_fOKe_ws/build/surfacing_script/share/surfacing_script/hook/pythonpath_develop.ps1'
[4.962s] INFO:colcon.colcon_core.shell:Creating environment descriptor '/home/strongy/MARBLE-Hackathon-Foke/marble_fOKe_ws/build/surfacing_script/share/surfacing_script/hook/pythonpath_develop.dsv'
[4.963s] INFO:colcon.colcon_core.shell:Creating environment hook '/home/strongy/MARBLE-Hackathon-Foke/marble_fOKe_ws/build/surfacing_script/share/surfacing_script/hook/pythonpath_develop.sh'
[4.966s] Level 1:colcon.colcon_core.environment:checking '/home/strongy/MARBLE-Hackathon-Foke/marble_fOKe_ws/install/surfacing_script' for CMake module files
[4.967s] Level 1:colcon.colcon_core.environment:checking '/home/strongy/MARBLE-Hackathon-Foke/marble_fOKe_ws/install/surfacing_script' for CMake config files
[4.967s] Level 1:colcon.colcon_core.environment:checking '/home/strongy/MARBLE-Hackathon-Foke/marble_fOKe_ws/install/surfacing_script/lib'
[4.967s] Level 1:colcon.colcon_core.environment:checking '/home/strongy/MARBLE-Hackathon-Foke/marble_fOKe_ws/install/surfacing_script/bin'
[4.968s] Level 1:colcon.colcon_core.environment:checking '/home/strongy/MARBLE-Hackathon-Foke/marble_fOKe_ws/install/surfacing_script/lib/pkgconfig/surfacing_script.pc'
[4.968s] Level 1:colcon.colcon_core.environment:checking '/home/strongy/MARBLE-Hackathon-Foke/marble_fOKe_ws/install/surfacing_script/lib/python3.10/site-packages'
[4.968s] Level 1:colcon.colcon_core.shell:create_environment_hook('surfacing_script', 'pythonpath')
[4.970s] INFO:colcon.colcon_core.shell:Creating environment hook '/home/strongy/MARBLE-Hackathon-Foke/marble_fOKe_ws/install/surfacing_script/share/surfacing_script/hook/pythonpath.ps1'
[4.970s] INFO:colcon.colcon_core.shell:Creating environment descriptor '/home/strongy/MARBLE-Hackathon-Foke/marble_fOKe_ws/install/surfacing_script/share/surfacing_script/hook/pythonpath.dsv'
[4.970s] INFO:colcon.colcon_core.shell:Creating environment hook '/home/strongy/MARBLE-Hackathon-Foke/marble_fOKe_ws/install/surfacing_script/share/surfacing_script/hook/pythonpath.sh'
[4.971s] Level 1:colcon.colcon_core.environment:checking '/home/strongy/MARBLE-Hackathon-Foke/marble_fOKe_ws/install/surfacing_script/bin'
[4.971s] Level 1:colcon.colcon_core.environment:create_environment_scripts_only(surfacing_script)
[4.973s] INFO:colcon.colcon_core.shell:Creating package script '/home/strongy/MARBLE-Hackathon-Foke/marble_fOKe_ws/install/surfacing_script/share/surfacing_script/package.ps1'
[4.974s] INFO:colcon.colcon_core.shell:Creating package descriptor '/home/strongy/MARBLE-Hackathon-Foke/marble_fOKe_ws/install/surfacing_script/share/surfacing_script/package.dsv'
[4.975s] INFO:colcon.colcon_core.shell:Creating package script '/home/strongy/MARBLE-Hackathon-Foke/marble_fOKe_ws/install/surfacing_script/share/surfacing_script/package.sh'
[4.976s] INFO:colcon.colcon_core.shell:Creating package script '/home/strongy/MARBLE-Hackathon-Foke/marble_fOKe_ws/install/surfacing_script/share/surfacing_script/package.bash'
[4.976s] INFO:colcon.colcon_core.shell:Creating package script '/home/strongy/MARBLE-Hackathon-Foke/marble_fOKe_ws/install/surfacing_script/share/surfacing_script/package.zsh'
[4.977s] Level 1:colcon.colcon_core.environment:create_file_with_runtime_dependencies(/home/strongy/MARBLE-Hackathon-Foke/marble_fOKe_ws/install/surfacing_script/share/colcon-core/packages/surfacing_script)
[4.977s] DEBUG:colcon.colcon_parallel_executor.executor.parallel:closing loop
[4.978s] DEBUG:colcon.colcon_parallel_executor.executor.parallel:loop closed
[4.978s] DEBUG:colcon.colcon_parallel_executor.executor.parallel:run_until_complete finished with '0'
[4.979s] DEBUG:colcon.colcon_core.event_reactor:joining thread
[4.986s] INFO:colcon.colcon_core.plugin_system:Skipping extension 'colcon_notification.desktop_notification.terminal_notifier': Not used on non-Darwin systems
[4.986s] INFO:colcon.colcon_core.plugin_system:Skipping extension 'colcon_notification.desktop_notification.win32': Not used on non-Windows systems
[4.986s] INFO:colcon.colcon_notification.desktop_notification:Sending desktop notification using 'notify2'
[6.067s] DEBUG:colcon.colcon_core.event_reactor:joined thread
[6.071s] INFO:colcon.colcon_core.shell:Creating prefix script '/home/strongy/MARBLE-Hackathon-Foke/marble_fOKe_ws/install/local_setup.ps1'
[6.073s] INFO:colcon.colcon_core.shell:Creating prefix util module '/home/strongy/MARBLE-Hackathon-Foke/marble_fOKe_ws/install/_local_setup_util_ps1.py'
[6.076s] INFO:colcon.colcon_core.shell:Creating prefix chain script '/home/strongy/MARBLE-Hackathon-Foke/marble_fOKe_ws/install/setup.ps1'
[6.080s] INFO:colcon.colcon_core.shell:Creating prefix script '/home/strongy/MARBLE-Hackathon-Foke/marble_fOKe_ws/install/local_setup.sh'
[6.081s] INFO:colcon.colcon_core.shell:Creating prefix util module '/home/strongy/MARBLE-Hackathon-Foke/marble_fOKe_ws/install/_local_setup_util_sh.py'
[6.081s] INFO:colcon.colcon_core.shell:Creating prefix chain script '/home/strongy/MARBLE-Hackathon-Foke/marble_fOKe_ws/install/setup.sh'
[6.084s] INFO:colcon.colcon_core.shell:Creating prefix script '/home/strongy/MARBLE-Hackathon-Foke/marble_fOKe_ws/install/local_setup.bash'
[6.085s] INFO:colcon.colcon_core.shell:Creating prefix chain script '/home/strongy/MARBLE-Hackathon-Foke/marble_fOKe_ws/install/setup.bash'
[6.087s] INFO:colcon.colcon_core.shell:Creating prefix script '/home/strongy/MARBLE-Hackathon-Foke/marble_fOKe_ws/install/local_setup.zsh'
[6.088s] INFO:colcon.colcon_core.shell:Creating prefix chain script '/home/strongy/MARBLE-Hackathon-Foke/marble_fOKe_ws/install/setup.zsh'
