[1.667s] Invoking command in '/home/strongy/MARBLE-Hackathon-Foke/marble_comms/build/marble_pkg': PYTHONPATH=/home/strongy/MARBLE-Hackathon-Foke/marble_comms/build/marble_pkg/prefix_override:/home/strongy/MARBLE-Hackathon-Foke/marble_comms/install/marble_pkg/lib/python3.10/site-packages:${PYTHONPATH} /usr/bin/python3 setup.py develop --editable --build-directory /home/strongy/MARBLE-Hackathon-Foke/marble_comms/build/marble_pkg/build --no-deps install_data
[2.208s] running develop
[2.548s] running egg_info
[2.548s] creating marble_pkg.egg-info
[2.549s] writing marble_pkg.egg-info/PKG-INFO
[2.550s] writing dependency_links to marble_pkg.egg-info/dependency_links.txt
[2.550s] writing entry points to marble_pkg.egg-info/entry_points.txt
[2.550s] writing requirements to marble_pkg.egg-info/requires.txt
[2.551s] writing top-level names to marble_pkg.egg-info/top_level.txt
[2.551s] writing manifest file 'marble_pkg.egg-info/SOURCES.txt'
[2.556s] reading manifest file 'marble_pkg.egg-info/SOURCES.txt'
[2.556s] writing manifest file 'marble_pkg.egg-info/SOURCES.txt'
[2.561s] running build_ext
[2.562s] Creating /home/strongy/MARBLE-Hackathon-Foke/marble_comms/install/marble_pkg/lib/python3.10/site-packages/marble-pkg.egg-link (link to .)
[2.563s] Installing gnss_conversion script to /home/strongy/MARBLE-Hackathon-Foke/marble_comms/install/marble_pkg/lib/marble_pkg
[2.564s] Installing inference script to /home/strongy/MARBLE-Hackathon-Foke/marble_comms/install/marble_pkg/lib/marble_pkg
[2.565s] Installing tracking script to /home/strongy/MARBLE-Hackathon-Foke/marble_comms/install/marble_pkg/lib/marble_pkg
[2.567s] 
[2.567s] Installed /home/strongy/MARBLE-Hackathon-Foke/marble_comms/build/marble_pkg
[2.568s] running install_data
[2.568s] creating /home/strongy/MARBLE-Hackathon-Foke/marble_comms/install/marble_pkg/share/ament_index
[2.568s] creating /home/strongy/MARBLE-Hackathon-Foke/marble_comms/install/marble_pkg/share/ament_index/resource_index
[2.569s] creating /home/strongy/MARBLE-Hackathon-Foke/marble_comms/install/marble_pkg/share/ament_index/resource_index/packages
[2.569s] copying resource/marble_pkg -> /home/strongy/MARBLE-Hackathon-Foke/marble_comms/install/marble_pkg/share/ament_index/resource_index/packages
[2.570s] copying package.xml -> /home/strongy/MARBLE-Hackathon-Foke/marble_comms/install/marble_pkg/share/marble_pkg
[2.570s] copying launch/_launch.py -> /home/strongy/MARBLE-Hackathon-Foke/marble_comms/install/marble_pkg/share/marble_pkg
[2.742s] Invoked command in '/home/strongy/MARBLE-Hackathon-Foke/marble_comms/build/marble_pkg' returned '0': PYTHONPATH=/home/strongy/MARBLE-Hackathon-Foke/marble_comms/build/marble_pkg/prefix_override:/home/strongy/MARBLE-Hackathon-Foke/marble_comms/install/marble_pkg/lib/python3.10/site-packages:${PYTHONPATH} /usr/bin/python3 setup.py develop --editable --build-directory /home/strongy/MARBLE-Hackathon-Foke/marble_comms/build/marble_pkg/build --no-deps install_data
