[1.117s] Invoking command in '/home/strongy/MARBLE-Hackathon-Foke/marble_fOKe_ws/build/marble_pkg': PYTHONPATH=/home/strongy/MARBLE-Hackathon-Foke/marble_fOKe_ws/build/marble_pkg/prefix_override:/home/strongy/MARBLE-Hackathon-Foke/marble_fOKe_ws/install/marble_pkg/lib/python3.10/site-packages:${PYTHONPATH} /usr/bin/python3 setup.py develop --editable --build-directory /home/strongy/MARBLE-Hackathon-Foke/marble_fOKe_ws/build/marble_pkg/build --no-deps install_data
[1.559s] running develop
[1.812s] running egg_info
[1.812s] creating marble_pkg.egg-info
[1.813s] writing marble_pkg.egg-info/PKG-INFO
[1.813s] writing dependency_links to marble_pkg.egg-info/dependency_links.txt
[1.814s] writing entry points to marble_pkg.egg-info/entry_points.txt
[1.814s] writing requirements to marble_pkg.egg-info/requires.txt
[1.814s] writing top-level names to marble_pkg.egg-info/top_level.txt
[1.814s] writing manifest file 'marble_pkg.egg-info/SOURCES.txt'
[1.817s] reading manifest file 'marble_pkg.egg-info/SOURCES.txt'
[1.818s] writing manifest file 'marble_pkg.egg-info/SOURCES.txt'
[1.820s] running build_ext
[1.820s] Creating /home/strongy/MARBLE-Hackathon-Foke/marble_fOKe_ws/install/marble_pkg/lib/python3.10/site-packages/marble-pkg.egg-link (link to .)
[1.822s] Installing gnss_conversion script to /home/strongy/MARBLE-Hackathon-Foke/marble_fOKe_ws/install/marble_pkg/lib/marble_pkg
[1.823s] Installing inference script to /home/strongy/MARBLE-Hackathon-Foke/marble_fOKe_ws/install/marble_pkg/lib/marble_pkg
[1.823s] Installing tracking script to /home/strongy/MARBLE-Hackathon-Foke/marble_fOKe_ws/install/marble_pkg/lib/marble_pkg
[1.824s] 
[1.824s] Installed /home/strongy/MARBLE-Hackathon-Foke/marble_fOKe_ws/build/marble_pkg
[1.825s] running install_data
[1.825s] creating /home/strongy/MARBLE-Hackathon-Foke/marble_fOKe_ws/install/marble_pkg/share/ament_index
[1.825s] creating /home/strongy/MARBLE-Hackathon-Foke/marble_fOKe_ws/install/marble_pkg/share/ament_index/resource_index
[1.826s] creating /home/strongy/MARBLE-Hackathon-Foke/marble_fOKe_ws/install/marble_pkg/share/ament_index/resource_index/packages
[1.826s] copying resource/marble_pkg -> /home/strongy/MARBLE-Hackathon-Foke/marble_fOKe_ws/install/marble_pkg/share/ament_index/resource_index/packages
[1.826s] copying package.xml -> /home/strongy/MARBLE-Hackathon-Foke/marble_fOKe_ws/install/marble_pkg/share/marble_pkg
[1.826s] copying launch/_launch.py -> /home/strongy/MARBLE-Hackathon-Foke/marble_fOKe_ws/install/marble_pkg/share/marble_pkg
[1.868s] Invoked command in '/home/strongy/MARBLE-Hackathon-Foke/marble_fOKe_ws/build/marble_pkg' returned '0': PYTHONPATH=/home/strongy/MARBLE-Hackathon-Foke/marble_fOKe_ws/build/marble_pkg/prefix_override:/home/strongy/MARBLE-Hackathon-Foke/marble_fOKe_ws/install/marble_pkg/lib/python3.10/site-packages:${PYTHONPATH} /usr/bin/python3 setup.py develop --editable --build-directory /home/strongy/MARBLE-Hackathon-Foke/marble_fOKe_ws/build/marble_pkg/build --no-deps install_data
