[2.203s] DEBUG:colcon:Command line arguments: ['/usr/bin/colcon', 'build', '--symlink-install']
[2.203s] DEBUG:colcon:Parsed command line arguments: Namespace(log_base=None, log_level=None, verb_name='build', build_base='build', install_base='install', merge_install=False, symlink_install=True, test_result_base=None, continue_on_error=False, executor='parallel', parallel_workers=8, event_handlers=None, ignore_user_meta=False, metas=['./colcon.meta'], base_paths=['.'], packages_ignore=None, packages_ignore_regex=None, paths=None, packages_up_to=None, packages_up_to_regex=None, packages_above=None, packages_above_and_dependencies=None, packages_above_depth=None, packages_select_by_dep=None, packages_skip_by_dep=None, packages_skip_up_to=None, packages_select_build_failed=False, packages_skip_build_finished=False, packages_select_test_failures=False, packages_skip_test_passed=False, packages_select=None, packages_skip=None, packages_select_regex=None, packages_skip_regex=None, packages_start=None, packages_end=None, allow_overriding=[], cmake_args=None, cmake_target=None, cmake_target_skip_unavailable=False, cmake_clean_cache=False, cmake_clean_first=False, cmake_force_configure=False, ament_cmake_args=None, catkin_cmake_args=None, catkin_skip_building_tests=False, verb_parser=<colcon_defaults.argument_parser.defaults.DefaultArgumentsDecorator object at 0x7f7f6ed0bee0>, verb_extension=<colcon_core.verb.build.BuildVerb object at 0x7f7f6ed0b970>, main=<bound method BuildVerb.main of <colcon_core.verb.build.BuildVerb object at 0x7f7f6ed0b970>>)
[2.268s] Level 1:colcon.colcon_core.package_discovery:discover_packages(colcon_meta) check parameters
[2.268s] Level 1:colcon.colcon_core.package_discovery:discover_packages(recursive) check parameters
[2.268s] Level 1:colcon.colcon_core.package_discovery:discover_packages(ignore) check parameters
[2.268s] Level 1:colcon.colcon_core.package_discovery:discover_packages(path) check parameters
[2.269s] Level 1:colcon.colcon_core.package_discovery:discover_packages(colcon_meta) discover
[2.269s] Level 1:colcon.colcon_core.package_discovery:discover_packages(recursive) discover
[2.269s] INFO:colcon.colcon_core.package_discovery:Crawling recursively for packages in '/home/strongy/MARBLE-Hackathon-Foke/marble_fOKe_ws'
[2.269s] Level 1:colcon.colcon_core.package_identification:_identify(.) by extensions ['ignore', 'ignore_ament_install']
[2.269s] Level 1:colcon.colcon_core.package_identification:_identify(.) by extension 'ignore'
[2.269s] Level 1:colcon.colcon_core.package_identification:_identify(.) by extension 'ignore_ament_install'
[2.269s] Level 1:colcon.colcon_core.package_identification:_identify(.) by extensions ['colcon_pkg']
[2.269s] Level 1:colcon.colcon_core.package_identification:_identify(.) by extension 'colcon_pkg'
[2.269s] Level 1:colcon.colcon_core.package_identification:_identify(.) by extensions ['colcon_meta']
[2.269s] Level 1:colcon.colcon_core.package_identification:_identify(.) by extension 'colcon_meta'
[2.270s] Level 1:colcon.colcon_core.package_identification:_identify(.) by extensions ['ros']
[2.270s] Level 1:colcon.colcon_core.package_identification:_identify(.) by extension 'ros'
[2.303s] Level 1:colcon.colcon_core.package_identification:_identify(.) by extensions ['cmake', 'python']
[2.303s] Level 1:colcon.colcon_core.package_identification:_identify(.) by extension 'cmake'
[2.303s] Level 1:colcon.colcon_core.package_identification:_identify(.) by extension 'python'
[2.303s] Level 1:colcon.colcon_core.package_identification:_identify(.) by extensions ['python_setup_py']
[2.304s] Level 1:colcon.colcon_core.package_identification:_identify(.) by extension 'python_setup_py'
[2.304s] Level 1:colcon.colcon_core.package_identification:_identify(build) by extensions ['ignore', 'ignore_ament_install']
[2.304s] Level 1:colcon.colcon_core.package_identification:_identify(build) by extension 'ignore'
[2.304s] Level 1:colcon.colcon_core.package_identification:_identify(build) ignored
[2.304s] Level 1:colcon.colcon_core.package_identification:_identify(install) by extensions ['ignore', 'ignore_ament_install']
[2.305s] Level 1:colcon.colcon_core.package_identification:_identify(install) by extension 'ignore'
[2.305s] Level 1:colcon.colcon_core.package_identification:_identify(install) ignored
[2.305s] Level 1:colcon.colcon_core.package_identification:_identify(log) by extensions ['ignore', 'ignore_ament_install']
[2.305s] Level 1:colcon.colcon_core.package_identification:_identify(log) by extension 'ignore'
[2.305s] Level 1:colcon.colcon_core.package_identification:_identify(log) ignored
[2.306s] Level 1:colcon.colcon_core.package_identification:_identify(src) by extensions ['ignore', 'ignore_ament_install']
[2.306s] Level 1:colcon.colcon_core.package_identification:_identify(src) by extension 'ignore'
[2.306s] Level 1:colcon.colcon_core.package_identification:_identify(src) by extension 'ignore_ament_install'
[2.306s] Level 1:colcon.colcon_core.package_identification:_identify(src) by extensions ['colcon_pkg']
[2.306s] Level 1:colcon.colcon_core.package_identification:_identify(src) by extension 'colcon_pkg'
[2.306s] Level 1:colcon.colcon_core.package_identification:_identify(src) by extensions ['colcon_meta']
[2.306s] Level 1:colcon.colcon_core.package_identification:_identify(src) by extension 'colcon_meta'
[2.306s] Level 1:colcon.colcon_core.package_identification:_identify(src) by extensions ['ros']
[2.306s] Level 1:colcon.colcon_core.package_identification:_identify(src) by extension 'ros'
[2.306s] Level 1:colcon.colcon_core.package_identification:_identify(src) by extensions ['cmake', 'python']
[2.306s] Level 1:colcon.colcon_core.package_identification:_identify(src) by extension 'cmake'
[2.307s] Level 1:colcon.colcon_core.package_identification:_identify(src) by extension 'python'
[2.307s] Level 1:colcon.colcon_core.package_identification:_identify(src) by extensions ['python_setup_py']
[2.307s] Level 1:colcon.colcon_core.package_identification:_identify(src) by extension 'python_setup_py'
[2.307s] Level 1:colcon.colcon_core.package_identification:_identify(src/comm_pkg) by extensions ['ignore', 'ignore_ament_install']
[2.307s] Level 1:colcon.colcon_core.package_identification:_identify(src/comm_pkg) by extension 'ignore'
[2.307s] Level 1:colcon.colcon_core.package_identification:_identify(src/comm_pkg) by extension 'ignore_ament_install'
[2.307s] Level 1:colcon.colcon_core.package_identification:_identify(src/comm_pkg) by extensions ['colcon_pkg']
[2.307s] Level 1:colcon.colcon_core.package_identification:_identify(src/comm_pkg) by extension 'colcon_pkg'
[2.308s] Level 1:colcon.colcon_core.package_identification:_identify(src/comm_pkg) by extensions ['colcon_meta']
[2.308s] Level 1:colcon.colcon_core.package_identification:_identify(src/comm_pkg) by extension 'colcon_meta'
[2.308s] Level 1:colcon.colcon_core.package_identification:_identify(src/comm_pkg) by extensions ['ros']
[2.308s] Level 1:colcon.colcon_core.package_identification:_identify(src/comm_pkg) by extension 'ros'
[2.317s] DEBUG:colcon.colcon_core.package_identification:Package 'src/comm_pkg' with type 'ros.ament_python' and name 'comm_pkg'
[2.317s] Level 1:colcon.colcon_core.package_identification:_identify(src/custom_msgs) by extensions ['ignore', 'ignore_ament_install']
[2.317s] Level 1:colcon.colcon_core.package_identification:_identify(src/custom_msgs) by extension 'ignore'
[2.318s] Level 1:colcon.colcon_core.package_identification:_identify(src/custom_msgs) by extension 'ignore_ament_install'
[2.318s] Level 1:colcon.colcon_core.package_identification:_identify(src/custom_msgs) by extensions ['colcon_pkg']
[2.318s] Level 1:colcon.colcon_core.package_identification:_identify(src/custom_msgs) by extension 'colcon_pkg'
[2.318s] Level 1:colcon.colcon_core.package_identification:_identify(src/custom_msgs) by extensions ['colcon_meta']
[2.318s] Level 1:colcon.colcon_core.package_identification:_identify(src/custom_msgs) by extension 'colcon_meta'
[2.318s] Level 1:colcon.colcon_core.package_identification:_identify(src/custom_msgs) by extensions ['ros']
[2.318s] Level 1:colcon.colcon_core.package_identification:_identify(src/custom_msgs) by extension 'ros'
[2.321s] DEBUG:colcon.colcon_core.package_identification:Package 'src/custom_msgs' with type 'ros.ament_cmake' and name 'custom_msgs'
[2.321s] Level 1:colcon.colcon_core.package_identification:_identify(src/marble_pkg) by extensions ['ignore', 'ignore_ament_install']
[2.321s] Level 1:colcon.colcon_core.package_identification:_identify(src/marble_pkg) by extension 'ignore'
[2.321s] Level 1:colcon.colcon_core.package_identification:_identify(src/marble_pkg) by extension 'ignore_ament_install'
[2.321s] Level 1:colcon.colcon_core.package_identification:_identify(src/marble_pkg) by extensions ['colcon_pkg']
[2.321s] Level 1:colcon.colcon_core.package_identification:_identify(src/marble_pkg) by extension 'colcon_pkg'
[2.322s] Level 1:colcon.colcon_core.package_identification:_identify(src/marble_pkg) by extensions ['colcon_meta']
[2.322s] Level 1:colcon.colcon_core.package_identification:_identify(src/marble_pkg) by extension 'colcon_meta'
[2.322s] Level 1:colcon.colcon_core.package_identification:_identify(src/marble_pkg) by extensions ['ros']
[2.322s] Level 1:colcon.colcon_core.package_identification:_identify(src/marble_pkg) by extension 'ros'
[2.324s] DEBUG:colcon.colcon_core.package_identification:Package 'src/marble_pkg' with type 'ros.ament_python' and name 'marble_pkg'
[2.324s] Level 1:colcon.colcon_core.package_identification:_identify(src/surfacing_script) by extensions ['ignore', 'ignore_ament_install']
[2.324s] Level 1:colcon.colcon_core.package_identification:_identify(src/surfacing_script) by extension 'ignore'
[2.324s] Level 1:colcon.colcon_core.package_identification:_identify(src/surfacing_script) by extension 'ignore_ament_install'
[2.324s] Level 1:colcon.colcon_core.package_identification:_identify(src/surfacing_script) by extensions ['colcon_pkg']
[2.324s] Level 1:colcon.colcon_core.package_identification:_identify(src/surfacing_script) by extension 'colcon_pkg'
[2.325s] Level 1:colcon.colcon_core.package_identification:_identify(src/surfacing_script) by extensions ['colcon_meta']
[2.325s] Level 1:colcon.colcon_core.package_identification:_identify(src/surfacing_script) by extension 'colcon_meta'
[2.325s] Level 1:colcon.colcon_core.package_identification:_identify(src/surfacing_script) by extensions ['ros']
[2.325s] Level 1:colcon.colcon_core.package_identification:_identify(src/surfacing_script) by extension 'ros'
[2.326s] DEBUG:colcon.colcon_core.package_identification:Package 'src/surfacing_script' with type 'ros.ament_python' and name 'surfacing_script'
[2.326s] Level 1:colcon.colcon_core.package_discovery:discover_packages(recursive) using defaults
[2.326s] Level 1:colcon.colcon_core.package_discovery:discover_packages(ignore) discover
[2.326s] Level 1:colcon.colcon_core.package_discovery:discover_packages(ignore) using defaults
[2.326s] Level 1:colcon.colcon_core.package_discovery:discover_packages(path) discover
[2.326s] Level 1:colcon.colcon_core.package_discovery:discover_packages(path) using defaults
[2.469s] Level 1:colcon.colcon_core.package_discovery:discover_packages(prefix_path) check parameters
[2.469s] Level 1:colcon.colcon_core.package_discovery:discover_packages(prefix_path) discover
[2.475s] WARNING:colcon.colcon_core.prefix_path.colcon:The path '/home/strongy/MARBLE-Hackathon-Foke/marble_comms/install' in the environment variable COLCON_PREFIX_PATH doesn't exist
[2.476s] WARNING:colcon.colcon_core.prefix_path.colcon:The path '/home/strongy/MARBLE-Hackathon-Foke/marble_fOKe/install' in the environment variable COLCON_PREFIX_PATH doesn't exist
[2.476s] WARNING:colcon.colcon_ros.prefix_path.ament:The path '/home/strongy/MARBLE-Hackathon-Foke/marble_fOKe/install/surfacing_script' in the environment variable AMENT_PREFIX_PATH doesn't exist
[2.477s] WARNING:colcon.colcon_ros.prefix_path.ament:The path '/home/strongy/MARBLE-Hackathon-Foke/marble_fOKe/install/marble_pkg' in the environment variable AMENT_PREFIX_PATH doesn't exist
[2.477s] WARNING:colcon.colcon_ros.prefix_path.ament:The path '/home/strongy/MARBLE-Hackathon-Foke/marble_fOKe/install/comm_pkg' in the environment variable AMENT_PREFIX_PATH doesn't exist
[2.478s] WARNING:colcon.colcon_ros.prefix_path.ament:The path '/home/strongy/MARBLE-Hackathon-Foke/marble_fOKe/install/comms_package' in the environment variable AMENT_PREFIX_PATH doesn't exist
[2.478s] WARNING:colcon.colcon_ros.prefix_path.ament:The path '/home/strongy/MARBLE-Hackathon-Foke/marble_comms/install/surfacing_script' in the environment variable AMENT_PREFIX_PATH doesn't exist
[2.478s] WARNING:colcon.colcon_ros.prefix_path.ament:The path '/home/strongy/MARBLE-Hackathon-Foke/marble_comms/install/marble_pkg' in the environment variable AMENT_PREFIX_PATH doesn't exist
[2.479s] WARNING:colcon.colcon_ros.prefix_path.ament:The path '/home/strongy/MARBLE-Hackathon-Foke/marble_comms/install/comm_pkg' in the environment variable AMENT_PREFIX_PATH doesn't exist
[2.480s] WARNING:colcon.colcon_ros.prefix_path.ament:The path '/home/strongy/MARBLE-Hackathon-Foke/marble_comms/install/custom_msgs' in the environment variable AMENT_PREFIX_PATH doesn't exist
[2.480s] WARNING:colcon.colcon_ros.prefix_path.ament:The path '/home/strongy/MARBLE-Hackathon-Foke/marble_comms/install/comms_package' in the environment variable AMENT_PREFIX_PATH doesn't exist
[2.480s] WARNING:colcon.colcon_ros.prefix_path.catkin:The path '/home/strongy/MARBLE-Hackathon-Foke/marble_fOKe/install/custom_msgs' in the environment variable CMAKE_PREFIX_PATH doesn't exist
[2.480s] WARNING:colcon.colcon_ros.prefix_path.catkin:The path '/home/strongy/MARBLE-Hackathon-Foke/marble_comms/install/custom_msgs' in the environment variable CMAKE_PREFIX_PATH doesn't exist
[2.486s] DEBUG:colcon.colcon_installed_package_information.package_discovery:Found 4 installed packages in /home/strongy/MARBLE-Hackathon-Foke/marble_fOKe_ws/install
[2.490s] DEBUG:colcon.colcon_installed_package_information.package_discovery:Found 270 installed packages in /opt/ros/humble
[2.495s] Level 1:colcon.colcon_core.package_discovery:discover_packages(prefix_path) using defaults
[2.668s] Level 5:colcon.colcon_core.verb:set package 'custom_msgs' build argument 'cmake_args' from command line to 'None'
[2.668s] Level 5:colcon.colcon_core.verb:set package 'custom_msgs' build argument 'cmake_target' from command line to 'None'
[2.668s] Level 5:colcon.colcon_core.verb:set package 'custom_msgs' build argument 'cmake_target_skip_unavailable' from command line to 'False'
[2.668s] Level 5:colcon.colcon_core.verb:set package 'custom_msgs' build argument 'cmake_clean_cache' from command line to 'False'
[2.668s] Level 5:colcon.colcon_core.verb:set package 'custom_msgs' build argument 'cmake_clean_first' from command line to 'False'
[2.669s] Level 5:colcon.colcon_core.verb:set package 'custom_msgs' build argument 'cmake_force_configure' from command line to 'False'
[2.669s] Level 5:colcon.colcon_core.verb:set package 'custom_msgs' build argument 'ament_cmake_args' from command line to 'None'
[2.669s] Level 5:colcon.colcon_core.verb:set package 'custom_msgs' build argument 'catkin_cmake_args' from command line to 'None'
[2.669s] Level 5:colcon.colcon_core.verb:set package 'custom_msgs' build argument 'catkin_skip_building_tests' from command line to 'False'
[2.669s] DEBUG:colcon.colcon_core.verb:Building package 'custom_msgs' with the following arguments: {'ament_cmake_args': None, 'build_base': '/home/strongy/MARBLE-Hackathon-Foke/marble_fOKe_ws/build/custom_msgs', 'catkin_cmake_args': None, 'catkin_skip_building_tests': False, 'cmake_args': None, 'cmake_clean_cache': False, 'cmake_clean_first': False, 'cmake_force_configure': False, 'cmake_target': None, 'cmake_target_skip_unavailable': False, 'install_base': '/home/strongy/MARBLE-Hackathon-Foke/marble_fOKe_ws/install/custom_msgs', 'merge_install': False, 'path': '/home/strongy/MARBLE-Hackathon-Foke/marble_fOKe_ws/src/custom_msgs', 'symlink_install': True, 'test_result_base': None}
[2.670s] Level 5:colcon.colcon_core.verb:set package 'marble_pkg' build argument 'cmake_args' from command line to 'None'
[2.670s] Level 5:colcon.colcon_core.verb:set package 'marble_pkg' build argument 'cmake_target' from command line to 'None'
[2.671s] Level 5:colcon.colcon_core.verb:set package 'marble_pkg' build argument 'cmake_target_skip_unavailable' from command line to 'False'
[2.671s] Level 5:colcon.colcon_core.verb:set package 'marble_pkg' build argument 'cmake_clean_cache' from command line to 'False'
[2.671s] Level 5:colcon.colcon_core.verb:set package 'marble_pkg' build argument 'cmake_clean_first' from command line to 'False'
[2.671s] Level 5:colcon.colcon_core.verb:set package 'marble_pkg' build argument 'cmake_force_configure' from command line to 'False'
[2.671s] Level 5:colcon.colcon_core.verb:set package 'marble_pkg' build argument 'ament_cmake_args' from command line to 'None'
[2.671s] Level 5:colcon.colcon_core.verb:set package 'marble_pkg' build argument 'catkin_cmake_args' from command line to 'None'
[2.671s] Level 5:colcon.colcon_core.verb:set package 'marble_pkg' build argument 'catkin_skip_building_tests' from command line to 'False'
[2.671s] DEBUG:colcon.colcon_core.verb:Building package 'marble_pkg' with the following arguments: {'ament_cmake_args': None, 'build_base': '/home/strongy/MARBLE-Hackathon-Foke/marble_fOKe_ws/build/marble_pkg', 'catkin_cmake_args': None, 'catkin_skip_building_tests': False, 'cmake_args': None, 'cmake_clean_cache': False, 'cmake_clean_first': False, 'cmake_force_configure': False, 'cmake_target': None, 'cmake_target_skip_unavailable': False, 'install_base': '/home/strongy/MARBLE-Hackathon-Foke/marble_fOKe_ws/install/marble_pkg', 'merge_install': False, 'path': '/home/strongy/MARBLE-Hackathon-Foke/marble_fOKe_ws/src/marble_pkg', 'symlink_install': True, 'test_result_base': None}
[2.673s] Level 5:colcon.colcon_core.verb:set package 'comm_pkg' build argument 'cmake_args' from command line to 'None'
[2.673s] Level 5:colcon.colcon_core.verb:set package 'comm_pkg' build argument 'cmake_target' from command line to 'None'
[2.673s] Level 5:colcon.colcon_core.verb:set package 'comm_pkg' build argument 'cmake_target_skip_unavailable' from command line to 'False'
[2.673s] Level 5:colcon.colcon_core.verb:set package 'comm_pkg' build argument 'cmake_clean_cache' from command line to 'False'
[2.673s] Level 5:colcon.colcon_core.verb:set package 'comm_pkg' build argument 'cmake_clean_first' from command line to 'False'
[2.673s] Level 5:colcon.colcon_core.verb:set package 'comm_pkg' build argument 'cmake_force_configure' from command line to 'False'
[2.673s] Level 5:colcon.colcon_core.verb:set package 'comm_pkg' build argument 'ament_cmake_args' from command line to 'None'
[2.673s] Level 5:colcon.colcon_core.verb:set package 'comm_pkg' build argument 'catkin_cmake_args' from command line to 'None'
[2.673s] Level 5:colcon.colcon_core.verb:set package 'comm_pkg' build argument 'catkin_skip_building_tests' from command line to 'False'
[2.673s] DEBUG:colcon.colcon_core.verb:Building package 'comm_pkg' with the following arguments: {'ament_cmake_args': None, 'build_base': '/home/strongy/MARBLE-Hackathon-Foke/marble_fOKe_ws/build/comm_pkg', 'catkin_cmake_args': None, 'catkin_skip_building_tests': False, 'cmake_args': None, 'cmake_clean_cache': False, 'cmake_clean_first': False, 'cmake_force_configure': False, 'cmake_target': None, 'cmake_target_skip_unavailable': False, 'install_base': '/home/strongy/MARBLE-Hackathon-Foke/marble_fOKe_ws/install/comm_pkg', 'merge_install': False, 'path': '/home/strongy/MARBLE-Hackathon-Foke/marble_fOKe_ws/src/comm_pkg', 'symlink_install': True, 'test_result_base': None}
[2.675s] Level 5:colcon.colcon_core.verb:set package 'surfacing_script' build argument 'cmake_args' from command line to 'None'
[2.675s] Level 5:colcon.colcon_core.verb:set package 'surfacing_script' build argument 'cmake_target' from command line to 'None'
[2.675s] Level 5:colcon.colcon_core.verb:set package 'surfacing_script' build argument 'cmake_target_skip_unavailable' from command line to 'False'
[2.675s] Level 5:colcon.colcon_core.verb:set package 'surfacing_script' build argument 'cmake_clean_cache' from command line to 'False'
[2.675s] Level 5:colcon.colcon_core.verb:set package 'surfacing_script' build argument 'cmake_clean_first' from command line to 'False'
[2.675s] Level 5:colcon.colcon_core.verb:set package 'surfacing_script' build argument 'cmake_force_configure' from command line to 'False'
[2.675s] Level 5:colcon.colcon_core.verb:set package 'surfacing_script' build argument 'ament_cmake_args' from command line to 'None'
[2.675s] Level 5:colcon.colcon_core.verb:set package 'surfacing_script' build argument 'catkin_cmake_args' from command line to 'None'
[2.675s] Level 5:colcon.colcon_core.verb:set package 'surfacing_script' build argument 'catkin_skip_building_tests' from command line to 'False'
[2.675s] DEBUG:colcon.colcon_core.verb:Building package 'surfacing_script' with the following arguments: {'ament_cmake_args': None, 'build_base': '/home/strongy/MARBLE-Hackathon-Foke/marble_fOKe_ws/build/surfacing_script', 'catkin_cmake_args': None, 'catkin_skip_building_tests': False, 'cmake_args': None, 'cmake_clean_cache': False, 'cmake_clean_first': False, 'cmake_force_configure': False, 'cmake_target': None, 'cmake_target_skip_unavailable': False, 'install_base': '/home/strongy/MARBLE-Hackathon-Foke/marble_fOKe_ws/install/surfacing_script', 'merge_install': False, 'path': '/home/strongy/MARBLE-Hackathon-Foke/marble_fOKe_ws/src/surfacing_script', 'symlink_install': True, 'test_result_base': None}
[2.676s] INFO:colcon.colcon_core.executor:Executing jobs using 'parallel' executor
[2.685s] DEBUG:colcon.colcon_parallel_executor.executor.parallel:run_until_complete
[2.686s] INFO:colcon.colcon_ros.task.ament_cmake.build:Building ROS package in '/home/strongy/MARBLE-Hackathon-Foke/marble_fOKe_ws/src/custom_msgs' with build type 'ament_cmake'
[2.687s] INFO:colcon.colcon_cmake.task.cmake.build:Building CMake package in '/home/strongy/MARBLE-Hackathon-Foke/marble_fOKe_ws/src/custom_msgs'
[2.704s] INFO:colcon.colcon_core.plugin_system:Skipping extension 'colcon_core.shell.bat': Not used on non-Windows systems
[2.705s] INFO:colcon.colcon_core.shell:Skip shell extension 'powershell' for command environment: Not usable outside of PowerShell
[2.705s] DEBUG:colcon.colcon_core.shell:Skip shell extension 'dsv' for command environment
[2.719s] INFO:colcon.colcon_ros.task.ament_python.build:Building ROS package in '/home/strongy/MARBLE-Hackathon-Foke/marble_fOKe_ws/src/marble_pkg' with build type 'ament_python'
[2.720s] Level 1:colcon.colcon_core.shell:create_environment_hook('marble_pkg', 'ament_prefix_path')
[2.722s] INFO:colcon.colcon_core.shell:Creating environment hook '/home/strongy/MARBLE-Hackathon-Foke/marble_fOKe_ws/install/marble_pkg/share/marble_pkg/hook/ament_prefix_path.ps1'
[2.724s] INFO:colcon.colcon_core.shell:Creating environment descriptor '/home/strongy/MARBLE-Hackathon-Foke/marble_fOKe_ws/install/marble_pkg/share/marble_pkg/hook/ament_prefix_path.dsv'
[2.727s] INFO:colcon.colcon_core.shell:Creating environment hook '/home/strongy/MARBLE-Hackathon-Foke/marble_fOKe_ws/install/marble_pkg/share/marble_pkg/hook/ament_prefix_path.sh'
[2.733s] INFO:colcon.colcon_core.shell:Skip shell extension 'powershell' for command environment: Not usable outside of PowerShell
[2.733s] DEBUG:colcon.colcon_core.shell:Skip shell extension 'dsv' for command environment
[2.768s] DEBUG:colcon.colcon_core.event_handler.log_command:Invoking command in '/home/strongy/MARBLE-Hackathon-Foke/marble_fOKe_ws/build/custom_msgs': CMAKE_PREFIX_PATH=${CMAKE_PREFIX_PATH}:/home/strongy/MARBLE-Hackathon-Foke/marble_fOKe_ws/install/surfacing_script:/home/strongy/MARBLE-Hackathon-Foke/marble_fOKe_ws/install/marble_pkg:/home/strongy/MARBLE-Hackathon-Foke/marble_fOKe_ws/install/comm_pkg:/home/strongy/MARBLE-Hackathon-Foke/marble_fOKe/install/surfacing_script:/home/strongy/MARBLE-Hackathon-Foke/marble_fOKe/install/marble_pkg:/home/strongy/MARBLE-Hackathon-Foke/marble_fOKe/install/comm_pkg:/home/strongy/MARBLE-Hackathon-Foke/marble_fOKe/install/comms_package:/home/strongy/MARBLE-Hackathon-Foke/marble_comms/install/surfacing_script:/home/strongy/MARBLE-Hackathon-Foke/marble_comms/install/marble_pkg:/home/strongy/MARBLE-Hackathon-Foke/marble_comms/install/comm_pkg:/home/strongy/MARBLE-Hackathon-Foke/marble_comms/install/comms_package:/opt/ros/humble /usr/bin/cmake --build /home/strongy/MARBLE-Hackathon-Foke/marble_fOKe_ws/build/custom_msgs -- -j8 -l8
[3.439s] INFO:colcon.colcon_core.task.python.build:Building Python package in '/home/strongy/MARBLE-Hackathon-Foke/marble_fOKe_ws/src/marble_pkg'
[3.442s] INFO:colcon.colcon_core.shell:Skip shell extension 'powershell' for command environment: Not usable outside of PowerShell
[3.442s] DEBUG:colcon.colcon_core.shell:Skip shell extension 'dsv' for command environment
[3.995s] DEBUG:colcon.colcon_core.event_handler.log_command:Invoked command in '/home/strongy/MARBLE-Hackathon-Foke/marble_fOKe_ws/build/custom_msgs' returned '0': CMAKE_PREFIX_PATH=${CMAKE_PREFIX_PATH}:/home/strongy/MARBLE-Hackathon-Foke/marble_fOKe_ws/install/surfacing_script:/home/strongy/MARBLE-Hackathon-Foke/marble_fOKe_ws/install/marble_pkg:/home/strongy/MARBLE-Hackathon-Foke/marble_fOKe_ws/install/comm_pkg:/home/strongy/MARBLE-Hackathon-Foke/marble_fOKe/install/surfacing_script:/home/strongy/MARBLE-Hackathon-Foke/marble_fOKe/install/marble_pkg:/home/strongy/MARBLE-Hackathon-Foke/marble_fOKe/install/comm_pkg:/home/strongy/MARBLE-Hackathon-Foke/marble_fOKe/install/comms_package:/home/strongy/MARBLE-Hackathon-Foke/marble_comms/install/surfacing_script:/home/strongy/MARBLE-Hackathon-Foke/marble_comms/install/marble_pkg:/home/strongy/MARBLE-Hackathon-Foke/marble_comms/install/comm_pkg:/home/strongy/MARBLE-Hackathon-Foke/marble_comms/install/comms_package:/opt/ros/humble /usr/bin/cmake --build /home/strongy/MARBLE-Hackathon-Foke/marble_fOKe_ws/build/custom_msgs -- -j8 -l8
[4.171s] DEBUG:colcon.colcon_core.event_handler.log_command:Invoking command in '/home/strongy/MARBLE-Hackathon-Foke/marble_fOKe_ws/build/custom_msgs': CMAKE_PREFIX_PATH=${CMAKE_PREFIX_PATH}:/home/strongy/MARBLE-Hackathon-Foke/marble_fOKe_ws/install/surfacing_script:/home/strongy/MARBLE-Hackathon-Foke/marble_fOKe_ws/install/marble_pkg:/home/strongy/MARBLE-Hackathon-Foke/marble_fOKe_ws/install/comm_pkg:/home/strongy/MARBLE-Hackathon-Foke/marble_fOKe/install/surfacing_script:/home/strongy/MARBLE-Hackathon-Foke/marble_fOKe/install/marble_pkg:/home/strongy/MARBLE-Hackathon-Foke/marble_fOKe/install/comm_pkg:/home/strongy/MARBLE-Hackathon-Foke/marble_fOKe/install/comms_package:/home/strongy/MARBLE-Hackathon-Foke/marble_comms/install/surfacing_script:/home/strongy/MARBLE-Hackathon-Foke/marble_comms/install/marble_pkg:/home/strongy/MARBLE-Hackathon-Foke/marble_comms/install/comm_pkg:/home/strongy/MARBLE-Hackathon-Foke/marble_comms/install/comms_package:/opt/ros/humble /usr/bin/cmake --install /home/strongy/MARBLE-Hackathon-Foke/marble_fOKe_ws/build/custom_msgs
[4.374s] DEBUG:colcon.colcon_core.event_handler.log_command:Invoking command in '/home/strongy/MARBLE-Hackathon-Foke/marble_fOKe_ws/build/marble_pkg': PYTHONPATH=/home/strongy/MARBLE-Hackathon-Foke/marble_fOKe_ws/build/marble_pkg/prefix_override:/home/strongy/MARBLE-Hackathon-Foke/marble_fOKe_ws/install/marble_pkg/lib/python3.10/site-packages:${PYTHONPATH} /usr/bin/python3 setup.py develop --editable --build-directory /home/strongy/MARBLE-Hackathon-Foke/marble_fOKe_ws/build/marble_pkg/build --no-deps install_data
[4.413s] Level 1:colcon.colcon_core.environment:create_environment_scripts_only(custom_msgs)
[4.415s] DEBUG:colcon.colcon_core.event_handler.log_command:Invoked command in '/home/strongy/MARBLE-Hackathon-Foke/marble_fOKe_ws/build/custom_msgs' returned '0': CMAKE_PREFIX_PATH=${CMAKE_PREFIX_PATH}:/home/strongy/MARBLE-Hackathon-Foke/marble_fOKe_ws/install/surfacing_script:/home/strongy/MARBLE-Hackathon-Foke/marble_fOKe_ws/install/marble_pkg:/home/strongy/MARBLE-Hackathon-Foke/marble_fOKe_ws/install/comm_pkg:/home/strongy/MARBLE-Hackathon-Foke/marble_fOKe/install/surfacing_script:/home/strongy/MARBLE-Hackathon-Foke/marble_fOKe/install/marble_pkg:/home/strongy/MARBLE-Hackathon-Foke/marble_fOKe/install/comm_pkg:/home/strongy/MARBLE-Hackathon-Foke/marble_fOKe/install/comms_package:/home/strongy/MARBLE-Hackathon-Foke/marble_comms/install/surfacing_script:/home/strongy/MARBLE-Hackathon-Foke/marble_comms/install/marble_pkg:/home/strongy/MARBLE-Hackathon-Foke/marble_comms/install/comm_pkg:/home/strongy/MARBLE-Hackathon-Foke/marble_comms/install/comms_package:/opt/ros/humble /usr/bin/cmake --install /home/strongy/MARBLE-Hackathon-Foke/marble_fOKe_ws/build/custom_msgs
[4.439s] Level 1:colcon.colcon_core.environment:checking '/home/strongy/MARBLE-Hackathon-Foke/marble_fOKe_ws/install/custom_msgs' for CMake module files
[4.441s] Level 1:colcon.colcon_core.environment:checking '/home/strongy/MARBLE-Hackathon-Foke/marble_fOKe_ws/install/custom_msgs' for CMake config files
[4.443s] Level 1:colcon.colcon_core.shell:create_environment_hook('custom_msgs', 'cmake_prefix_path')
[4.446s] INFO:colcon.colcon_core.shell:Creating environment hook '/home/strongy/MARBLE-Hackathon-Foke/marble_fOKe_ws/install/custom_msgs/share/custom_msgs/hook/cmake_prefix_path.ps1'
[4.447s] INFO:colcon.colcon_core.shell:Creating environment descriptor '/home/strongy/MARBLE-Hackathon-Foke/marble_fOKe_ws/install/custom_msgs/share/custom_msgs/hook/cmake_prefix_path.dsv'
[4.448s] INFO:colcon.colcon_core.shell:Creating environment hook '/home/strongy/MARBLE-Hackathon-Foke/marble_fOKe_ws/install/custom_msgs/share/custom_msgs/hook/cmake_prefix_path.sh'
[4.449s] Level 1:colcon.colcon_core.environment:checking '/home/strongy/MARBLE-Hackathon-Foke/marble_fOKe_ws/install/custom_msgs/lib'
[4.449s] Level 1:colcon.colcon_core.shell:create_environment_hook('custom_msgs', 'ld_library_path_lib')
[4.452s] INFO:colcon.colcon_core.shell:Creating environment hook '/home/strongy/MARBLE-Hackathon-Foke/marble_fOKe_ws/install/custom_msgs/share/custom_msgs/hook/ld_library_path_lib.ps1'
[4.452s] INFO:colcon.colcon_core.shell:Creating environment descriptor '/home/strongy/MARBLE-Hackathon-Foke/marble_fOKe_ws/install/custom_msgs/share/custom_msgs/hook/ld_library_path_lib.dsv'
[4.453s] INFO:colcon.colcon_core.shell:Creating environment hook '/home/strongy/MARBLE-Hackathon-Foke/marble_fOKe_ws/install/custom_msgs/share/custom_msgs/hook/ld_library_path_lib.sh'
[4.454s] Level 1:colcon.colcon_core.environment:checking '/home/strongy/MARBLE-Hackathon-Foke/marble_fOKe_ws/install/custom_msgs/bin'
[4.454s] Level 1:colcon.colcon_core.environment:checking '/home/strongy/MARBLE-Hackathon-Foke/marble_fOKe_ws/install/custom_msgs/lib/pkgconfig/custom_msgs.pc'
[4.454s] Level 1:colcon.colcon_core.environment:checking '/home/strongy/MARBLE-Hackathon-Foke/marble_fOKe_ws/install/custom_msgs/lib/python3.10/site-packages'
[4.455s] Level 1:colcon.colcon_core.environment:checking '/home/strongy/MARBLE-Hackathon-Foke/marble_fOKe_ws/install/custom_msgs/bin'
[4.458s] INFO:colcon.colcon_core.shell:Creating package script '/home/strongy/MARBLE-Hackathon-Foke/marble_fOKe_ws/install/custom_msgs/share/custom_msgs/package.ps1'
[4.460s] INFO:colcon.colcon_core.shell:Creating package descriptor '/home/strongy/MARBLE-Hackathon-Foke/marble_fOKe_ws/install/custom_msgs/share/custom_msgs/package.dsv'
[4.462s] INFO:colcon.colcon_core.shell:Creating package script '/home/strongy/MARBLE-Hackathon-Foke/marble_fOKe_ws/install/custom_msgs/share/custom_msgs/package.sh'
[4.464s] INFO:colcon.colcon_core.shell:Creating package script '/home/strongy/MARBLE-Hackathon-Foke/marble_fOKe_ws/install/custom_msgs/share/custom_msgs/package.bash'
[4.466s] INFO:colcon.colcon_core.shell:Creating package script '/home/strongy/MARBLE-Hackathon-Foke/marble_fOKe_ws/install/custom_msgs/share/custom_msgs/package.zsh'
[4.468s] Level 1:colcon.colcon_core.environment:create_file_with_runtime_dependencies(/home/strongy/MARBLE-Hackathon-Foke/marble_fOKe_ws/install/custom_msgs/share/colcon-core/packages/custom_msgs)
[4.612s] Level 1:colcon.colcon_core.environment:create_environment_scripts_only(custom_msgs)
[4.619s] Level 1:colcon.colcon_core.environment:checking '/home/strongy/MARBLE-Hackathon-Foke/marble_fOKe_ws/install/custom_msgs' for CMake module files
[4.621s] Level 1:colcon.colcon_core.environment:checking '/home/strongy/MARBLE-Hackathon-Foke/marble_fOKe_ws/install/custom_msgs' for CMake config files
[4.623s] Level 1:colcon.colcon_core.shell:create_environment_hook('custom_msgs', 'cmake_prefix_path')
[4.626s] INFO:colcon.colcon_core.shell:Creating environment hook '/home/strongy/MARBLE-Hackathon-Foke/marble_fOKe_ws/install/custom_msgs/share/custom_msgs/hook/cmake_prefix_path.ps1'
[4.628s] INFO:colcon.colcon_core.shell:Creating environment descriptor '/home/strongy/MARBLE-Hackathon-Foke/marble_fOKe_ws/install/custom_msgs/share/custom_msgs/hook/cmake_prefix_path.dsv'
[4.629s] INFO:colcon.colcon_core.shell:Creating environment hook '/home/strongy/MARBLE-Hackathon-Foke/marble_fOKe_ws/install/custom_msgs/share/custom_msgs/hook/cmake_prefix_path.sh'
[4.630s] Level 1:colcon.colcon_core.environment:checking '/home/strongy/MARBLE-Hackathon-Foke/marble_fOKe_ws/install/custom_msgs/lib'
[4.630s] Level 1:colcon.colcon_core.shell:create_environment_hook('custom_msgs', 'ld_library_path_lib')
[4.633s] INFO:colcon.colcon_core.shell:Creating environment hook '/home/strongy/MARBLE-Hackathon-Foke/marble_fOKe_ws/install/custom_msgs/share/custom_msgs/hook/ld_library_path_lib.ps1'
[4.634s] INFO:colcon.colcon_core.shell:Creating environment descriptor '/home/strongy/MARBLE-Hackathon-Foke/marble_fOKe_ws/install/custom_msgs/share/custom_msgs/hook/ld_library_path_lib.dsv'
[4.635s] INFO:colcon.colcon_core.shell:Creating environment hook '/home/strongy/MARBLE-Hackathon-Foke/marble_fOKe_ws/install/custom_msgs/share/custom_msgs/hook/ld_library_path_lib.sh'
[4.636s] Level 1:colcon.colcon_core.environment:checking '/home/strongy/MARBLE-Hackathon-Foke/marble_fOKe_ws/install/custom_msgs/bin'
[4.636s] Level 1:colcon.colcon_core.environment:checking '/home/strongy/MARBLE-Hackathon-Foke/marble_fOKe_ws/install/custom_msgs/lib/pkgconfig/custom_msgs.pc'
[4.636s] Level 1:colcon.colcon_core.environment:checking '/home/strongy/MARBLE-Hackathon-Foke/marble_fOKe_ws/install/custom_msgs/lib/python3.10/site-packages'
[4.637s] Level 1:colcon.colcon_core.environment:checking '/home/strongy/MARBLE-Hackathon-Foke/marble_fOKe_ws/install/custom_msgs/bin'
[4.640s] INFO:colcon.colcon_core.shell:Creating package script '/home/strongy/MARBLE-Hackathon-Foke/marble_fOKe_ws/install/custom_msgs/share/custom_msgs/package.ps1'
[4.641s] INFO:colcon.colcon_core.shell:Creating package descriptor '/home/strongy/MARBLE-Hackathon-Foke/marble_fOKe_ws/install/custom_msgs/share/custom_msgs/package.dsv'
[4.643s] INFO:colcon.colcon_core.shell:Creating package script '/home/strongy/MARBLE-Hackathon-Foke/marble_fOKe_ws/install/custom_msgs/share/custom_msgs/package.sh'
[4.645s] INFO:colcon.colcon_core.shell:Creating package script '/home/strongy/MARBLE-Hackathon-Foke/marble_fOKe_ws/install/custom_msgs/share/custom_msgs/package.bash'
[4.646s] INFO:colcon.colcon_core.shell:Creating package script '/home/strongy/MARBLE-Hackathon-Foke/marble_fOKe_ws/install/custom_msgs/share/custom_msgs/package.zsh'
[4.647s] Level 1:colcon.colcon_core.environment:create_file_with_runtime_dependencies(/home/strongy/MARBLE-Hackathon-Foke/marble_fOKe_ws/install/custom_msgs/share/colcon-core/packages/custom_msgs)
[4.648s] INFO:colcon.colcon_ros.task.ament_python.build:Building ROS package in '/home/strongy/MARBLE-Hackathon-Foke/marble_fOKe_ws/src/comm_pkg' with build type 'ament_python'
[4.649s] Level 1:colcon.colcon_core.shell:create_environment_hook('comm_pkg', 'ament_prefix_path')
[4.652s] INFO:colcon.colcon_core.shell:Creating environment hook '/home/strongy/MARBLE-Hackathon-Foke/marble_fOKe_ws/install/comm_pkg/share/comm_pkg/hook/ament_prefix_path.ps1'
[4.654s] INFO:colcon.colcon_core.shell:Creating environment descriptor '/home/strongy/MARBLE-Hackathon-Foke/marble_fOKe_ws/install/comm_pkg/share/comm_pkg/hook/ament_prefix_path.dsv'
[4.654s] INFO:colcon.colcon_core.shell:Creating environment hook '/home/strongy/MARBLE-Hackathon-Foke/marble_fOKe_ws/install/comm_pkg/share/comm_pkg/hook/ament_prefix_path.sh'
[4.659s] INFO:colcon.colcon_core.shell:Skip shell extension 'powershell' for command environment: Not usable outside of PowerShell
[4.659s] DEBUG:colcon.colcon_core.shell:Skip shell extension 'dsv' for command environment
[4.670s] INFO:colcon.colcon_ros.task.ament_python.build:Building ROS package in '/home/strongy/MARBLE-Hackathon-Foke/marble_fOKe_ws/src/surfacing_script' with build type 'ament_python'
[4.670s] Level 1:colcon.colcon_core.shell:create_environment_hook('surfacing_script', 'ament_prefix_path')
[4.674s] INFO:colcon.colcon_core.shell:Creating environment hook '/home/strongy/MARBLE-Hackathon-Foke/marble_fOKe_ws/install/surfacing_script/share/surfacing_script/hook/ament_prefix_path.ps1'
[4.676s] INFO:colcon.colcon_core.shell:Creating environment descriptor '/home/strongy/MARBLE-Hackathon-Foke/marble_fOKe_ws/install/surfacing_script/share/surfacing_script/hook/ament_prefix_path.dsv'
[4.680s] INFO:colcon.colcon_core.shell:Creating environment hook '/home/strongy/MARBLE-Hackathon-Foke/marble_fOKe_ws/install/surfacing_script/share/surfacing_script/hook/ament_prefix_path.sh'
[4.686s] INFO:colcon.colcon_core.shell:Skip shell extension 'powershell' for command environment: Not usable outside of PowerShell
[4.686s] DEBUG:colcon.colcon_core.shell:Skip shell extension 'dsv' for command environment
[5.281s] INFO:colcon.colcon_core.task.python.build:Building Python package in '/home/strongy/MARBLE-Hackathon-Foke/marble_fOKe_ws/src/comm_pkg'
[5.283s] INFO:colcon.colcon_core.shell:Skip shell extension 'powershell' for command environment: Not usable outside of PowerShell
[5.284s] DEBUG:colcon.colcon_core.shell:Skip shell extension 'dsv' for command environment
[5.845s] INFO:colcon.colcon_core.task.python.build:Building Python package in '/home/strongy/MARBLE-Hackathon-Foke/marble_fOKe_ws/src/surfacing_script'
[5.847s] INFO:colcon.colcon_core.shell:Skip shell extension 'powershell' for command environment: Not usable outside of PowerShell
[5.847s] DEBUG:colcon.colcon_core.shell:Skip shell extension 'dsv' for command environment
[5.856s] Level 1:colcon.colcon_core.shell:create_environment_hook('marble_pkg', 'pythonpath_develop')
[5.858s] INFO:colcon.colcon_core.shell:Creating environment hook '/home/strongy/MARBLE-Hackathon-Foke/marble_fOKe_ws/build/marble_pkg/share/marble_pkg/hook/pythonpath_develop.ps1'
[5.859s] DEBUG:colcon.colcon_core.event_handler.log_command:Invoked command in '/home/strongy/MARBLE-Hackathon-Foke/marble_fOKe_ws/build/marble_pkg' returned '0': PYTHONPATH=/home/strongy/MARBLE-Hackathon-Foke/marble_fOKe_ws/build/marble_pkg/prefix_override:/home/strongy/MARBLE-Hackathon-Foke/marble_fOKe_ws/install/marble_pkg/lib/python3.10/site-packages:${PYTHONPATH} /usr/bin/python3 setup.py develop --editable --build-directory /home/strongy/MARBLE-Hackathon-Foke/marble_fOKe_ws/build/marble_pkg/build --no-deps install_data
[5.859s] INFO:colcon.colcon_core.shell:Creating environment descriptor '/home/strongy/MARBLE-Hackathon-Foke/marble_fOKe_ws/build/marble_pkg/share/marble_pkg/hook/pythonpath_develop.dsv'
[5.860s] INFO:colcon.colcon_core.shell:Creating environment hook '/home/strongy/MARBLE-Hackathon-Foke/marble_fOKe_ws/build/marble_pkg/share/marble_pkg/hook/pythonpath_develop.sh'
[5.865s] Level 1:colcon.colcon_core.environment:checking '/home/strongy/MARBLE-Hackathon-Foke/marble_fOKe_ws/install/marble_pkg' for CMake module files
[5.866s] Level 1:colcon.colcon_core.environment:checking '/home/strongy/MARBLE-Hackathon-Foke/marble_fOKe_ws/install/marble_pkg' for CMake config files
[5.867s] Level 1:colcon.colcon_core.environment:checking '/home/strongy/MARBLE-Hackathon-Foke/marble_fOKe_ws/install/marble_pkg/lib'
[5.867s] Level 1:colcon.colcon_core.environment:checking '/home/strongy/MARBLE-Hackathon-Foke/marble_fOKe_ws/install/marble_pkg/bin'
[5.867s] Level 1:colcon.colcon_core.environment:checking '/home/strongy/MARBLE-Hackathon-Foke/marble_fOKe_ws/install/marble_pkg/lib/pkgconfig/marble_pkg.pc'
[5.868s] Level 1:colcon.colcon_core.environment:checking '/home/strongy/MARBLE-Hackathon-Foke/marble_fOKe_ws/install/marble_pkg/lib/python3.10/site-packages'
[5.868s] Level 1:colcon.colcon_core.shell:create_environment_hook('marble_pkg', 'pythonpath')
[5.869s] INFO:colcon.colcon_core.shell:Creating environment hook '/home/strongy/MARBLE-Hackathon-Foke/marble_fOKe_ws/install/marble_pkg/share/marble_pkg/hook/pythonpath.ps1'
[5.870s] INFO:colcon.colcon_core.shell:Creating environment descriptor '/home/strongy/MARBLE-Hackathon-Foke/marble_fOKe_ws/install/marble_pkg/share/marble_pkg/hook/pythonpath.dsv'
[5.871s] INFO:colcon.colcon_core.shell:Creating environment hook '/home/strongy/MARBLE-Hackathon-Foke/marble_fOKe_ws/install/marble_pkg/share/marble_pkg/hook/pythonpath.sh'
[5.871s] Level 1:colcon.colcon_core.environment:checking '/home/strongy/MARBLE-Hackathon-Foke/marble_fOKe_ws/install/marble_pkg/bin'
[5.871s] Level 1:colcon.colcon_core.environment:create_environment_scripts_only(marble_pkg)
[5.873s] INFO:colcon.colcon_core.shell:Creating package script '/home/strongy/MARBLE-Hackathon-Foke/marble_fOKe_ws/install/marble_pkg/share/marble_pkg/package.ps1'
[5.874s] INFO:colcon.colcon_core.shell:Creating package descriptor '/home/strongy/MARBLE-Hackathon-Foke/marble_fOKe_ws/install/marble_pkg/share/marble_pkg/package.dsv'
[5.875s] INFO:colcon.colcon_core.shell:Creating package script '/home/strongy/MARBLE-Hackathon-Foke/marble_fOKe_ws/install/marble_pkg/share/marble_pkg/package.sh'
[5.876s] INFO:colcon.colcon_core.shell:Creating package script '/home/strongy/MARBLE-Hackathon-Foke/marble_fOKe_ws/install/marble_pkg/share/marble_pkg/package.bash'
[5.876s] INFO:colcon.colcon_core.shell:Creating package script '/home/strongy/MARBLE-Hackathon-Foke/marble_fOKe_ws/install/marble_pkg/share/marble_pkg/package.zsh'
[5.877s] Level 1:colcon.colcon_core.environment:create_file_with_runtime_dependencies(/home/strongy/MARBLE-Hackathon-Foke/marble_fOKe_ws/install/marble_pkg/share/colcon-core/packages/marble_pkg)
[6.411s] DEBUG:colcon.colcon_core.event_handler.log_command:Invoking command in '/home/strongy/MARBLE-Hackathon-Foke/marble_fOKe_ws/build/comm_pkg': PYTHONPATH=/home/strongy/MARBLE-Hackathon-Foke/marble_fOKe_ws/build/comm_pkg/prefix_override:/home/strongy/MARBLE-Hackathon-Foke/marble_fOKe_ws/install/comm_pkg/lib/python3.10/site-packages:${PYTHONPATH} /usr/bin/python3 setup.py develop --editable --build-directory /home/strongy/MARBLE-Hackathon-Foke/marble_fOKe_ws/build/comm_pkg/build --no-deps install_data
[6.519s] DEBUG:colcon.colcon_core.event_handler.log_command:Invoking command in '/home/strongy/MARBLE-Hackathon-Foke/marble_fOKe_ws/build/surfacing_script': PYTHONPATH=/home/strongy/MARBLE-Hackathon-Foke/marble_fOKe_ws/build/surfacing_script/prefix_override:/home/strongy/MARBLE-Hackathon-Foke/marble_fOKe_ws/install/surfacing_script/lib/python3.10/site-packages:${PYTHONPATH} /usr/bin/python3 setup.py develop --editable --build-directory /home/strongy/MARBLE-Hackathon-Foke/marble_fOKe_ws/build/surfacing_script/build --no-deps install_data
[7.209s] Level 1:colcon.colcon_core.shell:create_environment_hook('comm_pkg', 'pythonpath_develop')
[7.213s] INFO:colcon.colcon_core.shell:Creating environment hook '/home/strongy/MARBLE-Hackathon-Foke/marble_fOKe_ws/build/comm_pkg/share/comm_pkg/hook/pythonpath_develop.ps1'
[7.213s] DEBUG:colcon.colcon_core.event_handler.log_command:Invoked command in '/home/strongy/MARBLE-Hackathon-Foke/marble_fOKe_ws/build/comm_pkg' returned '0': PYTHONPATH=/home/strongy/MARBLE-Hackathon-Foke/marble_fOKe_ws/build/comm_pkg/prefix_override:/home/strongy/MARBLE-Hackathon-Foke/marble_fOKe_ws/install/comm_pkg/lib/python3.10/site-packages:${PYTHONPATH} /usr/bin/python3 setup.py develop --editable --build-directory /home/strongy/MARBLE-Hackathon-Foke/marble_fOKe_ws/build/comm_pkg/build --no-deps install_data
[7.214s] INFO:colcon.colcon_core.shell:Creating environment descriptor '/home/strongy/MARBLE-Hackathon-Foke/marble_fOKe_ws/build/comm_pkg/share/comm_pkg/hook/pythonpath_develop.dsv'
[7.216s] INFO:colcon.colcon_core.shell:Creating environment hook '/home/strongy/MARBLE-Hackathon-Foke/marble_fOKe_ws/build/comm_pkg/share/comm_pkg/hook/pythonpath_develop.sh'
[7.219s] Level 1:colcon.colcon_core.environment:checking '/home/strongy/MARBLE-Hackathon-Foke/marble_fOKe_ws/install/comm_pkg' for CMake module files
[7.220s] Level 1:colcon.colcon_core.environment:checking '/home/strongy/MARBLE-Hackathon-Foke/marble_fOKe_ws/install/comm_pkg' for CMake config files
[7.221s] Level 1:colcon.colcon_core.environment:checking '/home/strongy/MARBLE-Hackathon-Foke/marble_fOKe_ws/install/comm_pkg/lib'
[7.221s] Level 1:colcon.colcon_core.environment:checking '/home/strongy/MARBLE-Hackathon-Foke/marble_fOKe_ws/install/comm_pkg/bin'
[7.221s] Level 1:colcon.colcon_core.environment:checking '/home/strongy/MARBLE-Hackathon-Foke/marble_fOKe_ws/install/comm_pkg/lib/pkgconfig/comm_pkg.pc'
[7.221s] Level 1:colcon.colcon_core.environment:checking '/home/strongy/MARBLE-Hackathon-Foke/marble_fOKe_ws/install/comm_pkg/lib/python3.10/site-packages'
[7.222s] Level 1:colcon.colcon_core.shell:create_environment_hook('comm_pkg', 'pythonpath')
[7.225s] INFO:colcon.colcon_core.shell:Creating environment hook '/home/strongy/MARBLE-Hackathon-Foke/marble_fOKe_ws/install/comm_pkg/share/comm_pkg/hook/pythonpath.ps1'
[7.226s] INFO:colcon.colcon_core.shell:Creating environment descriptor '/home/strongy/MARBLE-Hackathon-Foke/marble_fOKe_ws/install/comm_pkg/share/comm_pkg/hook/pythonpath.dsv'
[7.227s] INFO:colcon.colcon_core.shell:Creating environment hook '/home/strongy/MARBLE-Hackathon-Foke/marble_fOKe_ws/install/comm_pkg/share/comm_pkg/hook/pythonpath.sh'
[7.228s] Level 1:colcon.colcon_core.environment:checking '/home/strongy/MARBLE-Hackathon-Foke/marble_fOKe_ws/install/comm_pkg/bin'
[7.229s] Level 1:colcon.colcon_core.environment:create_environment_scripts_only(comm_pkg)
[7.233s] INFO:colcon.colcon_core.shell:Creating package script '/home/strongy/MARBLE-Hackathon-Foke/marble_fOKe_ws/install/comm_pkg/share/comm_pkg/package.ps1'
[7.234s] INFO:colcon.colcon_core.shell:Creating package descriptor '/home/strongy/MARBLE-Hackathon-Foke/marble_fOKe_ws/install/comm_pkg/share/comm_pkg/package.dsv'
[7.235s] INFO:colcon.colcon_core.shell:Creating package script '/home/strongy/MARBLE-Hackathon-Foke/marble_fOKe_ws/install/comm_pkg/share/comm_pkg/package.sh'
[7.235s] INFO:colcon.colcon_core.shell:Creating package script '/home/strongy/MARBLE-Hackathon-Foke/marble_fOKe_ws/install/comm_pkg/share/comm_pkg/package.bash'
[7.236s] INFO:colcon.colcon_core.shell:Creating package script '/home/strongy/MARBLE-Hackathon-Foke/marble_fOKe_ws/install/comm_pkg/share/comm_pkg/package.zsh'
[7.236s] Level 1:colcon.colcon_core.environment:create_file_with_runtime_dependencies(/home/strongy/MARBLE-Hackathon-Foke/marble_fOKe_ws/install/comm_pkg/share/colcon-core/packages/comm_pkg)
[7.331s] Level 1:colcon.colcon_core.shell:create_environment_hook('surfacing_script', 'pythonpath_develop')
[7.333s] INFO:colcon.colcon_core.shell:Creating environment hook '/home/strongy/MARBLE-Hackathon-Foke/marble_fOKe_ws/build/surfacing_script/share/surfacing_script/hook/pythonpath_develop.ps1'
[7.335s] DEBUG:colcon.colcon_core.event_handler.log_command:Invoked command in '/home/strongy/MARBLE-Hackathon-Foke/marble_fOKe_ws/build/surfacing_script' returned '0': PYTHONPATH=/home/strongy/MARBLE-Hackathon-Foke/marble_fOKe_ws/build/surfacing_script/prefix_override:/home/strongy/MARBLE-Hackathon-Foke/marble_fOKe_ws/install/surfacing_script/lib/python3.10/site-packages:${PYTHONPATH} /usr/bin/python3 setup.py develop --editable --build-directory /home/strongy/MARBLE-Hackathon-Foke/marble_fOKe_ws/build/surfacing_script/build --no-deps install_data
[7.335s] INFO:colcon.colcon_core.shell:Creating environment descriptor '/home/strongy/MARBLE-Hackathon-Foke/marble_fOKe_ws/build/surfacing_script/share/surfacing_script/hook/pythonpath_develop.dsv'
[7.336s] INFO:colcon.colcon_core.shell:Creating environment hook '/home/strongy/MARBLE-Hackathon-Foke/marble_fOKe_ws/build/surfacing_script/share/surfacing_script/hook/pythonpath_develop.sh'
[7.339s] Level 1:colcon.colcon_core.environment:checking '/home/strongy/MARBLE-Hackathon-Foke/marble_fOKe_ws/install/surfacing_script' for CMake module files
[7.340s] Level 1:colcon.colcon_core.environment:checking '/home/strongy/MARBLE-Hackathon-Foke/marble_fOKe_ws/install/surfacing_script' for CMake config files
[7.340s] Level 1:colcon.colcon_core.environment:checking '/home/strongy/MARBLE-Hackathon-Foke/marble_fOKe_ws/install/surfacing_script/lib'
[7.341s] Level 1:colcon.colcon_core.environment:checking '/home/strongy/MARBLE-Hackathon-Foke/marble_fOKe_ws/install/surfacing_script/bin'
[7.341s] Level 1:colcon.colcon_core.environment:checking '/home/strongy/MARBLE-Hackathon-Foke/marble_fOKe_ws/install/surfacing_script/lib/pkgconfig/surfacing_script.pc'
[7.341s] Level 1:colcon.colcon_core.environment:checking '/home/strongy/MARBLE-Hackathon-Foke/marble_fOKe_ws/install/surfacing_script/lib/python3.10/site-packages'
[7.341s] Level 1:colcon.colcon_core.shell:create_environment_hook('surfacing_script', 'pythonpath')
[7.343s] INFO:colcon.colcon_core.shell:Creating environment hook '/home/strongy/MARBLE-Hackathon-Foke/marble_fOKe_ws/install/surfacing_script/share/surfacing_script/hook/pythonpath.ps1'
[7.344s] INFO:colcon.colcon_core.shell:Creating environment descriptor '/home/strongy/MARBLE-Hackathon-Foke/marble_fOKe_ws/install/surfacing_script/share/surfacing_script/hook/pythonpath.dsv'
[7.345s] INFO:colcon.colcon_core.shell:Creating environment hook '/home/strongy/MARBLE-Hackathon-Foke/marble_fOKe_ws/install/surfacing_script/share/surfacing_script/hook/pythonpath.sh'
[7.346s] Level 1:colcon.colcon_core.environment:checking '/home/strongy/MARBLE-Hackathon-Foke/marble_fOKe_ws/install/surfacing_script/bin'
[7.346s] Level 1:colcon.colcon_core.environment:create_environment_scripts_only(surfacing_script)
[7.348s] INFO:colcon.colcon_core.shell:Creating package script '/home/strongy/MARBLE-Hackathon-Foke/marble_fOKe_ws/install/surfacing_script/share/surfacing_script/package.ps1'
[7.349s] INFO:colcon.colcon_core.shell:Creating package descriptor '/home/strongy/MARBLE-Hackathon-Foke/marble_fOKe_ws/install/surfacing_script/share/surfacing_script/package.dsv'
[7.349s] INFO:colcon.colcon_core.shell:Creating package script '/home/strongy/MARBLE-Hackathon-Foke/marble_fOKe_ws/install/surfacing_script/share/surfacing_script/package.sh'
[7.350s] INFO:colcon.colcon_core.shell:Creating package script '/home/strongy/MARBLE-Hackathon-Foke/marble_fOKe_ws/install/surfacing_script/share/surfacing_script/package.bash'
[7.350s] INFO:colcon.colcon_core.shell:Creating package script '/home/strongy/MARBLE-Hackathon-Foke/marble_fOKe_ws/install/surfacing_script/share/surfacing_script/package.zsh'
[7.351s] Level 1:colcon.colcon_core.environment:create_file_with_runtime_dependencies(/home/strongy/MARBLE-Hackathon-Foke/marble_fOKe_ws/install/surfacing_script/share/colcon-core/packages/surfacing_script)
[7.351s] DEBUG:colcon.colcon_parallel_executor.executor.parallel:closing loop
[7.352s] DEBUG:colcon.colcon_parallel_executor.executor.parallel:loop closed
[7.353s] DEBUG:colcon.colcon_parallel_executor.executor.parallel:run_until_complete finished with '0'
[7.353s] DEBUG:colcon.colcon_core.event_reactor:joining thread
[7.372s] INFO:colcon.colcon_core.plugin_system:Skipping extension 'colcon_notification.desktop_notification.terminal_notifier': Not used on non-Darwin systems
[7.372s] INFO:colcon.colcon_core.plugin_system:Skipping extension 'colcon_notification.desktop_notification.win32': Not used on non-Windows systems
[7.372s] INFO:colcon.colcon_notification.desktop_notification:Sending desktop notification using 'notify2'
[8.554s] DEBUG:colcon.colcon_core.event_reactor:joined thread
[8.557s] INFO:colcon.colcon_core.shell:Creating prefix script '/home/strongy/MARBLE-Hackathon-Foke/marble_fOKe_ws/install/local_setup.ps1'
[8.559s] INFO:colcon.colcon_core.shell:Creating prefix util module '/home/strongy/MARBLE-Hackathon-Foke/marble_fOKe_ws/install/_local_setup_util_ps1.py'
[8.563s] INFO:colcon.colcon_core.shell:Creating prefix chain script '/home/strongy/MARBLE-Hackathon-Foke/marble_fOKe_ws/install/setup.ps1'
[8.567s] INFO:colcon.colcon_core.shell:Creating prefix script '/home/strongy/MARBLE-Hackathon-Foke/marble_fOKe_ws/install/local_setup.sh'
[8.568s] INFO:colcon.colcon_core.shell:Creating prefix util module '/home/strongy/MARBLE-Hackathon-Foke/marble_fOKe_ws/install/_local_setup_util_sh.py'
[8.569s] INFO:colcon.colcon_core.shell:Creating prefix chain script '/home/strongy/MARBLE-Hackathon-Foke/marble_fOKe_ws/install/setup.sh'
[8.572s] INFO:colcon.colcon_core.shell:Creating prefix script '/home/strongy/MARBLE-Hackathon-Foke/marble_fOKe_ws/install/local_setup.bash'
[8.573s] INFO:colcon.colcon_core.shell:Creating prefix chain script '/home/strongy/MARBLE-Hackathon-Foke/marble_fOKe_ws/install/setup.bash'
[8.577s] INFO:colcon.colcon_core.shell:Creating prefix script '/home/strongy/MARBLE-Hackathon-Foke/marble_fOKe_ws/install/local_setup.zsh'
[8.579s] INFO:colcon.colcon_core.shell:Creating prefix chain script '/home/strongy/MARBLE-Hackathon-Foke/marble_fOKe_ws/install/setup.zsh'
