[1.490s] DEBUG:colcon:Command line arguments: ['/usr/bin/colcon', 'build', '--symlink-install']
[1.490s] DEBUG:colcon:Parsed command line arguments: Namespace(log_base=None, log_level=None, verb_name='build', build_base='build', install_base='install', merge_install=False, symlink_install=True, test_result_base=None, continue_on_error=False, executor='parallel', parallel_workers=8, event_handlers=None, ignore_user_meta=False, metas=['./colcon.meta'], base_paths=['.'], packages_ignore=None, packages_ignore_regex=None, paths=None, packages_up_to=None, packages_up_to_regex=None, packages_above=None, packages_above_and_dependencies=None, packages_above_depth=None, packages_select_by_dep=None, packages_skip_by_dep=None, packages_skip_up_to=None, packages_select_build_failed=False, packages_skip_build_finished=False, packages_select_test_failures=False, packages_skip_test_passed=False, packages_select=None, packages_skip=None, packages_select_regex=None, packages_skip_regex=None, packages_start=None, packages_end=None, allow_overriding=[], cmake_args=None, cmake_target=None, cmake_target_skip_unavailable=False, cmake_clean_cache=False, cmake_clean_first=False, cmake_force_configure=False, ament_cmake_args=None, catkin_cmake_args=None, catkin_skip_building_tests=False, verb_parser=<colcon_defaults.argument_parser.defaults.DefaultArgumentsDecorator object at 0x7fc11983fdf0>, verb_extension=<colcon_core.verb.build.BuildVerb object at 0x7fc11983f880>, main=<bound method BuildVerb.main of <colcon_core.verb.build.BuildVerb object at 0x7fc11983f880>>)
[1.650s] Level 1:colcon.colcon_core.package_discovery:discover_packages(colcon_meta) check parameters
[1.661s] Level 1:colcon.colcon_core.package_discovery:discover_packages(recursive) check parameters
[1.661s] Level 1:colcon.colcon_core.package_discovery:discover_packages(ignore) check parameters
[1.661s] Level 1:colcon.colcon_core.package_discovery:discover_packages(path) check parameters
[1.661s] Level 1:colcon.colcon_core.package_discovery:discover_packages(colcon_meta) discover
[1.661s] Level 1:colcon.colcon_core.package_discovery:discover_packages(recursive) discover
[1.662s] INFO:colcon.colcon_core.package_discovery:Crawling recursively for packages in '/home/strongy/MARBLE-Hackathon-Foke/marble_fOKe_ws'
[1.662s] Level 1:colcon.colcon_core.package_identification:_identify(.) by extensions ['ignore', 'ignore_ament_install']
[1.662s] Level 1:colcon.colcon_core.package_identification:_identify(.) by extension 'ignore'
[1.662s] Level 1:colcon.colcon_core.package_identification:_identify(.) by extension 'ignore_ament_install'
[1.663s] Level 1:colcon.colcon_core.package_identification:_identify(.) by extensions ['colcon_pkg']
[1.663s] Level 1:colcon.colcon_core.package_identification:_identify(.) by extension 'colcon_pkg'
[1.663s] Level 1:colcon.colcon_core.package_identification:_identify(.) by extensions ['colcon_meta']
[1.663s] Level 1:colcon.colcon_core.package_identification:_identify(.) by extension 'colcon_meta'
[1.664s] Level 1:colcon.colcon_core.package_identification:_identify(.) by extensions ['ros']
[1.664s] Level 1:colcon.colcon_core.package_identification:_identify(.) by extension 'ros'
[1.729s] Level 1:colcon.colcon_core.package_identification:_identify(.) by extensions ['cmake', 'python']
[1.741s] Level 1:colcon.colcon_core.package_identification:_identify(.) by extension 'cmake'
[1.741s] Level 1:colcon.colcon_core.package_identification:_identify(.) by extension 'python'
[1.741s] Level 1:colcon.colcon_core.package_identification:_identify(.) by extensions ['python_setup_py']
[1.741s] Level 1:colcon.colcon_core.package_identification:_identify(.) by extension 'python_setup_py'
[1.742s] Level 1:colcon.colcon_core.package_identification:_identify(build) by extensions ['ignore', 'ignore_ament_install']
[1.742s] Level 1:colcon.colcon_core.package_identification:_identify(build) by extension 'ignore'
[1.742s] Level 1:colcon.colcon_core.package_identification:_identify(build) ignored
[1.742s] Level 1:colcon.colcon_core.package_identification:_identify(install) by extensions ['ignore', 'ignore_ament_install']
[1.742s] Level 1:colcon.colcon_core.package_identification:_identify(install) by extension 'ignore'
[1.743s] Level 1:colcon.colcon_core.package_identification:_identify(install) ignored
[1.743s] Level 1:colcon.colcon_core.package_identification:_identify(log) by extensions ['ignore', 'ignore_ament_install']
[1.743s] Level 1:colcon.colcon_core.package_identification:_identify(log) by extension 'ignore'
[1.743s] Level 1:colcon.colcon_core.package_identification:_identify(log) ignored
[1.743s] Level 1:colcon.colcon_core.package_identification:_identify(src) by extensions ['ignore', 'ignore_ament_install']
[1.743s] Level 1:colcon.colcon_core.package_identification:_identify(src) by extension 'ignore'
[1.743s] Level 1:colcon.colcon_core.package_identification:_identify(src) by extension 'ignore_ament_install'
[1.744s] Level 1:colcon.colcon_core.package_identification:_identify(src) by extensions ['colcon_pkg']
[1.744s] Level 1:colcon.colcon_core.package_identification:_identify(src) by extension 'colcon_pkg'
[1.744s] Level 1:colcon.colcon_core.package_identification:_identify(src) by extensions ['colcon_meta']
[1.744s] Level 1:colcon.colcon_core.package_identification:_identify(src) by extension 'colcon_meta'
[1.744s] Level 1:colcon.colcon_core.package_identification:_identify(src) by extensions ['ros']
[1.744s] Level 1:colcon.colcon_core.package_identification:_identify(src) by extension 'ros'
[1.744s] Level 1:colcon.colcon_core.package_identification:_identify(src) by extensions ['cmake', 'python']
[1.744s] Level 1:colcon.colcon_core.package_identification:_identify(src) by extension 'cmake'
[1.744s] Level 1:colcon.colcon_core.package_identification:_identify(src) by extension 'python'
[1.744s] Level 1:colcon.colcon_core.package_identification:_identify(src) by extensions ['python_setup_py']
[1.745s] Level 1:colcon.colcon_core.package_identification:_identify(src) by extension 'python_setup_py'
[1.745s] Level 1:colcon.colcon_core.package_identification:_identify(src/comm_pkg) by extensions ['ignore', 'ignore_ament_install']
[1.745s] Level 1:colcon.colcon_core.package_identification:_identify(src/comm_pkg) by extension 'ignore'
[1.745s] Level 1:colcon.colcon_core.package_identification:_identify(src/comm_pkg) by extension 'ignore_ament_install'
[1.745s] Level 1:colcon.colcon_core.package_identification:_identify(src/comm_pkg) by extensions ['colcon_pkg']
[1.745s] Level 1:colcon.colcon_core.package_identification:_identify(src/comm_pkg) by extension 'colcon_pkg'
[1.745s] Level 1:colcon.colcon_core.package_identification:_identify(src/comm_pkg) by extensions ['colcon_meta']
[1.745s] Level 1:colcon.colcon_core.package_identification:_identify(src/comm_pkg) by extension 'colcon_meta'
[1.746s] Level 1:colcon.colcon_core.package_identification:_identify(src/comm_pkg) by extensions ['ros']
[1.746s] Level 1:colcon.colcon_core.package_identification:_identify(src/comm_pkg) by extension 'ros'
[1.762s] DEBUG:colcon.colcon_core.package_identification:Package 'src/comm_pkg' with type 'ros.ament_python' and name 'comm_pkg'
[1.773s] Level 1:colcon.colcon_core.package_identification:_identify(src/custom_msgs) by extensions ['ignore', 'ignore_ament_install']
[1.773s] Level 1:colcon.colcon_core.package_identification:_identify(src/custom_msgs) by extension 'ignore'
[1.773s] Level 1:colcon.colcon_core.package_identification:_identify(src/custom_msgs) by extension 'ignore_ament_install'
[1.774s] Level 1:colcon.colcon_core.package_identification:_identify(src/custom_msgs) by extensions ['colcon_pkg']
[1.774s] Level 1:colcon.colcon_core.package_identification:_identify(src/custom_msgs) by extension 'colcon_pkg'
[1.774s] Level 1:colcon.colcon_core.package_identification:_identify(src/custom_msgs) by extensions ['colcon_meta']
[1.774s] Level 1:colcon.colcon_core.package_identification:_identify(src/custom_msgs) by extension 'colcon_meta'
[1.774s] Level 1:colcon.colcon_core.package_identification:_identify(src/custom_msgs) by extensions ['ros']
[1.774s] Level 1:colcon.colcon_core.package_identification:_identify(src/custom_msgs) by extension 'ros'
[1.778s] DEBUG:colcon.colcon_core.package_identification:Package 'src/custom_msgs' with type 'ros.ament_cmake' and name 'custom_msgs'
[1.778s] Level 1:colcon.colcon_core.package_identification:_identify(src/marble_pkg) by extensions ['ignore', 'ignore_ament_install']
[1.779s] Level 1:colcon.colcon_core.package_identification:_identify(src/marble_pkg) by extension 'ignore'
[1.789s] Level 1:colcon.colcon_core.package_identification:_identify(src/marble_pkg) by extension 'ignore_ament_install'
[1.789s] Level 1:colcon.colcon_core.package_identification:_identify(src/marble_pkg) by extensions ['colcon_pkg']
[1.789s] Level 1:colcon.colcon_core.package_identification:_identify(src/marble_pkg) by extension 'colcon_pkg'
[1.789s] Level 1:colcon.colcon_core.package_identification:_identify(src/marble_pkg) by extensions ['colcon_meta']
[1.789s] Level 1:colcon.colcon_core.package_identification:_identify(src/marble_pkg) by extension 'colcon_meta'
[1.790s] Level 1:colcon.colcon_core.package_identification:_identify(src/marble_pkg) by extensions ['ros']
[1.790s] Level 1:colcon.colcon_core.package_identification:_identify(src/marble_pkg) by extension 'ros'
[1.791s] DEBUG:colcon.colcon_core.package_identification:Package 'src/marble_pkg' with type 'ros.ament_python' and name 'marble_pkg'
[1.791s] Level 1:colcon.colcon_core.package_identification:_identify(src/surfacing_script) by extensions ['ignore', 'ignore_ament_install']
[1.791s] Level 1:colcon.colcon_core.package_identification:_identify(src/surfacing_script) by extension 'ignore'
[1.791s] Level 1:colcon.colcon_core.package_identification:_identify(src/surfacing_script) by extension 'ignore_ament_install'
[1.791s] Level 1:colcon.colcon_core.package_identification:_identify(src/surfacing_script) by extensions ['colcon_pkg']
[1.791s] Level 1:colcon.colcon_core.package_identification:_identify(src/surfacing_script) by extension 'colcon_pkg'
[1.792s] Level 1:colcon.colcon_core.package_identification:_identify(src/surfacing_script) by extensions ['colcon_meta']
[1.792s] Level 1:colcon.colcon_core.package_identification:_identify(src/surfacing_script) by extension 'colcon_meta'
[1.792s] Level 1:colcon.colcon_core.package_identification:_identify(src/surfacing_script) by extensions ['ros']
[1.792s] Level 1:colcon.colcon_core.package_identification:_identify(src/surfacing_script) by extension 'ros'
[1.793s] DEBUG:colcon.colcon_core.package_identification:Package 'src/surfacing_script' with type 'ros.ament_python' and name 'surfacing_script'
[1.793s] Level 1:colcon.colcon_core.package_discovery:discover_packages(recursive) using defaults
[1.793s] Level 1:colcon.colcon_core.package_discovery:discover_packages(ignore) discover
[1.793s] Level 1:colcon.colcon_core.package_discovery:discover_packages(ignore) using defaults
[1.793s] Level 1:colcon.colcon_core.package_discovery:discover_packages(path) discover
[1.793s] Level 1:colcon.colcon_core.package_discovery:discover_packages(path) using defaults
[1.935s] Level 1:colcon.colcon_core.package_discovery:discover_packages(prefix_path) check parameters
[1.935s] Level 1:colcon.colcon_core.package_discovery:discover_packages(prefix_path) discover
[1.939s] WARNING:colcon.colcon_core.prefix_path.colcon:The path '/home/strongy/MARBLE-Hackathon-Foke/marble_comms/install' in the environment variable COLCON_PREFIX_PATH doesn't exist
[1.939s] WARNING:colcon.colcon_core.prefix_path.colcon:The path '/home/strongy/MARBLE-Hackathon-Foke/marble_fOKe/install' in the environment variable COLCON_PREFIX_PATH doesn't exist
[1.949s] WARNING:colcon.colcon_ros.prefix_path.ament:The path '/home/strongy/MARBLE-Hackathon-Foke/marble_fOKe/install/surfacing_script' in the environment variable AMENT_PREFIX_PATH doesn't exist
[1.950s] WARNING:colcon.colcon_ros.prefix_path.ament:The path '/home/strongy/MARBLE-Hackathon-Foke/marble_fOKe/install/marble_pkg' in the environment variable AMENT_PREFIX_PATH doesn't exist
[1.950s] WARNING:colcon.colcon_ros.prefix_path.ament:The path '/home/strongy/MARBLE-Hackathon-Foke/marble_fOKe/install/comm_pkg' in the environment variable AMENT_PREFIX_PATH doesn't exist
[1.950s] WARNING:colcon.colcon_ros.prefix_path.ament:The path '/home/strongy/MARBLE-Hackathon-Foke/marble_fOKe/install/comms_package' in the environment variable AMENT_PREFIX_PATH doesn't exist
[1.950s] WARNING:colcon.colcon_ros.prefix_path.ament:The path '/home/strongy/MARBLE-Hackathon-Foke/marble_comms/install/surfacing_script' in the environment variable AMENT_PREFIX_PATH doesn't exist
[1.950s] WARNING:colcon.colcon_ros.prefix_path.ament:The path '/home/strongy/MARBLE-Hackathon-Foke/marble_comms/install/marble_pkg' in the environment variable AMENT_PREFIX_PATH doesn't exist
[1.950s] WARNING:colcon.colcon_ros.prefix_path.ament:The path '/home/strongy/MARBLE-Hackathon-Foke/marble_comms/install/comm_pkg' in the environment variable AMENT_PREFIX_PATH doesn't exist
[1.950s] WARNING:colcon.colcon_ros.prefix_path.ament:The path '/home/strongy/MARBLE-Hackathon-Foke/marble_comms/install/custom_msgs' in the environment variable AMENT_PREFIX_PATH doesn't exist
[1.950s] WARNING:colcon.colcon_ros.prefix_path.ament:The path '/home/strongy/MARBLE-Hackathon-Foke/marble_comms/install/comms_package' in the environment variable AMENT_PREFIX_PATH doesn't exist
[1.951s] WARNING:colcon.colcon_ros.prefix_path.catkin:The path '/home/strongy/MARBLE-Hackathon-Foke/marble_fOKe/install/custom_msgs' in the environment variable CMAKE_PREFIX_PATH doesn't exist
[1.951s] WARNING:colcon.colcon_ros.prefix_path.catkin:The path '/home/strongy/MARBLE-Hackathon-Foke/marble_comms/install/custom_msgs' in the environment variable CMAKE_PREFIX_PATH doesn't exist
[1.954s] DEBUG:colcon.colcon_installed_package_information.package_discovery:Found 4 installed packages in /home/strongy/MARBLE-Hackathon-Foke/marble_fOKe_ws/install
[1.969s] DEBUG:colcon.colcon_installed_package_information.package_discovery:Found 270 installed packages in /opt/ros/humble
[1.984s] Level 1:colcon.colcon_core.package_discovery:discover_packages(prefix_path) using defaults
[2.386s] Level 5:colcon.colcon_core.verb:set package 'custom_msgs' build argument 'cmake_args' from command line to 'None'
[2.386s] Level 5:colcon.colcon_core.verb:set package 'custom_msgs' build argument 'cmake_target' from command line to 'None'
[2.386s] Level 5:colcon.colcon_core.verb:set package 'custom_msgs' build argument 'cmake_target_skip_unavailable' from command line to 'False'
[2.386s] Level 5:colcon.colcon_core.verb:set package 'custom_msgs' build argument 'cmake_clean_cache' from command line to 'False'
[2.386s] Level 5:colcon.colcon_core.verb:set package 'custom_msgs' build argument 'cmake_clean_first' from command line to 'False'
[2.387s] Level 5:colcon.colcon_core.verb:set package 'custom_msgs' build argument 'cmake_force_configure' from command line to 'False'
[2.397s] Level 5:colcon.colcon_core.verb:set package 'custom_msgs' build argument 'ament_cmake_args' from command line to 'None'
[2.397s] Level 5:colcon.colcon_core.verb:set package 'custom_msgs' build argument 'catkin_cmake_args' from command line to 'None'
[2.397s] Level 5:colcon.colcon_core.verb:set package 'custom_msgs' build argument 'catkin_skip_building_tests' from command line to 'False'
[2.397s] DEBUG:colcon.colcon_core.verb:Building package 'custom_msgs' with the following arguments: {'ament_cmake_args': None, 'build_base': '/home/strongy/MARBLE-Hackathon-Foke/marble_fOKe_ws/build/custom_msgs', 'catkin_cmake_args': None, 'catkin_skip_building_tests': False, 'cmake_args': None, 'cmake_clean_cache': False, 'cmake_clean_first': False, 'cmake_force_configure': False, 'cmake_target': None, 'cmake_target_skip_unavailable': False, 'install_base': '/home/strongy/MARBLE-Hackathon-Foke/marble_fOKe_ws/install/custom_msgs', 'merge_install': False, 'path': '/home/strongy/MARBLE-Hackathon-Foke/marble_fOKe_ws/src/custom_msgs', 'symlink_install': True, 'test_result_base': None}
[2.401s] Level 5:colcon.colcon_core.verb:set package 'marble_pkg' build argument 'cmake_args' from command line to 'None'
[2.401s] Level 5:colcon.colcon_core.verb:set package 'marble_pkg' build argument 'cmake_target' from command line to 'None'
[2.401s] Level 5:colcon.colcon_core.verb:set package 'marble_pkg' build argument 'cmake_target_skip_unavailable' from command line to 'False'
[2.401s] Level 5:colcon.colcon_core.verb:set package 'marble_pkg' build argument 'cmake_clean_cache' from command line to 'False'
[2.402s] Level 5:colcon.colcon_core.verb:set package 'marble_pkg' build argument 'cmake_clean_first' from command line to 'False'
[2.402s] Level 5:colcon.colcon_core.verb:set package 'marble_pkg' build argument 'cmake_force_configure' from command line to 'False'
[2.402s] Level 5:colcon.colcon_core.verb:set package 'marble_pkg' build argument 'ament_cmake_args' from command line to 'None'
[2.402s] Level 5:colcon.colcon_core.verb:set package 'marble_pkg' build argument 'catkin_cmake_args' from command line to 'None'
[2.402s] Level 5:colcon.colcon_core.verb:set package 'marble_pkg' build argument 'catkin_skip_building_tests' from command line to 'False'
[2.402s] DEBUG:colcon.colcon_core.verb:Building package 'marble_pkg' with the following arguments: {'ament_cmake_args': None, 'build_base': '/home/strongy/MARBLE-Hackathon-Foke/marble_fOKe_ws/build/marble_pkg', 'catkin_cmake_args': None, 'catkin_skip_building_tests': False, 'cmake_args': None, 'cmake_clean_cache': False, 'cmake_clean_first': False, 'cmake_force_configure': False, 'cmake_target': None, 'cmake_target_skip_unavailable': False, 'install_base': '/home/strongy/MARBLE-Hackathon-Foke/marble_fOKe_ws/install/marble_pkg', 'merge_install': False, 'path': '/home/strongy/MARBLE-Hackathon-Foke/marble_fOKe_ws/src/marble_pkg', 'symlink_install': True, 'test_result_base': None}
[2.415s] Level 5:colcon.colcon_core.verb:set package 'comm_pkg' build argument 'cmake_args' from command line to 'None'
[2.415s] Level 5:colcon.colcon_core.verb:set package 'comm_pkg' build argument 'cmake_target' from command line to 'None'
[2.415s] Level 5:colcon.colcon_core.verb:set package 'comm_pkg' build argument 'cmake_target_skip_unavailable' from command line to 'False'
[2.415s] Level 5:colcon.colcon_core.verb:set package 'comm_pkg' build argument 'cmake_clean_cache' from command line to 'False'
[2.415s] Level 5:colcon.colcon_core.verb:set package 'comm_pkg' build argument 'cmake_clean_first' from command line to 'False'
[2.415s] Level 5:colcon.colcon_core.verb:set package 'comm_pkg' build argument 'cmake_force_configure' from command line to 'False'
[2.415s] Level 5:colcon.colcon_core.verb:set package 'comm_pkg' build argument 'ament_cmake_args' from command line to 'None'
[2.415s] Level 5:colcon.colcon_core.verb:set package 'comm_pkg' build argument 'catkin_cmake_args' from command line to 'None'
[2.415s] Level 5:colcon.colcon_core.verb:set package 'comm_pkg' build argument 'catkin_skip_building_tests' from command line to 'False'
[2.416s] DEBUG:colcon.colcon_core.verb:Building package 'comm_pkg' with the following arguments: {'ament_cmake_args': None, 'build_base': '/home/strongy/MARBLE-Hackathon-Foke/marble_fOKe_ws/build/comm_pkg', 'catkin_cmake_args': None, 'catkin_skip_building_tests': False, 'cmake_args': None, 'cmake_clean_cache': False, 'cmake_clean_first': False, 'cmake_force_configure': False, 'cmake_target': None, 'cmake_target_skip_unavailable': False, 'install_base': '/home/strongy/MARBLE-Hackathon-Foke/marble_fOKe_ws/install/comm_pkg', 'merge_install': False, 'path': '/home/strongy/MARBLE-Hackathon-Foke/marble_fOKe_ws/src/comm_pkg', 'symlink_install': True, 'test_result_base': None}
[2.429s] Level 5:colcon.colcon_core.verb:set package 'surfacing_script' build argument 'cmake_args' from command line to 'None'
[2.429s] Level 5:colcon.colcon_core.verb:set package 'surfacing_script' build argument 'cmake_target' from command line to 'None'
[2.429s] Level 5:colcon.colcon_core.verb:set package 'surfacing_script' build argument 'cmake_target_skip_unavailable' from command line to 'False'
[2.429s] Level 5:colcon.colcon_core.verb:set package 'surfacing_script' build argument 'cmake_clean_cache' from command line to 'False'
[2.429s] Level 5:colcon.colcon_core.verb:set package 'surfacing_script' build argument 'cmake_clean_first' from command line to 'False'
[2.429s] Level 5:colcon.colcon_core.verb:set package 'surfacing_script' build argument 'cmake_force_configure' from command line to 'False'
[2.430s] Level 5:colcon.colcon_core.verb:set package 'surfacing_script' build argument 'ament_cmake_args' from command line to 'None'
[2.430s] Level 5:colcon.colcon_core.verb:set package 'surfacing_script' build argument 'catkin_cmake_args' from command line to 'None'
[2.430s] Level 5:colcon.colcon_core.verb:set package 'surfacing_script' build argument 'catkin_skip_building_tests' from command line to 'False'
[2.430s] DEBUG:colcon.colcon_core.verb:Building package 'surfacing_script' with the following arguments: {'ament_cmake_args': None, 'build_base': '/home/strongy/MARBLE-Hackathon-Foke/marble_fOKe_ws/build/surfacing_script', 'catkin_cmake_args': None, 'catkin_skip_building_tests': False, 'cmake_args': None, 'cmake_clean_cache': False, 'cmake_clean_first': False, 'cmake_force_configure': False, 'cmake_target': None, 'cmake_target_skip_unavailable': False, 'install_base': '/home/strongy/MARBLE-Hackathon-Foke/marble_fOKe_ws/install/surfacing_script', 'merge_install': False, 'path': '/home/strongy/MARBLE-Hackathon-Foke/marble_fOKe_ws/src/surfacing_script', 'symlink_install': True, 'test_result_base': None}
[2.433s] INFO:colcon.colcon_core.executor:Executing jobs using 'parallel' executor
[2.451s] DEBUG:colcon.colcon_parallel_executor.executor.parallel:run_until_complete
[2.451s] INFO:colcon.colcon_ros.task.ament_cmake.build:Building ROS package in '/home/strongy/MARBLE-Hackathon-Foke/marble_fOKe_ws/src/custom_msgs' with build type 'ament_cmake'
[2.452s] INFO:colcon.colcon_cmake.task.cmake.build:Building CMake package in '/home/strongy/MARBLE-Hackathon-Foke/marble_fOKe_ws/src/custom_msgs'
[2.481s] INFO:colcon.colcon_core.plugin_system:Skipping extension 'colcon_core.shell.bat': Not used on non-Windows systems
[2.481s] INFO:colcon.colcon_core.shell:Skip shell extension 'powershell' for command environment: Not usable outside of PowerShell
[2.481s] DEBUG:colcon.colcon_core.shell:Skip shell extension 'dsv' for command environment
[2.514s] INFO:colcon.colcon_ros.task.ament_python.build:Building ROS package in '/home/strongy/MARBLE-Hackathon-Foke/marble_fOKe_ws/src/marble_pkg' with build type 'ament_python'
[2.515s] Level 1:colcon.colcon_core.shell:create_environment_hook('marble_pkg', 'ament_prefix_path')
[2.528s] INFO:colcon.colcon_core.shell:Creating environment hook '/home/strongy/MARBLE-Hackathon-Foke/marble_fOKe_ws/install/marble_pkg/share/marble_pkg/hook/ament_prefix_path.ps1'
[2.530s] INFO:colcon.colcon_core.shell:Creating environment descriptor '/home/strongy/MARBLE-Hackathon-Foke/marble_fOKe_ws/install/marble_pkg/share/marble_pkg/hook/ament_prefix_path.dsv'
[2.530s] INFO:colcon.colcon_core.shell:Creating environment hook '/home/strongy/MARBLE-Hackathon-Foke/marble_fOKe_ws/install/marble_pkg/share/marble_pkg/hook/ament_prefix_path.sh'
[2.546s] INFO:colcon.colcon_core.shell:Skip shell extension 'powershell' for command environment: Not usable outside of PowerShell
[2.546s] DEBUG:colcon.colcon_core.shell:Skip shell extension 'dsv' for command environment
[2.606s] DEBUG:colcon.colcon_core.event_handler.log_command:Invoking command in '/home/strongy/MARBLE-Hackathon-Foke/marble_fOKe_ws/build/custom_msgs': CMAKE_PREFIX_PATH=${CMAKE_PREFIX_PATH}:/home/strongy/MARBLE-Hackathon-Foke/marble_fOKe_ws/install/surfacing_script:/home/strongy/MARBLE-Hackathon-Foke/marble_fOKe_ws/install/marble_pkg:/home/strongy/MARBLE-Hackathon-Foke/marble_fOKe_ws/install/comm_pkg:/home/strongy/MARBLE-Hackathon-Foke/marble_fOKe/install/surfacing_script:/home/strongy/MARBLE-Hackathon-Foke/marble_fOKe/install/marble_pkg:/home/strongy/MARBLE-Hackathon-Foke/marble_fOKe/install/comm_pkg:/home/strongy/MARBLE-Hackathon-Foke/marble_fOKe/install/comms_package:/home/strongy/MARBLE-Hackathon-Foke/marble_comms/install/surfacing_script:/home/strongy/MARBLE-Hackathon-Foke/marble_comms/install/marble_pkg:/home/strongy/MARBLE-Hackathon-Foke/marble_comms/install/comm_pkg:/home/strongy/MARBLE-Hackathon-Foke/marble_comms/install/comms_package:/opt/ros/humble /usr/bin/cmake --build /home/strongy/MARBLE-Hackathon-Foke/marble_fOKe_ws/build/custom_msgs -- -j8 -l8
[4.378s] INFO:colcon.colcon_core.task.python.build:Building Python package in '/home/strongy/MARBLE-Hackathon-Foke/marble_fOKe_ws/src/marble_pkg'
[4.382s] INFO:colcon.colcon_core.shell:Skip shell extension 'powershell' for command environment: Not usable outside of PowerShell
[4.382s] DEBUG:colcon.colcon_core.shell:Skip shell extension 'dsv' for command environment
[4.590s] DEBUG:colcon.colcon_core.event_handler.log_command:Invoked command in '/home/strongy/MARBLE-Hackathon-Foke/marble_fOKe_ws/build/custom_msgs' returned '0': CMAKE_PREFIX_PATH=${CMAKE_PREFIX_PATH}:/home/strongy/MARBLE-Hackathon-Foke/marble_fOKe_ws/install/surfacing_script:/home/strongy/MARBLE-Hackathon-Foke/marble_fOKe_ws/install/marble_pkg:/home/strongy/MARBLE-Hackathon-Foke/marble_fOKe_ws/install/comm_pkg:/home/strongy/MARBLE-Hackathon-Foke/marble_fOKe/install/surfacing_script:/home/strongy/MARBLE-Hackathon-Foke/marble_fOKe/install/marble_pkg:/home/strongy/MARBLE-Hackathon-Foke/marble_fOKe/install/comm_pkg:/home/strongy/MARBLE-Hackathon-Foke/marble_fOKe/install/comms_package:/home/strongy/MARBLE-Hackathon-Foke/marble_comms/install/surfacing_script:/home/strongy/MARBLE-Hackathon-Foke/marble_comms/install/marble_pkg:/home/strongy/MARBLE-Hackathon-Foke/marble_comms/install/comm_pkg:/home/strongy/MARBLE-Hackathon-Foke/marble_comms/install/comms_package:/opt/ros/humble /usr/bin/cmake --build /home/strongy/MARBLE-Hackathon-Foke/marble_fOKe_ws/build/custom_msgs -- -j8 -l8
[4.728s] DEBUG:colcon.colcon_core.event_handler.log_command:Invoking command in '/home/strongy/MARBLE-Hackathon-Foke/marble_fOKe_ws/build/custom_msgs': CMAKE_PREFIX_PATH=${CMAKE_PREFIX_PATH}:/home/strongy/MARBLE-Hackathon-Foke/marble_fOKe_ws/install/surfacing_script:/home/strongy/MARBLE-Hackathon-Foke/marble_fOKe_ws/install/marble_pkg:/home/strongy/MARBLE-Hackathon-Foke/marble_fOKe_ws/install/comm_pkg:/home/strongy/MARBLE-Hackathon-Foke/marble_fOKe/install/surfacing_script:/home/strongy/MARBLE-Hackathon-Foke/marble_fOKe/install/marble_pkg:/home/strongy/MARBLE-Hackathon-Foke/marble_fOKe/install/comm_pkg:/home/strongy/MARBLE-Hackathon-Foke/marble_fOKe/install/comms_package:/home/strongy/MARBLE-Hackathon-Foke/marble_comms/install/surfacing_script:/home/strongy/MARBLE-Hackathon-Foke/marble_comms/install/marble_pkg:/home/strongy/MARBLE-Hackathon-Foke/marble_comms/install/comm_pkg:/home/strongy/MARBLE-Hackathon-Foke/marble_comms/install/comms_package:/opt/ros/humble /usr/bin/cmake --install /home/strongy/MARBLE-Hackathon-Foke/marble_fOKe_ws/build/custom_msgs
[4.897s] Level 1:colcon.colcon_core.environment:create_environment_scripts_only(custom_msgs)
[4.898s] DEBUG:colcon.colcon_core.event_handler.log_command:Invoked command in '/home/strongy/MARBLE-Hackathon-Foke/marble_fOKe_ws/build/custom_msgs' returned '0': CMAKE_PREFIX_PATH=${CMAKE_PREFIX_PATH}:/home/strongy/MARBLE-Hackathon-Foke/marble_fOKe_ws/install/surfacing_script:/home/strongy/MARBLE-Hackathon-Foke/marble_fOKe_ws/install/marble_pkg:/home/strongy/MARBLE-Hackathon-Foke/marble_fOKe_ws/install/comm_pkg:/home/strongy/MARBLE-Hackathon-Foke/marble_fOKe/install/surfacing_script:/home/strongy/MARBLE-Hackathon-Foke/marble_fOKe/install/marble_pkg:/home/strongy/MARBLE-Hackathon-Foke/marble_fOKe/install/comm_pkg:/home/strongy/MARBLE-Hackathon-Foke/marble_fOKe/install/comms_package:/home/strongy/MARBLE-Hackathon-Foke/marble_comms/install/surfacing_script:/home/strongy/MARBLE-Hackathon-Foke/marble_comms/install/marble_pkg:/home/strongy/MARBLE-Hackathon-Foke/marble_comms/install/comm_pkg:/home/strongy/MARBLE-Hackathon-Foke/marble_comms/install/comms_package:/opt/ros/humble /usr/bin/cmake --install /home/strongy/MARBLE-Hackathon-Foke/marble_fOKe_ws/build/custom_msgs
[4.910s] Level 1:colcon.colcon_core.environment:checking '/home/strongy/MARBLE-Hackathon-Foke/marble_fOKe_ws/install/custom_msgs' for CMake module files
[4.912s] Level 1:colcon.colcon_core.environment:checking '/home/strongy/MARBLE-Hackathon-Foke/marble_fOKe_ws/install/custom_msgs' for CMake config files
[4.912s] Level 1:colcon.colcon_core.shell:create_environment_hook('custom_msgs', 'cmake_prefix_path')
[4.916s] INFO:colcon.colcon_core.shell:Creating environment hook '/home/strongy/MARBLE-Hackathon-Foke/marble_fOKe_ws/install/custom_msgs/share/custom_msgs/hook/cmake_prefix_path.ps1'
[4.917s] INFO:colcon.colcon_core.shell:Creating environment descriptor '/home/strongy/MARBLE-Hackathon-Foke/marble_fOKe_ws/install/custom_msgs/share/custom_msgs/hook/cmake_prefix_path.dsv'
[4.918s] INFO:colcon.colcon_core.shell:Creating environment hook '/home/strongy/MARBLE-Hackathon-Foke/marble_fOKe_ws/install/custom_msgs/share/custom_msgs/hook/cmake_prefix_path.sh'
[4.919s] Level 1:colcon.colcon_core.environment:checking '/home/strongy/MARBLE-Hackathon-Foke/marble_fOKe_ws/install/custom_msgs/lib'
[4.919s] Level 1:colcon.colcon_core.shell:create_environment_hook('custom_msgs', 'ld_library_path_lib')
[4.923s] INFO:colcon.colcon_core.shell:Creating environment hook '/home/strongy/MARBLE-Hackathon-Foke/marble_fOKe_ws/install/custom_msgs/share/custom_msgs/hook/ld_library_path_lib.ps1'
[4.924s] INFO:colcon.colcon_core.shell:Creating environment descriptor '/home/strongy/MARBLE-Hackathon-Foke/marble_fOKe_ws/install/custom_msgs/share/custom_msgs/hook/ld_library_path_lib.dsv'
[4.925s] INFO:colcon.colcon_core.shell:Creating environment hook '/home/strongy/MARBLE-Hackathon-Foke/marble_fOKe_ws/install/custom_msgs/share/custom_msgs/hook/ld_library_path_lib.sh'
[4.926s] Level 1:colcon.colcon_core.environment:checking '/home/strongy/MARBLE-Hackathon-Foke/marble_fOKe_ws/install/custom_msgs/bin'
[4.926s] Level 1:colcon.colcon_core.environment:checking '/home/strongy/MARBLE-Hackathon-Foke/marble_fOKe_ws/install/custom_msgs/lib/pkgconfig/custom_msgs.pc'
[4.927s] Level 1:colcon.colcon_core.environment:checking '/home/strongy/MARBLE-Hackathon-Foke/marble_fOKe_ws/install/custom_msgs/lib/python3.10/site-packages'
[4.927s] Level 1:colcon.colcon_core.environment:checking '/home/strongy/MARBLE-Hackathon-Foke/marble_fOKe_ws/install/custom_msgs/bin'
[4.931s] INFO:colcon.colcon_core.shell:Creating package script '/home/strongy/MARBLE-Hackathon-Foke/marble_fOKe_ws/install/custom_msgs/share/custom_msgs/package.ps1'
[4.933s] INFO:colcon.colcon_core.shell:Creating package descriptor '/home/strongy/MARBLE-Hackathon-Foke/marble_fOKe_ws/install/custom_msgs/share/custom_msgs/package.dsv'
[4.934s] INFO:colcon.colcon_core.shell:Creating package script '/home/strongy/MARBLE-Hackathon-Foke/marble_fOKe_ws/install/custom_msgs/share/custom_msgs/package.sh'
[4.936s] INFO:colcon.colcon_core.shell:Creating package script '/home/strongy/MARBLE-Hackathon-Foke/marble_fOKe_ws/install/custom_msgs/share/custom_msgs/package.bash'
[4.938s] INFO:colcon.colcon_core.shell:Creating package script '/home/strongy/MARBLE-Hackathon-Foke/marble_fOKe_ws/install/custom_msgs/share/custom_msgs/package.zsh'
[4.940s] Level 1:colcon.colcon_core.environment:create_file_with_runtime_dependencies(/home/strongy/MARBLE-Hackathon-Foke/marble_fOKe_ws/install/custom_msgs/share/colcon-core/packages/custom_msgs)
[5.086s] Level 1:colcon.colcon_core.environment:create_environment_scripts_only(custom_msgs)
[5.092s] Level 1:colcon.colcon_core.environment:checking '/home/strongy/MARBLE-Hackathon-Foke/marble_fOKe_ws/install/custom_msgs' for CMake module files
[5.094s] Level 1:colcon.colcon_core.environment:checking '/home/strongy/MARBLE-Hackathon-Foke/marble_fOKe_ws/install/custom_msgs' for CMake config files
[5.096s] Level 1:colcon.colcon_core.shell:create_environment_hook('custom_msgs', 'cmake_prefix_path')
[5.099s] INFO:colcon.colcon_core.shell:Creating environment hook '/home/strongy/MARBLE-Hackathon-Foke/marble_fOKe_ws/install/custom_msgs/share/custom_msgs/hook/cmake_prefix_path.ps1'
[5.100s] INFO:colcon.colcon_core.shell:Creating environment descriptor '/home/strongy/MARBLE-Hackathon-Foke/marble_fOKe_ws/install/custom_msgs/share/custom_msgs/hook/cmake_prefix_path.dsv'
[5.101s] INFO:colcon.colcon_core.shell:Creating environment hook '/home/strongy/MARBLE-Hackathon-Foke/marble_fOKe_ws/install/custom_msgs/share/custom_msgs/hook/cmake_prefix_path.sh'
[5.102s] Level 1:colcon.colcon_core.environment:checking '/home/strongy/MARBLE-Hackathon-Foke/marble_fOKe_ws/install/custom_msgs/lib'
[5.103s] Level 1:colcon.colcon_core.shell:create_environment_hook('custom_msgs', 'ld_library_path_lib')
[5.107s] INFO:colcon.colcon_core.shell:Creating environment hook '/home/strongy/MARBLE-Hackathon-Foke/marble_fOKe_ws/install/custom_msgs/share/custom_msgs/hook/ld_library_path_lib.ps1'
[5.108s] INFO:colcon.colcon_core.shell:Creating environment descriptor '/home/strongy/MARBLE-Hackathon-Foke/marble_fOKe_ws/install/custom_msgs/share/custom_msgs/hook/ld_library_path_lib.dsv'
[5.108s] INFO:colcon.colcon_core.shell:Creating environment hook '/home/strongy/MARBLE-Hackathon-Foke/marble_fOKe_ws/install/custom_msgs/share/custom_msgs/hook/ld_library_path_lib.sh'
[5.109s] Level 1:colcon.colcon_core.environment:checking '/home/strongy/MARBLE-Hackathon-Foke/marble_fOKe_ws/install/custom_msgs/bin'
[5.109s] Level 1:colcon.colcon_core.environment:checking '/home/strongy/MARBLE-Hackathon-Foke/marble_fOKe_ws/install/custom_msgs/lib/pkgconfig/custom_msgs.pc'
[5.110s] Level 1:colcon.colcon_core.environment:checking '/home/strongy/MARBLE-Hackathon-Foke/marble_fOKe_ws/install/custom_msgs/lib/python3.10/site-packages'
[5.111s] Level 1:colcon.colcon_core.environment:checking '/home/strongy/MARBLE-Hackathon-Foke/marble_fOKe_ws/install/custom_msgs/bin'
[5.115s] INFO:colcon.colcon_core.shell:Creating package script '/home/strongy/MARBLE-Hackathon-Foke/marble_fOKe_ws/install/custom_msgs/share/custom_msgs/package.ps1'
[5.117s] INFO:colcon.colcon_core.shell:Creating package descriptor '/home/strongy/MARBLE-Hackathon-Foke/marble_fOKe_ws/install/custom_msgs/share/custom_msgs/package.dsv'
[5.118s] INFO:colcon.colcon_core.shell:Creating package script '/home/strongy/MARBLE-Hackathon-Foke/marble_fOKe_ws/install/custom_msgs/share/custom_msgs/package.sh'
[5.119s] INFO:colcon.colcon_core.shell:Creating package script '/home/strongy/MARBLE-Hackathon-Foke/marble_fOKe_ws/install/custom_msgs/share/custom_msgs/package.bash'
[5.120s] INFO:colcon.colcon_core.shell:Creating package script '/home/strongy/MARBLE-Hackathon-Foke/marble_fOKe_ws/install/custom_msgs/share/custom_msgs/package.zsh'
[5.122s] Level 1:colcon.colcon_core.environment:create_file_with_runtime_dependencies(/home/strongy/MARBLE-Hackathon-Foke/marble_fOKe_ws/install/custom_msgs/share/colcon-core/packages/custom_msgs)
[5.123s] INFO:colcon.colcon_ros.task.ament_python.build:Building ROS package in '/home/strongy/MARBLE-Hackathon-Foke/marble_fOKe_ws/src/comm_pkg' with build type 'ament_python'
[5.124s] Level 1:colcon.colcon_core.shell:create_environment_hook('comm_pkg', 'ament_prefix_path')
[5.127s] INFO:colcon.colcon_core.shell:Creating environment hook '/home/strongy/MARBLE-Hackathon-Foke/marble_fOKe_ws/install/comm_pkg/share/comm_pkg/hook/ament_prefix_path.ps1'
[5.129s] INFO:colcon.colcon_core.shell:Creating environment descriptor '/home/strongy/MARBLE-Hackathon-Foke/marble_fOKe_ws/install/comm_pkg/share/comm_pkg/hook/ament_prefix_path.dsv'
[5.130s] INFO:colcon.colcon_core.shell:Creating environment hook '/home/strongy/MARBLE-Hackathon-Foke/marble_fOKe_ws/install/comm_pkg/share/comm_pkg/hook/ament_prefix_path.sh'
[5.142s] INFO:colcon.colcon_core.shell:Skip shell extension 'powershell' for command environment: Not usable outside of PowerShell
[5.142s] DEBUG:colcon.colcon_core.shell:Skip shell extension 'dsv' for command environment
[5.157s] INFO:colcon.colcon_ros.task.ament_python.build:Building ROS package in '/home/strongy/MARBLE-Hackathon-Foke/marble_fOKe_ws/src/surfacing_script' with build type 'ament_python'
[5.158s] Level 1:colcon.colcon_core.shell:create_environment_hook('surfacing_script', 'ament_prefix_path')
[5.162s] INFO:colcon.colcon_core.shell:Creating environment hook '/home/strongy/MARBLE-Hackathon-Foke/marble_fOKe_ws/install/surfacing_script/share/surfacing_script/hook/ament_prefix_path.ps1'
[5.163s] INFO:colcon.colcon_core.shell:Creating environment descriptor '/home/strongy/MARBLE-Hackathon-Foke/marble_fOKe_ws/install/surfacing_script/share/surfacing_script/hook/ament_prefix_path.dsv'
[5.164s] INFO:colcon.colcon_core.shell:Creating environment hook '/home/strongy/MARBLE-Hackathon-Foke/marble_fOKe_ws/install/surfacing_script/share/surfacing_script/hook/ament_prefix_path.sh'
[5.171s] INFO:colcon.colcon_core.shell:Skip shell extension 'powershell' for command environment: Not usable outside of PowerShell
[5.171s] DEBUG:colcon.colcon_core.shell:Skip shell extension 'dsv' for command environment
[5.195s] DEBUG:colcon.colcon_core.event_handler.log_command:Invoking command in '/home/strongy/MARBLE-Hackathon-Foke/marble_fOKe_ws/build/marble_pkg': PYTHONPATH=/home/strongy/MARBLE-Hackathon-Foke/marble_fOKe_ws/build/marble_pkg/prefix_override:/home/strongy/MARBLE-Hackathon-Foke/marble_fOKe_ws/install/marble_pkg/lib/python3.10/site-packages:${PYTHONPATH} /usr/bin/python3 setup.py develop --editable --build-directory /home/strongy/MARBLE-Hackathon-Foke/marble_fOKe_ws/build/marble_pkg/build --no-deps install_data
[6.956s] INFO:colcon.colcon_core.task.python.build:Building Python package in '/home/strongy/MARBLE-Hackathon-Foke/marble_fOKe_ws/src/comm_pkg'
[6.960s] INFO:colcon.colcon_core.shell:Skip shell extension 'powershell' for command environment: Not usable outside of PowerShell
[6.960s] DEBUG:colcon.colcon_core.shell:Skip shell extension 'dsv' for command environment
[8.833s] INFO:colcon.colcon_core.task.python.build:Building Python package in '/home/strongy/MARBLE-Hackathon-Foke/marble_fOKe_ws/src/surfacing_script'
[8.837s] INFO:colcon.colcon_core.shell:Skip shell extension 'powershell' for command environment: Not usable outside of PowerShell
[8.837s] DEBUG:colcon.colcon_core.shell:Skip shell extension 'dsv' for command environment
[8.871s] Level 1:colcon.colcon_core.shell:create_environment_hook('marble_pkg', 'pythonpath_develop')
[8.876s] INFO:colcon.colcon_core.shell:Creating environment hook '/home/strongy/MARBLE-Hackathon-Foke/marble_fOKe_ws/build/marble_pkg/share/marble_pkg/hook/pythonpath_develop.ps1'
[8.876s] DEBUG:colcon.colcon_core.event_handler.log_command:Invoked command in '/home/strongy/MARBLE-Hackathon-Foke/marble_fOKe_ws/build/marble_pkg' returned '0': PYTHONPATH=/home/strongy/MARBLE-Hackathon-Foke/marble_fOKe_ws/build/marble_pkg/prefix_override:/home/strongy/MARBLE-Hackathon-Foke/marble_fOKe_ws/install/marble_pkg/lib/python3.10/site-packages:${PYTHONPATH} /usr/bin/python3 setup.py develop --editable --build-directory /home/strongy/MARBLE-Hackathon-Foke/marble_fOKe_ws/build/marble_pkg/build --no-deps install_data
[8.877s] INFO:colcon.colcon_core.shell:Creating environment descriptor '/home/strongy/MARBLE-Hackathon-Foke/marble_fOKe_ws/build/marble_pkg/share/marble_pkg/hook/pythonpath_develop.dsv'
[8.878s] INFO:colcon.colcon_core.shell:Creating environment hook '/home/strongy/MARBLE-Hackathon-Foke/marble_fOKe_ws/build/marble_pkg/share/marble_pkg/hook/pythonpath_develop.sh'
[8.890s] Level 1:colcon.colcon_core.environment:checking '/home/strongy/MARBLE-Hackathon-Foke/marble_fOKe_ws/install/marble_pkg' for CMake module files
[8.891s] Level 1:colcon.colcon_core.environment:checking '/home/strongy/MARBLE-Hackathon-Foke/marble_fOKe_ws/install/marble_pkg' for CMake config files
[8.892s] Level 1:colcon.colcon_core.environment:checking '/home/strongy/MARBLE-Hackathon-Foke/marble_fOKe_ws/install/marble_pkg/lib'
[8.892s] Level 1:colcon.colcon_core.environment:checking '/home/strongy/MARBLE-Hackathon-Foke/marble_fOKe_ws/install/marble_pkg/bin'
[8.893s] Level 1:colcon.colcon_core.environment:checking '/home/strongy/MARBLE-Hackathon-Foke/marble_fOKe_ws/install/marble_pkg/lib/pkgconfig/marble_pkg.pc'
[8.893s] Level 1:colcon.colcon_core.environment:checking '/home/strongy/MARBLE-Hackathon-Foke/marble_fOKe_ws/install/marble_pkg/lib/python3.10/site-packages'
[8.893s] Level 1:colcon.colcon_core.shell:create_environment_hook('marble_pkg', 'pythonpath')
[8.907s] INFO:colcon.colcon_core.shell:Creating environment hook '/home/strongy/MARBLE-Hackathon-Foke/marble_fOKe_ws/install/marble_pkg/share/marble_pkg/hook/pythonpath.ps1'
[8.907s] INFO:colcon.colcon_core.shell:Creating environment descriptor '/home/strongy/MARBLE-Hackathon-Foke/marble_fOKe_ws/install/marble_pkg/share/marble_pkg/hook/pythonpath.dsv'
[8.908s] INFO:colcon.colcon_core.shell:Creating environment hook '/home/strongy/MARBLE-Hackathon-Foke/marble_fOKe_ws/install/marble_pkg/share/marble_pkg/hook/pythonpath.sh'
[8.909s] Level 1:colcon.colcon_core.environment:checking '/home/strongy/MARBLE-Hackathon-Foke/marble_fOKe_ws/install/marble_pkg/bin'
[8.909s] Level 1:colcon.colcon_core.environment:create_environment_scripts_only(marble_pkg)
[8.923s] INFO:colcon.colcon_core.shell:Creating package script '/home/strongy/MARBLE-Hackathon-Foke/marble_fOKe_ws/install/marble_pkg/share/marble_pkg/package.ps1'
[8.924s] INFO:colcon.colcon_core.shell:Creating package descriptor '/home/strongy/MARBLE-Hackathon-Foke/marble_fOKe_ws/install/marble_pkg/share/marble_pkg/package.dsv'
[8.925s] INFO:colcon.colcon_core.shell:Creating package script '/home/strongy/MARBLE-Hackathon-Foke/marble_fOKe_ws/install/marble_pkg/share/marble_pkg/package.sh'
[8.926s] INFO:colcon.colcon_core.shell:Creating package script '/home/strongy/MARBLE-Hackathon-Foke/marble_fOKe_ws/install/marble_pkg/share/marble_pkg/package.bash'
[8.927s] INFO:colcon.colcon_core.shell:Creating package script '/home/strongy/MARBLE-Hackathon-Foke/marble_fOKe_ws/install/marble_pkg/share/marble_pkg/package.zsh'
[8.938s] Level 1:colcon.colcon_core.environment:create_file_with_runtime_dependencies(/home/strongy/MARBLE-Hackathon-Foke/marble_fOKe_ws/install/marble_pkg/share/colcon-core/packages/marble_pkg)
[9.927s] DEBUG:colcon.colcon_core.event_handler.log_command:Invoking command in '/home/strongy/MARBLE-Hackathon-Foke/marble_fOKe_ws/build/comm_pkg': PYTHONPATH=/home/strongy/MARBLE-Hackathon-Foke/marble_fOKe_ws/build/comm_pkg/prefix_override:/home/strongy/MARBLE-Hackathon-Foke/marble_fOKe_ws/install/comm_pkg/lib/python3.10/site-packages:${PYTHONPATH} /usr/bin/python3 setup.py develop --editable --build-directory /home/strongy/MARBLE-Hackathon-Foke/marble_fOKe_ws/build/comm_pkg/build --no-deps install_data
[10.056s] DEBUG:colcon.colcon_core.event_handler.log_command:Invoking command in '/home/strongy/MARBLE-Hackathon-Foke/marble_fOKe_ws/build/surfacing_script': PYTHONPATH=/home/strongy/MARBLE-Hackathon-Foke/marble_fOKe_ws/build/surfacing_script/prefix_override:/home/strongy/MARBLE-Hackathon-Foke/marble_fOKe_ws/install/surfacing_script/lib/python3.10/site-packages:${PYTHONPATH} /usr/bin/python3 setup.py develop --editable --build-directory /home/strongy/MARBLE-Hackathon-Foke/marble_fOKe_ws/build/surfacing_script/build --no-deps install_data
[12.015s] Level 1:colcon.colcon_core.shell:create_environment_hook('comm_pkg', 'pythonpath_develop')
[12.019s] INFO:colcon.colcon_core.shell:Creating environment hook '/home/strongy/MARBLE-Hackathon-Foke/marble_fOKe_ws/build/comm_pkg/share/comm_pkg/hook/pythonpath_develop.ps1'
[12.021s] DEBUG:colcon.colcon_core.event_handler.log_command:Invoked command in '/home/strongy/MARBLE-Hackathon-Foke/marble_fOKe_ws/build/comm_pkg' returned '0': PYTHONPATH=/home/strongy/MARBLE-Hackathon-Foke/marble_fOKe_ws/build/comm_pkg/prefix_override:/home/strongy/MARBLE-Hackathon-Foke/marble_fOKe_ws/install/comm_pkg/lib/python3.10/site-packages:${PYTHONPATH} /usr/bin/python3 setup.py develop --editable --build-directory /home/strongy/MARBLE-Hackathon-Foke/marble_fOKe_ws/build/comm_pkg/build --no-deps install_data
[12.022s] INFO:colcon.colcon_core.shell:Creating environment descriptor '/home/strongy/MARBLE-Hackathon-Foke/marble_fOKe_ws/build/comm_pkg/share/comm_pkg/hook/pythonpath_develop.dsv'
[12.022s] INFO:colcon.colcon_core.shell:Creating environment hook '/home/strongy/MARBLE-Hackathon-Foke/marble_fOKe_ws/build/comm_pkg/share/comm_pkg/hook/pythonpath_develop.sh'
[12.037s] Level 1:colcon.colcon_core.environment:checking '/home/strongy/MARBLE-Hackathon-Foke/marble_fOKe_ws/install/comm_pkg' for CMake module files
[12.038s] Level 1:colcon.colcon_core.environment:checking '/home/strongy/MARBLE-Hackathon-Foke/marble_fOKe_ws/install/comm_pkg' for CMake config files
[12.039s] Level 1:colcon.colcon_core.environment:checking '/home/strongy/MARBLE-Hackathon-Foke/marble_fOKe_ws/install/comm_pkg/lib'
[12.039s] Level 1:colcon.colcon_core.environment:checking '/home/strongy/MARBLE-Hackathon-Foke/marble_fOKe_ws/install/comm_pkg/bin'
[12.039s] Level 1:colcon.colcon_core.environment:checking '/home/strongy/MARBLE-Hackathon-Foke/marble_fOKe_ws/install/comm_pkg/lib/pkgconfig/comm_pkg.pc'
[12.040s] Level 1:colcon.colcon_core.environment:checking '/home/strongy/MARBLE-Hackathon-Foke/marble_fOKe_ws/install/comm_pkg/lib/python3.10/site-packages'
[12.040s] Level 1:colcon.colcon_core.shell:create_environment_hook('comm_pkg', 'pythonpath')
[12.053s] INFO:colcon.colcon_core.shell:Creating environment hook '/home/strongy/MARBLE-Hackathon-Foke/marble_fOKe_ws/install/comm_pkg/share/comm_pkg/hook/pythonpath.ps1'
[12.054s] INFO:colcon.colcon_core.shell:Creating environment descriptor '/home/strongy/MARBLE-Hackathon-Foke/marble_fOKe_ws/install/comm_pkg/share/comm_pkg/hook/pythonpath.dsv'
[12.054s] INFO:colcon.colcon_core.shell:Creating environment hook '/home/strongy/MARBLE-Hackathon-Foke/marble_fOKe_ws/install/comm_pkg/share/comm_pkg/hook/pythonpath.sh'
[12.055s] Level 1:colcon.colcon_core.environment:checking '/home/strongy/MARBLE-Hackathon-Foke/marble_fOKe_ws/install/comm_pkg/bin'
[12.055s] Level 1:colcon.colcon_core.environment:create_environment_scripts_only(comm_pkg)
[12.069s] INFO:colcon.colcon_core.shell:Creating package script '/home/strongy/MARBLE-Hackathon-Foke/marble_fOKe_ws/install/comm_pkg/share/comm_pkg/package.ps1'
[12.071s] INFO:colcon.colcon_core.shell:Creating package descriptor '/home/strongy/MARBLE-Hackathon-Foke/marble_fOKe_ws/install/comm_pkg/share/comm_pkg/package.dsv'
[12.072s] INFO:colcon.colcon_core.shell:Creating package script '/home/strongy/MARBLE-Hackathon-Foke/marble_fOKe_ws/install/comm_pkg/share/comm_pkg/package.sh'
[12.072s] INFO:colcon.colcon_core.shell:Creating package script '/home/strongy/MARBLE-Hackathon-Foke/marble_fOKe_ws/install/comm_pkg/share/comm_pkg/package.bash'
[12.073s] INFO:colcon.colcon_core.shell:Creating package script '/home/strongy/MARBLE-Hackathon-Foke/marble_fOKe_ws/install/comm_pkg/share/comm_pkg/package.zsh'
[12.084s] Level 1:colcon.colcon_core.environment:create_file_with_runtime_dependencies(/home/strongy/MARBLE-Hackathon-Foke/marble_fOKe_ws/install/comm_pkg/share/colcon-core/packages/comm_pkg)
[12.359s] Level 1:colcon.colcon_core.shell:create_environment_hook('surfacing_script', 'pythonpath_develop')
[12.362s] INFO:colcon.colcon_core.shell:Creating environment hook '/home/strongy/MARBLE-Hackathon-Foke/marble_fOKe_ws/build/surfacing_script/share/surfacing_script/hook/pythonpath_develop.ps1'
[12.363s] DEBUG:colcon.colcon_core.event_handler.log_command:Invoked command in '/home/strongy/MARBLE-Hackathon-Foke/marble_fOKe_ws/build/surfacing_script' returned '0': PYTHONPATH=/home/strongy/MARBLE-Hackathon-Foke/marble_fOKe_ws/build/surfacing_script/prefix_override:/home/strongy/MARBLE-Hackathon-Foke/marble_fOKe_ws/install/surfacing_script/lib/python3.10/site-packages:${PYTHONPATH} /usr/bin/python3 setup.py develop --editable --build-directory /home/strongy/MARBLE-Hackathon-Foke/marble_fOKe_ws/build/surfacing_script/build --no-deps install_data
[12.364s] INFO:colcon.colcon_core.shell:Creating environment descriptor '/home/strongy/MARBLE-Hackathon-Foke/marble_fOKe_ws/build/surfacing_script/share/surfacing_script/hook/pythonpath_develop.dsv'
[12.365s] INFO:colcon.colcon_core.shell:Creating environment hook '/home/strongy/MARBLE-Hackathon-Foke/marble_fOKe_ws/build/surfacing_script/share/surfacing_script/hook/pythonpath_develop.sh'
[12.370s] Level 1:colcon.colcon_core.environment:checking '/home/strongy/MARBLE-Hackathon-Foke/marble_fOKe_ws/install/surfacing_script' for CMake module files
[12.372s] Level 1:colcon.colcon_core.environment:checking '/home/strongy/MARBLE-Hackathon-Foke/marble_fOKe_ws/install/surfacing_script' for CMake config files
[12.373s] Level 1:colcon.colcon_core.environment:checking '/home/strongy/MARBLE-Hackathon-Foke/marble_fOKe_ws/install/surfacing_script/lib'
[12.373s] Level 1:colcon.colcon_core.environment:checking '/home/strongy/MARBLE-Hackathon-Foke/marble_fOKe_ws/install/surfacing_script/bin'
[12.373s] Level 1:colcon.colcon_core.environment:checking '/home/strongy/MARBLE-Hackathon-Foke/marble_fOKe_ws/install/surfacing_script/lib/pkgconfig/surfacing_script.pc'
[12.373s] Level 1:colcon.colcon_core.environment:checking '/home/strongy/MARBLE-Hackathon-Foke/marble_fOKe_ws/install/surfacing_script/lib/python3.10/site-packages'
[12.374s] Level 1:colcon.colcon_core.shell:create_environment_hook('surfacing_script', 'pythonpath')
[12.387s] INFO:colcon.colcon_core.shell:Creating environment hook '/home/strongy/MARBLE-Hackathon-Foke/marble_fOKe_ws/install/surfacing_script/share/surfacing_script/hook/pythonpath.ps1'
[12.388s] INFO:colcon.colcon_core.shell:Creating environment descriptor '/home/strongy/MARBLE-Hackathon-Foke/marble_fOKe_ws/install/surfacing_script/share/surfacing_script/hook/pythonpath.dsv'
[12.389s] INFO:colcon.colcon_core.shell:Creating environment hook '/home/strongy/MARBLE-Hackathon-Foke/marble_fOKe_ws/install/surfacing_script/share/surfacing_script/hook/pythonpath.sh'
[12.390s] Level 1:colcon.colcon_core.environment:checking '/home/strongy/MARBLE-Hackathon-Foke/marble_fOKe_ws/install/surfacing_script/bin'
[12.390s] Level 1:colcon.colcon_core.environment:create_environment_scripts_only(surfacing_script)
[12.404s] INFO:colcon.colcon_core.shell:Creating package script '/home/strongy/MARBLE-Hackathon-Foke/marble_fOKe_ws/install/surfacing_script/share/surfacing_script/package.ps1'
[12.405s] INFO:colcon.colcon_core.shell:Creating package descriptor '/home/strongy/MARBLE-Hackathon-Foke/marble_fOKe_ws/install/surfacing_script/share/surfacing_script/package.dsv'
[12.406s] INFO:colcon.colcon_core.shell:Creating package script '/home/strongy/MARBLE-Hackathon-Foke/marble_fOKe_ws/install/surfacing_script/share/surfacing_script/package.sh'
[12.406s] INFO:colcon.colcon_core.shell:Creating package script '/home/strongy/MARBLE-Hackathon-Foke/marble_fOKe_ws/install/surfacing_script/share/surfacing_script/package.bash'
[12.407s] INFO:colcon.colcon_core.shell:Creating package script '/home/strongy/MARBLE-Hackathon-Foke/marble_fOKe_ws/install/surfacing_script/share/surfacing_script/package.zsh'
[12.407s] Level 1:colcon.colcon_core.environment:create_file_with_runtime_dependencies(/home/strongy/MARBLE-Hackathon-Foke/marble_fOKe_ws/install/surfacing_script/share/colcon-core/packages/surfacing_script)
[12.408s] DEBUG:colcon.colcon_parallel_executor.executor.parallel:closing loop
[12.418s] DEBUG:colcon.colcon_parallel_executor.executor.parallel:loop closed
[12.418s] DEBUG:colcon.colcon_parallel_executor.executor.parallel:run_until_complete finished with '0'
[12.419s] DEBUG:colcon.colcon_core.event_reactor:joining thread
[12.429s] INFO:colcon.colcon_core.plugin_system:Skipping extension 'colcon_notification.desktop_notification.terminal_notifier': Not used on non-Darwin systems
[12.429s] INFO:colcon.colcon_core.plugin_system:Skipping extension 'colcon_notification.desktop_notification.win32': Not used on non-Windows systems
[12.429s] INFO:colcon.colcon_notification.desktop_notification:Sending desktop notification using 'notify2'
[13.585s] DEBUG:colcon.colcon_core.event_reactor:joined thread
[13.590s] INFO:colcon.colcon_core.shell:Creating prefix script '/home/strongy/MARBLE-Hackathon-Foke/marble_fOKe_ws/install/local_setup.ps1'
[13.593s] INFO:colcon.colcon_core.shell:Creating prefix util module '/home/strongy/MARBLE-Hackathon-Foke/marble_fOKe_ws/install/_local_setup_util_ps1.py'
[13.597s] INFO:colcon.colcon_core.shell:Creating prefix chain script '/home/strongy/MARBLE-Hackathon-Foke/marble_fOKe_ws/install/setup.ps1'
[13.601s] INFO:colcon.colcon_core.shell:Creating prefix script '/home/strongy/MARBLE-Hackathon-Foke/marble_fOKe_ws/install/local_setup.sh'
[13.603s] INFO:colcon.colcon_core.shell:Creating prefix util module '/home/strongy/MARBLE-Hackathon-Foke/marble_fOKe_ws/install/_local_setup_util_sh.py'
[13.604s] INFO:colcon.colcon_core.shell:Creating prefix chain script '/home/strongy/MARBLE-Hackathon-Foke/marble_fOKe_ws/install/setup.sh'
[13.610s] INFO:colcon.colcon_core.shell:Creating prefix script '/home/strongy/MARBLE-Hackathon-Foke/marble_fOKe_ws/install/local_setup.bash'
[13.611s] INFO:colcon.colcon_core.shell:Creating prefix chain script '/home/strongy/MARBLE-Hackathon-Foke/marble_fOKe_ws/install/setup.bash'
[13.615s] INFO:colcon.colcon_core.shell:Creating prefix script '/home/strongy/MARBLE-Hackathon-Foke/marble_fOKe_ws/install/local_setup.zsh'
[13.616s] INFO:colcon.colcon_core.shell:Creating prefix chain script '/home/strongy/MARBLE-Hackathon-Foke/marble_fOKe_ws/install/setup.zsh'
