[0.079s] Invoking command in '/home/strongy/MARBLE-Hackathon-Foke/marble_fOKe_ws/build/custom_msgs': CMAKE_PREFIX_PATH=${CMAKE_PREFIX_PATH}:/home/strongy/MARBLE-Hackathon-Foke/marble_fOKe_ws/install/surfacing_script:/home/strongy/MARBLE-Hackathon-Foke/marble_fOKe_ws/install/marble_pkg:/home/strongy/MARBLE-Hackathon-Foke/marble_fOKe_ws/install/comm_pkg:/home/strongy/MARBLE-Hackathon-Foke/marble_fOKe/install/surfacing_script:/home/strongy/MARBLE-Hackathon-Foke/marble_fOKe/install/marble_pkg:/home/strongy/MARBLE-Hackathon-Foke/marble_fOKe/install/comm_pkg:/home/strongy/MARBLE-Hackathon-Foke/marble_fOKe/install/comms_package:/home/strongy/MARBLE-Hackathon-Foke/marble_comms/install/surfacing_script:/home/strongy/MARBLE-Hackathon-Foke/marble_comms/install/marble_pkg:/home/strongy/MARBLE-Hackathon-Foke/marble_comms/install/comm_pkg:/home/strongy/MARBLE-Hackathon-Foke/marble_comms/install/comms_package:/opt/ros/humble /usr/bin/cmake --build /home/strongy/MARBLE-Hackathon-Foke/marble_fOKe_ws/build/custom_msgs -- -j8 -l8
[0.543s] [  2%] Built target custom_msgs__cpp
[0.559s] [  2%] Built target ament_cmake_python_symlink_custom_msgs
[0.586s] [ 12%] Built target custom_msgs__rosidl_generator_c
[0.641s] [ 23%] Built target custom_msgs__rosidl_typesupport_introspection_cpp
[0.681s] [ 44%] Built target custom_msgs__rosidl_typesupport_fastrtps_cpp
[0.686s] [ 48%] Built target custom_msgs__rosidl_typesupport_cpp
[0.688s] [ 55%] Built target custom_msgs__rosidl_typesupport_fastrtps_c
[0.710s] [ 70%] Built target custom_msgs__rosidl_typesupport_introspection_c
[0.714s] [ 76%] Built target custom_msgs__rosidl_typesupport_c
[0.757s] [ 76%] Built target custom_msgs
[0.790s] [ 78%] Built target custom_msgs__py
[0.851s] [ 87%] Built target custom_msgs__rosidl_generator_py
[0.893s] [ 91%] Built target custom_msgs__rosidl_typesupport_fastrtps_c__pyext
[0.902s] [100%] Built target custom_msgs__rosidl_typesupport_introspection_c__pyext
[0.902s] [100%] Built target custom_msgs__rosidl_typesupport_c__pyext
[1.227s] running egg_info
[1.228s] writing custom_msgs.egg-info/PKG-INFO
[1.229s] writing dependency_links to custom_msgs.egg-info/dependency_links.txt
[1.229s] writing top-level names to custom_msgs.egg-info/top_level.txt
[1.236s] reading manifest file 'custom_msgs.egg-info/SOURCES.txt'
[1.238s] writing manifest file 'custom_msgs.egg-info/SOURCES.txt'
[1.286s] [100%] Built target ament_cmake_python_build_custom_msgs_egg
[1.306s] Invoked command in '/home/strongy/MARBLE-Hackathon-Foke/marble_fOKe_ws/build/custom_msgs' returned '0': CMAKE_PREFIX_PATH=${CMAKE_PREFIX_PATH}:/home/strongy/MARBLE-Hackathon-Foke/marble_fOKe_ws/install/surfacing_script:/home/strongy/MARBLE-Hackathon-Foke/marble_fOKe_ws/install/marble_pkg:/home/strongy/MARBLE-Hackathon-Foke/marble_fOKe_ws/install/comm_pkg:/home/strongy/MARBLE-Hackathon-Foke/marble_fOKe/install/surfacing_script:/home/strongy/MARBLE-Hackathon-Foke/marble_fOKe/install/marble_pkg:/home/strongy/MARBLE-Hackathon-Foke/marble_fOKe/install/comm_pkg:/home/strongy/MARBLE-Hackathon-Foke/marble_fOKe/install/comms_package:/home/strongy/MARBLE-Hackathon-Foke/marble_comms/install/surfacing_script:/home/strongy/MARBLE-Hackathon-Foke/marble_comms/install/marble_pkg:/home/strongy/MARBLE-Hackathon-Foke/marble_comms/install/comm_pkg:/home/strongy/MARBLE-Hackathon-Foke/marble_comms/install/comms_package:/opt/ros/humble /usr/bin/cmake --build /home/strongy/MARBLE-Hackathon-Foke/marble_fOKe_ws/build/custom_msgs -- -j8 -l8
[1.483s] Invoking command in '/home/strongy/MARBLE-Hackathon-Foke/marble_fOKe_ws/build/custom_msgs': CMAKE_PREFIX_PATH=${CMAKE_PREFIX_PATH}:/home/strongy/MARBLE-Hackathon-Foke/marble_fOKe_ws/install/surfacing_script:/home/strongy/MARBLE-Hackathon-Foke/marble_fOKe_ws/install/marble_pkg:/home/strongy/MARBLE-Hackathon-Foke/marble_fOKe_ws/install/comm_pkg:/home/strongy/MARBLE-Hackathon-Foke/marble_fOKe/install/surfacing_script:/home/strongy/MARBLE-Hackathon-Foke/marble_fOKe/install/marble_pkg:/home/strongy/MARBLE-Hackathon-Foke/marble_fOKe/install/comm_pkg:/home/strongy/MARBLE-Hackathon-Foke/marble_fOKe/install/comms_package:/home/strongy/MARBLE-Hackathon-Foke/marble_comms/install/surfacing_script:/home/strongy/MARBLE-Hackathon-Foke/marble_comms/install/marble_pkg:/home/strongy/MARBLE-Hackathon-Foke/marble_comms/install/comm_pkg:/home/strongy/MARBLE-Hackathon-Foke/marble_comms/install/comms_package:/opt/ros/humble /usr/bin/cmake --install /home/strongy/MARBLE-Hackathon-Foke/marble_fOKe_ws/build/custom_msgs
[1.501s] -- Install configuration: ""
[1.506s] -- Execute custom install script
[1.510s] -- Up-to-date symlink: /home/strongy/MARBLE-Hackathon-Foke/marble_fOKe_ws/install/custom_msgs/share/ament_index/resource_index/rosidl_interfaces/custom_msgs
[1.513s] -- Up-to-date symlink: /home/strongy/MARBLE-Hackathon-Foke/marble_fOKe_ws/install/custom_msgs/include/custom_msgs/custom_msgs/msg/comms_message.h
[1.514s] -- Up-to-date symlink: /home/strongy/MARBLE-Hackathon-Foke/marble_fOKe_ws/install/custom_msgs/include/custom_msgs/custom_msgs/msg/count_with_floater_info.h
[1.514s] -- Up-to-date symlink: /home/strongy/MARBLE-Hackathon-Foke/marble_fOKe_ws/install/custom_msgs/include/custom_msgs/custom_msgs/msg/detail/comms_message__functions.h
[1.514s] -- Up-to-date symlink: /home/strongy/MARBLE-Hackathon-Foke/marble_fOKe_ws/install/custom_msgs/include/custom_msgs/custom_msgs/msg/detail/comms_message__struct.h
[1.515s] -- Up-to-date symlink: /home/strongy/MARBLE-Hackathon-Foke/marble_fOKe_ws/install/custom_msgs/include/custom_msgs/custom_msgs/msg/detail/comms_message__type_support.h
[1.515s] -- Up-to-date symlink: /home/strongy/MARBLE-Hackathon-Foke/marble_fOKe_ws/install/custom_msgs/include/custom_msgs/custom_msgs/msg/detail/count_with_floater_info__functions.h
[1.515s] -- Up-to-date symlink: /home/strongy/MARBLE-Hackathon-Foke/marble_fOKe_ws/install/custom_msgs/include/custom_msgs/custom_msgs/msg/detail/count_with_floater_info__struct.h
[1.516s] -- Up-to-date symlink: /home/strongy/MARBLE-Hackathon-Foke/marble_fOKe_ws/install/custom_msgs/include/custom_msgs/custom_msgs/msg/detail/count_with_floater_info__type_support.h
[1.516s] -- Up-to-date symlink: /home/strongy/MARBLE-Hackathon-Foke/marble_fOKe_ws/install/custom_msgs/include/custom_msgs/custom_msgs/msg/detail/location_with_floater_info__functions.h
[1.517s] -- Up-to-date symlink: /home/strongy/MARBLE-Hackathon-Foke/marble_fOKe_ws/install/custom_msgs/include/custom_msgs/custom_msgs/msg/detail/location_with_floater_info__struct.h
[1.517s] -- Up-to-date symlink: /home/strongy/MARBLE-Hackathon-Foke/marble_fOKe_ws/install/custom_msgs/include/custom_msgs/custom_msgs/msg/detail/location_with_floater_info__type_support.h
[1.518s] -- Up-to-date symlink: /home/strongy/MARBLE-Hackathon-Foke/marble_fOKe_ws/install/custom_msgs/include/custom_msgs/custom_msgs/msg/location_with_floater_info.h
[1.518s] -- Up-to-date symlink: /home/strongy/MARBLE-Hackathon-Foke/marble_fOKe_ws/install/custom_msgs/include/custom_msgs/custom_msgs/msg/rosidl_generator_c__visibility_control.h
[1.518s] -- Up-to-date symlink: /home/strongy/MARBLE-Hackathon-Foke/marble_fOKe_ws/install/custom_msgs/share/custom_msgs/environment/library_path.sh
[1.519s] -- Up-to-date symlink: /home/strongy/MARBLE-Hackathon-Foke/marble_fOKe_ws/install/custom_msgs/share/custom_msgs/environment/library_path.dsv
[1.521s] -- Up-to-date symlink: /home/strongy/MARBLE-Hackathon-Foke/marble_fOKe_ws/install/custom_msgs/include/custom_msgs/custom_msgs/msg/detail/comms_message__rosidl_typesupport_fastrtps_c.h
[1.522s] -- Up-to-date symlink: /home/strongy/MARBLE-Hackathon-Foke/marble_fOKe_ws/install/custom_msgs/include/custom_msgs/custom_msgs/msg/detail/count_with_floater_info__rosidl_typesupport_fastrtps_c.h
[1.522s] -- Up-to-date symlink: /home/strongy/MARBLE-Hackathon-Foke/marble_fOKe_ws/install/custom_msgs/include/custom_msgs/custom_msgs/msg/detail/location_with_floater_info__rosidl_typesupport_fastrtps_c.h
[1.522s] -- Up-to-date symlink: /home/strongy/MARBLE-Hackathon-Foke/marble_fOKe_ws/install/custom_msgs/include/custom_msgs/custom_msgs/msg/rosidl_typesupport_fastrtps_c__visibility_control.h
[1.523s] -- Up-to-date symlink: /home/strongy/MARBLE-Hackathon-Foke/marble_fOKe_ws/install/custom_msgs/include/custom_msgs/custom_msgs/msg/comms_message.hpp
[1.524s] -- Up-to-date symlink: /home/strongy/MARBLE-Hackathon-Foke/marble_fOKe_ws/install/custom_msgs/include/custom_msgs/custom_msgs/msg/count_with_floater_info.hpp
[1.525s] -- Up-to-date symlink: /home/strongy/MARBLE-Hackathon-Foke/marble_fOKe_ws/install/custom_msgs/include/custom_msgs/custom_msgs/msg/detail/comms_message__builder.hpp
[1.526s] -- Up-to-date symlink: /home/strongy/MARBLE-Hackathon-Foke/marble_fOKe_ws/install/custom_msgs/include/custom_msgs/custom_msgs/msg/detail/comms_message__struct.hpp
[1.528s] -- Up-to-date symlink: /home/strongy/MARBLE-Hackathon-Foke/marble_fOKe_ws/install/custom_msgs/include/custom_msgs/custom_msgs/msg/detail/comms_message__traits.hpp
[1.528s] -- Up-to-date symlink: /home/strongy/MARBLE-Hackathon-Foke/marble_fOKe_ws/install/custom_msgs/include/custom_msgs/custom_msgs/msg/detail/count_with_floater_info__builder.hpp
[1.529s] -- Up-to-date symlink: /home/strongy/MARBLE-Hackathon-Foke/marble_fOKe_ws/install/custom_msgs/include/custom_msgs/custom_msgs/msg/detail/count_with_floater_info__struct.hpp
[1.530s] -- Up-to-date symlink: /home/strongy/MARBLE-Hackathon-Foke/marble_fOKe_ws/install/custom_msgs/include/custom_msgs/custom_msgs/msg/detail/count_with_floater_info__traits.hpp
[1.530s] -- Up-to-date symlink: /home/strongy/MARBLE-Hackathon-Foke/marble_fOKe_ws/install/custom_msgs/include/custom_msgs/custom_msgs/msg/detail/location_with_floater_info__builder.hpp
[1.531s] -- Up-to-date symlink: /home/strongy/MARBLE-Hackathon-Foke/marble_fOKe_ws/install/custom_msgs/include/custom_msgs/custom_msgs/msg/detail/location_with_floater_info__struct.hpp
[1.532s] -- Up-to-date symlink: /home/strongy/MARBLE-Hackathon-Foke/marble_fOKe_ws/install/custom_msgs/include/custom_msgs/custom_msgs/msg/detail/location_with_floater_info__traits.hpp
[1.532s] -- Up-to-date symlink: /home/strongy/MARBLE-Hackathon-Foke/marble_fOKe_ws/install/custom_msgs/include/custom_msgs/custom_msgs/msg/location_with_floater_info.hpp
[1.533s] -- Up-to-date symlink: /home/strongy/MARBLE-Hackathon-Foke/marble_fOKe_ws/install/custom_msgs/include/custom_msgs/custom_msgs/msg/detail/comms_message__rosidl_typesupport_fastrtps_cpp.hpp
[1.534s] -- Up-to-date symlink: /home/strongy/MARBLE-Hackathon-Foke/marble_fOKe_ws/install/custom_msgs/include/custom_msgs/custom_msgs/msg/detail/count_with_floater_info__rosidl_typesupport_fastrtps_cpp.hpp
[1.534s] -- Up-to-date symlink: /home/strongy/MARBLE-Hackathon-Foke/marble_fOKe_ws/install/custom_msgs/include/custom_msgs/custom_msgs/msg/detail/location_with_floater_info__rosidl_typesupport_fastrtps_cpp.hpp
[1.534s] -- Up-to-date symlink: /home/strongy/MARBLE-Hackathon-Foke/marble_fOKe_ws/install/custom_msgs/include/custom_msgs/custom_msgs/msg/rosidl_typesupport_fastrtps_cpp__visibility_control.h
[1.535s] -- Up-to-date symlink: /home/strongy/MARBLE-Hackathon-Foke/marble_fOKe_ws/install/custom_msgs/include/custom_msgs/custom_msgs/msg/detail/comms_message__rosidl_typesupport_introspection_c.h
[1.535s] -- Up-to-date symlink: /home/strongy/MARBLE-Hackathon-Foke/marble_fOKe_ws/install/custom_msgs/include/custom_msgs/custom_msgs/msg/detail/count_with_floater_info__rosidl_typesupport_introspection_c.h
[1.535s] -- Up-to-date symlink: /home/strongy/MARBLE-Hackathon-Foke/marble_fOKe_ws/install/custom_msgs/include/custom_msgs/custom_msgs/msg/detail/location_with_floater_info__rosidl_typesupport_introspection_c.h
[1.536s] -- Up-to-date symlink: /home/strongy/MARBLE-Hackathon-Foke/marble_fOKe_ws/install/custom_msgs/include/custom_msgs/custom_msgs/msg/rosidl_typesupport_introspection_c__visibility_control.h
[1.536s] -- Up-to-date symlink: /home/strongy/MARBLE-Hackathon-Foke/marble_fOKe_ws/install/custom_msgs/include/custom_msgs/custom_msgs/msg/detail/comms_message__rosidl_typesupport_introspection_cpp.hpp
[1.537s] -- Up-to-date symlink: /home/strongy/MARBLE-Hackathon-Foke/marble_fOKe_ws/install/custom_msgs/include/custom_msgs/custom_msgs/msg/detail/count_with_floater_info__rosidl_typesupport_introspection_cpp.hpp
[1.537s] -- Up-to-date symlink: /home/strongy/MARBLE-Hackathon-Foke/marble_fOKe_ws/install/custom_msgs/include/custom_msgs/custom_msgs/msg/detail/location_with_floater_info__rosidl_typesupport_introspection_cpp.hpp
[1.537s] -- Up-to-date symlink: /home/strongy/MARBLE-Hackathon-Foke/marble_fOKe_ws/install/custom_msgs/share/custom_msgs/environment/pythonpath.sh
[1.538s] -- Up-to-date symlink: /home/strongy/MARBLE-Hackathon-Foke/marble_fOKe_ws/install/custom_msgs/share/custom_msgs/environment/pythonpath.dsv
[1.538s] -- Up-to-date symlink: /home/strongy/MARBLE-Hackathon-Foke/marble_fOKe_ws/install/custom_msgs/local/lib/python3.10/dist-packages/custom_msgs-0.0.0-py3.10.egg-info/PKG-INFO
[1.539s] -- Up-to-date symlink: /home/strongy/MARBLE-Hackathon-Foke/marble_fOKe_ws/install/custom_msgs/local/lib/python3.10/dist-packages/custom_msgs-0.0.0-py3.10.egg-info/SOURCES.txt
[1.540s] -- Up-to-date symlink: /home/strongy/MARBLE-Hackathon-Foke/marble_fOKe_ws/install/custom_msgs/local/lib/python3.10/dist-packages/custom_msgs-0.0.0-py3.10.egg-info/dependency_links.txt
[1.540s] -- Up-to-date symlink: /home/strongy/MARBLE-Hackathon-Foke/marble_fOKe_ws/install/custom_msgs/local/lib/python3.10/dist-packages/custom_msgs-0.0.0-py3.10.egg-info/top_level.txt
[1.543s] -- Up-to-date symlink: /home/strongy/MARBLE-Hackathon-Foke/marble_fOKe_ws/install/custom_msgs/local/lib/python3.10/dist-packages/custom_msgs/__init__.py
[1.543s] -- Up-to-date symlink: /home/strongy/MARBLE-Hackathon-Foke/marble_fOKe_ws/install/custom_msgs/local/lib/python3.10/dist-packages/custom_msgs/_custom_msgs_s.ep.rosidl_typesupport_c.c
[1.544s] -- Up-to-date symlink: /home/strongy/MARBLE-Hackathon-Foke/marble_fOKe_ws/install/custom_msgs/local/lib/python3.10/dist-packages/custom_msgs/_custom_msgs_s.ep.rosidl_typesupport_fastrtps_c.c
[1.544s] -- Up-to-date symlink: /home/strongy/MARBLE-Hackathon-Foke/marble_fOKe_ws/install/custom_msgs/local/lib/python3.10/dist-packages/custom_msgs/_custom_msgs_s.ep.rosidl_typesupport_introspection_c.c
[1.544s] -- Up-to-date symlink: /home/strongy/MARBLE-Hackathon-Foke/marble_fOKe_ws/install/custom_msgs/local/lib/python3.10/dist-packages/custom_msgs/custom_msgs_s__rosidl_typesupport_c.cpython-310-x86_64-linux-gnu.so
[1.545s] -- Up-to-date symlink: /home/strongy/MARBLE-Hackathon-Foke/marble_fOKe_ws/install/custom_msgs/local/lib/python3.10/dist-packages/custom_msgs/custom_msgs_s__rosidl_typesupport_fastrtps_c.cpython-310-x86_64-linux-gnu.so
[1.545s] -- Up-to-date symlink: /home/strongy/MARBLE-Hackathon-Foke/marble_fOKe_ws/install/custom_msgs/local/lib/python3.10/dist-packages/custom_msgs/custom_msgs_s__rosidl_typesupport_introspection_c.cpython-310-x86_64-linux-gnu.so
[1.546s] -- Up-to-date symlink: /home/strongy/MARBLE-Hackathon-Foke/marble_fOKe_ws/install/custom_msgs/local/lib/python3.10/dist-packages/custom_msgs/libcustom_msgs__rosidl_generator_py.so
[1.547s] -- Up-to-date symlink: /home/strongy/MARBLE-Hackathon-Foke/marble_fOKe_ws/install/custom_msgs/local/lib/python3.10/dist-packages/custom_msgs/msg/__init__.py
[1.547s] -- Up-to-date symlink: /home/strongy/MARBLE-Hackathon-Foke/marble_fOKe_ws/install/custom_msgs/local/lib/python3.10/dist-packages/custom_msgs/msg/_comms_message.py
[1.548s] -- Up-to-date symlink: /home/strongy/MARBLE-Hackathon-Foke/marble_fOKe_ws/install/custom_msgs/local/lib/python3.10/dist-packages/custom_msgs/msg/_comms_message_s.c
[1.549s] -- Up-to-date symlink: /home/strongy/MARBLE-Hackathon-Foke/marble_fOKe_ws/install/custom_msgs/local/lib/python3.10/dist-packages/custom_msgs/msg/_count_with_floater_info.py
[1.551s] -- Up-to-date symlink: /home/strongy/MARBLE-Hackathon-Foke/marble_fOKe_ws/install/custom_msgs/local/lib/python3.10/dist-packages/custom_msgs/msg/_count_with_floater_info_s.c
[1.551s] -- Up-to-date symlink: /home/strongy/MARBLE-Hackathon-Foke/marble_fOKe_ws/install/custom_msgs/local/lib/python3.10/dist-packages/custom_msgs/msg/_location_with_floater_info.py
[1.551s] -- Up-to-date symlink: /home/strongy/MARBLE-Hackathon-Foke/marble_fOKe_ws/install/custom_msgs/local/lib/python3.10/dist-packages/custom_msgs/msg/_location_with_floater_info_s.c
[1.552s] -- Up-to-date symlink: /home/strongy/MARBLE-Hackathon-Foke/marble_fOKe_ws/install/custom_msgs/local/lib/python3.10/dist-packages/custom_msgs/custom_msgs_s__rosidl_typesupport_fastrtps_c.cpython-310-x86_64-linux-gnu.so
[1.552s] -- Up-to-date symlink: /home/strongy/MARBLE-Hackathon-Foke/marble_fOKe_ws/install/custom_msgs/local/lib/python3.10/dist-packages/custom_msgs/custom_msgs_s__rosidl_typesupport_introspection_c.cpython-310-x86_64-linux-gnu.so
[1.552s] -- Up-to-date symlink: /home/strongy/MARBLE-Hackathon-Foke/marble_fOKe_ws/install/custom_msgs/local/lib/python3.10/dist-packages/custom_msgs/custom_msgs_s__rosidl_typesupport_c.cpython-310-x86_64-linux-gnu.so
[1.553s] -- Up-to-date symlink: /home/strongy/MARBLE-Hackathon-Foke/marble_fOKe_ws/install/custom_msgs/share/custom_msgs/msg/CountWithFloaterInfo.idl
[1.553s] -- Up-to-date symlink: /home/strongy/MARBLE-Hackathon-Foke/marble_fOKe_ws/install/custom_msgs/share/custom_msgs/msg/LocationWithFloaterInfo.idl
[1.553s] -- Up-to-date symlink: /home/strongy/MARBLE-Hackathon-Foke/marble_fOKe_ws/install/custom_msgs/share/custom_msgs/msg/CommsMessage.idl
[1.554s] -- Up-to-date symlink: /home/strongy/MARBLE-Hackathon-Foke/marble_fOKe_ws/install/custom_msgs/share/custom_msgs/msg/CountWithFloaterInfo.msg
[1.554s] -- Up-to-date symlink: /home/strongy/MARBLE-Hackathon-Foke/marble_fOKe_ws/install/custom_msgs/share/custom_msgs/msg/LocationWithFloaterInfo.msg
[1.554s] -- Up-to-date symlink: /home/strongy/MARBLE-Hackathon-Foke/marble_fOKe_ws/install/custom_msgs/share/custom_msgs/msg/CommsMessage.msg
[1.555s] -- Up-to-date symlink: /home/strongy/MARBLE-Hackathon-Foke/marble_fOKe_ws/install/custom_msgs/share/ament_index/resource_index/package_run_dependencies/custom_msgs
[1.555s] -- Up-to-date symlink: /home/strongy/MARBLE-Hackathon-Foke/marble_fOKe_ws/install/custom_msgs/share/ament_index/resource_index/parent_prefix_path/custom_msgs
[1.556s] -- Up-to-date symlink: /home/strongy/MARBLE-Hackathon-Foke/marble_fOKe_ws/install/custom_msgs/share/custom_msgs/environment/ament_prefix_path.sh
[1.556s] -- Up-to-date symlink: /home/strongy/MARBLE-Hackathon-Foke/marble_fOKe_ws/install/custom_msgs/share/custom_msgs/environment/ament_prefix_path.dsv
[1.557s] -- Up-to-date symlink: /home/strongy/MARBLE-Hackathon-Foke/marble_fOKe_ws/install/custom_msgs/share/custom_msgs/environment/path.sh
[1.557s] -- Up-to-date symlink: /home/strongy/MARBLE-Hackathon-Foke/marble_fOKe_ws/install/custom_msgs/share/custom_msgs/environment/path.dsv
[1.558s] -- Up-to-date symlink: /home/strongy/MARBLE-Hackathon-Foke/marble_fOKe_ws/install/custom_msgs/share/custom_msgs/local_setup.bash
[1.558s] -- Up-to-date symlink: /home/strongy/MARBLE-Hackathon-Foke/marble_fOKe_ws/install/custom_msgs/share/custom_msgs/local_setup.sh
[1.558s] -- Up-to-date symlink: /home/strongy/MARBLE-Hackathon-Foke/marble_fOKe_ws/install/custom_msgs/share/custom_msgs/local_setup.zsh
[1.559s] -- Up-to-date symlink: /home/strongy/MARBLE-Hackathon-Foke/marble_fOKe_ws/install/custom_msgs/share/custom_msgs/local_setup.dsv
[1.559s] -- Symlinking: /home/strongy/MARBLE-Hackathon-Foke/marble_fOKe_ws/install/custom_msgs/share/custom_msgs/package.dsv
[1.576s] -- Up-to-date symlink: /home/strongy/MARBLE-Hackathon-Foke/marble_fOKe_ws/install/custom_msgs/share/ament_index/resource_index/packages/custom_msgs
[1.576s] -- Up-to-date symlink: /home/strongy/MARBLE-Hackathon-Foke/marble_fOKe_ws/install/custom_msgs/share/custom_msgs/cmake/rosidl_cmake-extras.cmake
[1.576s] -- Up-to-date symlink: /home/strongy/MARBLE-Hackathon-Foke/marble_fOKe_ws/install/custom_msgs/share/custom_msgs/cmake/ament_cmake_export_dependencies-extras.cmake
[1.577s] -- Up-to-date symlink: /home/strongy/MARBLE-Hackathon-Foke/marble_fOKe_ws/install/custom_msgs/share/custom_msgs/cmake/ament_cmake_export_include_directories-extras.cmake
[1.577s] -- Up-to-date symlink: /home/strongy/MARBLE-Hackathon-Foke/marble_fOKe_ws/install/custom_msgs/share/custom_msgs/cmake/ament_cmake_export_libraries-extras.cmake
[1.581s] -- Up-to-date symlink: /home/strongy/MARBLE-Hackathon-Foke/marble_fOKe_ws/install/custom_msgs/share/custom_msgs/cmake/ament_cmake_export_targets-extras.cmake
[1.581s] -- Up-to-date symlink: /home/strongy/MARBLE-Hackathon-Foke/marble_fOKe_ws/install/custom_msgs/share/custom_msgs/cmake/rosidl_cmake_export_typesupport_targets-extras.cmake
[1.582s] -- Up-to-date symlink: /home/strongy/MARBLE-Hackathon-Foke/marble_fOKe_ws/install/custom_msgs/share/custom_msgs/cmake/rosidl_cmake_export_typesupport_libraries-extras.cmake
[1.582s] -- Up-to-date symlink: /home/strongy/MARBLE-Hackathon-Foke/marble_fOKe_ws/install/custom_msgs/share/custom_msgs/cmake/custom_msgsConfig.cmake
[1.582s] -- Up-to-date symlink: /home/strongy/MARBLE-Hackathon-Foke/marble_fOKe_ws/install/custom_msgs/share/custom_msgs/cmake/custom_msgsConfig-version.cmake
[1.582s] -- Up-to-date symlink: /home/strongy/MARBLE-Hackathon-Foke/marble_fOKe_ws/install/custom_msgs/share/custom_msgs/package.xml
[1.584s] -- Up-to-date: /home/strongy/MARBLE-Hackathon-Foke/marble_fOKe_ws/install/custom_msgs/lib/libcustom_msgs__rosidl_generator_c.so
[1.588s] -- Up-to-date: /home/strongy/MARBLE-Hackathon-Foke/marble_fOKe_ws/install/custom_msgs/lib/libcustom_msgs__rosidl_typesupport_fastrtps_c.so
[1.590s] -- Up-to-date: /home/strongy/MARBLE-Hackathon-Foke/marble_fOKe_ws/install/custom_msgs/lib/libcustom_msgs__rosidl_typesupport_fastrtps_cpp.so
[1.590s] -- Up-to-date: /home/strongy/MARBLE-Hackathon-Foke/marble_fOKe_ws/install/custom_msgs/lib/libcustom_msgs__rosidl_typesupport_introspection_c.so
[1.591s] -- Up-to-date: /home/strongy/MARBLE-Hackathon-Foke/marble_fOKe_ws/install/custom_msgs/lib/libcustom_msgs__rosidl_typesupport_c.so
[1.591s] -- Up-to-date: /home/strongy/MARBLE-Hackathon-Foke/marble_fOKe_ws/install/custom_msgs/lib/libcustom_msgs__rosidl_typesupport_introspection_cpp.so
[1.592s] -- Up-to-date: /home/strongy/MARBLE-Hackathon-Foke/marble_fOKe_ws/install/custom_msgs/lib/libcustom_msgs__rosidl_typesupport_cpp.so
[1.699s] Listing '/home/strongy/MARBLE-Hackathon-Foke/marble_fOKe_ws/install/custom_msgs/local/lib/python3.10/dist-packages/custom_msgs'...
[1.699s] Listing '/home/strongy/MARBLE-Hackathon-Foke/marble_fOKe_ws/install/custom_msgs/local/lib/python3.10/dist-packages/custom_msgs/msg'...
[1.711s] -- Up-to-date: /home/strongy/MARBLE-Hackathon-Foke/marble_fOKe_ws/install/custom_msgs/lib/libcustom_msgs__rosidl_generator_py.so
[1.711s] -- Up-to-date: /home/strongy/MARBLE-Hackathon-Foke/marble_fOKe_ws/install/custom_msgs/share/custom_msgs/cmake/export_custom_msgs__rosidl_generator_cExport.cmake
[1.712s] -- Up-to-date: /home/strongy/MARBLE-Hackathon-Foke/marble_fOKe_ws/install/custom_msgs/share/custom_msgs/cmake/export_custom_msgs__rosidl_generator_cExport-noconfig.cmake
[1.713s] -- Up-to-date: /home/strongy/MARBLE-Hackathon-Foke/marble_fOKe_ws/install/custom_msgs/share/custom_msgs/cmake/export_custom_msgs__rosidl_typesupport_fastrtps_cExport.cmake
[1.713s] -- Up-to-date: /home/strongy/MARBLE-Hackathon-Foke/marble_fOKe_ws/install/custom_msgs/share/custom_msgs/cmake/export_custom_msgs__rosidl_typesupport_fastrtps_cExport-noconfig.cmake
[1.713s] -- Up-to-date: /home/strongy/MARBLE-Hackathon-Foke/marble_fOKe_ws/install/custom_msgs/share/custom_msgs/cmake/export_custom_msgs__rosidl_generator_cppExport.cmake
[1.715s] -- Up-to-date: /home/strongy/MARBLE-Hackathon-Foke/marble_fOKe_ws/install/custom_msgs/share/custom_msgs/cmake/export_custom_msgs__rosidl_typesupport_fastrtps_cppExport.cmake
[1.715s] -- Up-to-date: /home/strongy/MARBLE-Hackathon-Foke/marble_fOKe_ws/install/custom_msgs/share/custom_msgs/cmake/export_custom_msgs__rosidl_typesupport_fastrtps_cppExport-noconfig.cmake
[1.716s] -- Up-to-date: /home/strongy/MARBLE-Hackathon-Foke/marble_fOKe_ws/install/custom_msgs/share/custom_msgs/cmake/custom_msgs__rosidl_typesupport_introspection_cExport.cmake
[1.716s] -- Up-to-date: /home/strongy/MARBLE-Hackathon-Foke/marble_fOKe_ws/install/custom_msgs/share/custom_msgs/cmake/custom_msgs__rosidl_typesupport_introspection_cExport-noconfig.cmake
[1.717s] -- Up-to-date: /home/strongy/MARBLE-Hackathon-Foke/marble_fOKe_ws/install/custom_msgs/share/custom_msgs/cmake/custom_msgs__rosidl_typesupport_cExport.cmake
[1.717s] -- Up-to-date: /home/strongy/MARBLE-Hackathon-Foke/marble_fOKe_ws/install/custom_msgs/share/custom_msgs/cmake/custom_msgs__rosidl_typesupport_cExport-noconfig.cmake
[1.718s] -- Up-to-date: /home/strongy/MARBLE-Hackathon-Foke/marble_fOKe_ws/install/custom_msgs/share/custom_msgs/cmake/custom_msgs__rosidl_typesupport_introspection_cppExport.cmake
[1.718s] -- Up-to-date: /home/strongy/MARBLE-Hackathon-Foke/marble_fOKe_ws/install/custom_msgs/share/custom_msgs/cmake/custom_msgs__rosidl_typesupport_introspection_cppExport-noconfig.cmake
[1.719s] -- Up-to-date: /home/strongy/MARBLE-Hackathon-Foke/marble_fOKe_ws/install/custom_msgs/share/custom_msgs/cmake/custom_msgs__rosidl_typesupport_cppExport.cmake
[1.720s] -- Up-to-date: /home/strongy/MARBLE-Hackathon-Foke/marble_fOKe_ws/install/custom_msgs/share/custom_msgs/cmake/custom_msgs__rosidl_typesupport_cppExport-noconfig.cmake
[1.720s] -- Up-to-date: /home/strongy/MARBLE-Hackathon-Foke/marble_fOKe_ws/install/custom_msgs/share/custom_msgs/cmake/export_custom_msgs__rosidl_generator_pyExport.cmake
[1.723s] -- Up-to-date: /home/strongy/MARBLE-Hackathon-Foke/marble_fOKe_ws/install/custom_msgs/share/custom_msgs/cmake/export_custom_msgs__rosidl_generator_pyExport-noconfig.cmake
[1.727s] Invoked command in '/home/strongy/MARBLE-Hackathon-Foke/marble_fOKe_ws/build/custom_msgs' returned '0': CMAKE_PREFIX_PATH=${CMAKE_PREFIX_PATH}:/home/strongy/MARBLE-Hackathon-Foke/marble_fOKe_ws/install/surfacing_script:/home/strongy/MARBLE-Hackathon-Foke/marble_fOKe_ws/install/marble_pkg:/home/strongy/MARBLE-Hackathon-Foke/marble_fOKe_ws/install/comm_pkg:/home/strongy/MARBLE-Hackathon-Foke/marble_fOKe/install/surfacing_script:/home/strongy/MARBLE-Hackathon-Foke/marble_fOKe/install/marble_pkg:/home/strongy/MARBLE-Hackathon-Foke/marble_fOKe/install/comm_pkg:/home/strongy/MARBLE-Hackathon-Foke/marble_fOKe/install/comms_package:/home/strongy/MARBLE-Hackathon-Foke/marble_comms/install/surfacing_script:/home/strongy/MARBLE-Hackathon-Foke/marble_comms/install/marble_pkg:/home/strongy/MARBLE-Hackathon-Foke/marble_comms/install/comm_pkg:/home/strongy/MARBLE-Hackathon-Foke/marble_comms/install/comms_package:/opt/ros/humble /usr/bin/cmake --install /home/strongy/MARBLE-Hackathon-Foke/marble_fOKe_ws/build/custom_msgs
