running egg_info
writing ../../build/comms_package/comms_package.egg-info/PKG-INFO
writing dependency_links to ../../build/comms_package/comms_package.egg-info/dependency_links.txt
writing entry points to ../../build/comms_package/comms_package.egg-info/entry_points.txt
writing requirements to ../../build/comms_package/comms_package.egg-info/requires.txt
writing top-level names to ../../build/comms_package/comms_package.egg-info/top_level.txt
reading manifest file '../../build/comms_package/comms_package.egg-info/SOURCES.txt'
writing manifest file '../../build/comms_package/comms_package.egg-info/SOURCES.txt'
running build
running build_py
copying comms_package/comms_node.py -> /home/strongy/MARBLE-Hackathon-Foke/marble_comms/build/comms_package/build/lib/comms_package
running install
running install_lib
copying /home/strongy/MARBLE-Hackathon-Foke/marble_comms/build/comms_package/build/lib/comms_package/comms_node.py -> /home/strongy/MARBLE-Hackathon-Foke/marble_comms/install/comms_package/lib/python3.10/site-packages/comms_package
byte-compiling /home/strongy/MARBLE-Hackathon-Foke/marble_comms/install/comms_package/lib/python3.10/site-packages/comms_package/comms_node.py to comms_node.cpython-310.pyc
running install_data
running install_egg_info
removing '/home/strongy/MARBLE-Hackathon-Foke/marble_comms/install/comms_package/lib/python3.10/site-packages/comms_package-0.0.0-py3.10.egg-info' (and everything under it)
Copying ../../build/comms_package/comms_package.egg-info to /home/strongy/MARBLE-Hackathon-Foke/marble_comms/install/comms_package/lib/python3.10/site-packages/comms_package-0.0.0-py3.10.egg-info
running install_scripts
Installing comms_node script to /home/strongy/MARBLE-Hackathon-Foke/marble_comms/install/comms_package/lib/comms_package
writing list of installed files to '/home/strongy/MARBLE-Hackathon-Foke/marble_comms/build/comms_package/install.log'
