[0.875s] Invoking command in '/home/strongy/MARBLE-Hackathon-Foke/marble_comms/src/comms_package': PYTHONPATH=/home/strongy/MARBLE-Hackathon-Foke/marble_comms/build/comms_package/prefix_override:/home/strongy/MARBLE-Hackathon-Foke/marble_comms/install/comms_package/lib/python3.10/site-packages:${PYTHONPATH} /usr/bin/python3 setup.py egg_info --egg-base ../../build/comms_package build --build-base /home/strongy/MARBLE-Hackathon-Foke/marble_comms/build/comms_package/build install --record /home/strongy/MARBLE-Hackathon-Foke/marble_comms/build/comms_package/install.log --single-version-externally-managed
[1.214s] running egg_info
[1.214s] writing ../../build/comms_package/comms_package.egg-info/PKG-INFO
[1.215s] writing dependency_links to ../../build/comms_package/comms_package.egg-info/dependency_links.txt
[1.215s] writing entry points to ../../build/comms_package/comms_package.egg-info/entry_points.txt
[1.216s] writing requirements to ../../build/comms_package/comms_package.egg-info/requires.txt
[1.216s] writing top-level names to ../../build/comms_package/comms_package.egg-info/top_level.txt
[1.220s] reading manifest file '../../build/comms_package/comms_package.egg-info/SOURCES.txt'
[1.221s] writing manifest file '../../build/comms_package/comms_package.egg-info/SOURCES.txt'
[1.222s] running build
[1.222s] running build_py
[1.222s] copying comms_package/comms_node.py -> /home/strongy/MARBLE-Hackathon-Foke/marble_comms/build/comms_package/build/lib/comms_package
[1.222s] running install
[1.223s] running install_lib
[1.224s] copying /home/strongy/MARBLE-Hackathon-Foke/marble_comms/build/comms_package/build/lib/comms_package/comms_node.py -> /home/strongy/MARBLE-Hackathon-Foke/marble_comms/install/comms_package/lib/python3.10/site-packages/comms_package
[1.224s] byte-compiling /home/strongy/MARBLE-Hackathon-Foke/marble_comms/install/comms_package/lib/python3.10/site-packages/comms_package/comms_node.py to comms_node.cpython-310.pyc
[1.225s] running install_data
[1.227s] running install_egg_info
[1.231s] removing '/home/strongy/MARBLE-Hackathon-Foke/marble_comms/install/comms_package/lib/python3.10/site-packages/comms_package-0.0.0-py3.10.egg-info' (and everything under it)
[1.233s] Copying ../../build/comms_package/comms_package.egg-info to /home/strongy/MARBLE-Hackathon-Foke/marble_comms/install/comms_package/lib/python3.10/site-packages/comms_package-0.0.0-py3.10.egg-info
[1.235s] running install_scripts
[1.262s] Installing comms_node script to /home/strongy/MARBLE-Hackathon-Foke/marble_comms/install/comms_package/lib/comms_package
[1.263s] writing list of installed files to '/home/strongy/MARBLE-Hackathon-Foke/marble_comms/build/comms_package/install.log'
[1.294s] Invoked command in '/home/strongy/MARBLE-Hackathon-Foke/marble_comms/src/comms_package' returned '0': PYTHONPATH=/home/strongy/MARBLE-Hackathon-Foke/marble_comms/build/comms_package/prefix_override:/home/strongy/MARBLE-Hackathon-Foke/marble_comms/install/comms_package/lib/python3.10/site-packages:${PYTHONPATH} /usr/bin/python3 setup.py egg_info --egg-base ../../build/comms_package build --build-base /home/strongy/MARBLE-Hackathon-Foke/marble_comms/build/comms_package/build install --record /home/strongy/MARBLE-Hackathon-Foke/marble_comms/build/comms_package/install.log --single-version-externally-managed
