[0.570s] DEBUG:colcon:Command line arguments: ['/usr/bin/colcon', 'build']
[0.570s] DEBUG:colcon:Parsed command line arguments: Namespace(log_base=None, log_level=None, verb_name='build', build_base='build', install_base='install', merge_install=False, symlink_install=False, test_result_base=None, continue_on_error=False, executor='parallel', parallel_workers=8, event_handlers=None, ignore_user_meta=False, metas=['./colcon.meta'], base_paths=['.'], packages_ignore=None, packages_ignore_regex=None, paths=None, packages_up_to=None, packages_up_to_regex=None, packages_above=None, packages_above_and_dependencies=None, packages_above_depth=None, packages_select_by_dep=None, packages_skip_by_dep=None, packages_skip_up_to=None, packages_select_build_failed=False, packages_skip_build_finished=False, packages_select_test_failures=False, packages_skip_test_passed=False, packages_select=None, packages_skip=None, packages_select_regex=None, packages_skip_regex=None, packages_start=None, packages_end=None, allow_overriding=[], cmake_args=None, cmake_target=None, cmake_target_skip_unavailable=False, cmake_clean_cache=False, cmake_clean_first=False, cmake_force_configure=False, ament_cmake_args=None, catkin_cmake_args=None, catkin_skip_building_tests=False, verb_parser=<colcon_defaults.argument_parser.defaults.DefaultArgumentsDecorator object at 0x7f93804da410>, verb_extension=<colcon_core.verb.build.BuildVerb object at 0x7f93804d9ea0>, main=<bound method BuildVerb.main of <colcon_core.verb.build.BuildVerb object at 0x7f93804d9ea0>>)
[0.599s] Level 1:colcon.colcon_core.package_discovery:discover_packages(colcon_meta) check parameters
[0.599s] Level 1:colcon.colcon_core.package_discovery:discover_packages(recursive) check parameters
[0.599s] Level 1:colcon.colcon_core.package_discovery:discover_packages(ignore) check parameters
[0.599s] Level 1:colcon.colcon_core.package_discovery:discover_packages(path) check parameters
[0.599s] Level 1:colcon.colcon_core.package_discovery:discover_packages(colcon_meta) discover
[0.600s] Level 1:colcon.colcon_core.package_discovery:discover_packages(recursive) discover
[0.600s] INFO:colcon.colcon_core.package_discovery:Crawling recursively for packages in '/home/strongy/MARBLE-Hackathon-Foke/marble_comms'
[0.600s] Level 1:colcon.colcon_core.package_identification:_identify(.) by extensions ['ignore', 'ignore_ament_install']
[0.600s] Level 1:colcon.colcon_core.package_identification:_identify(.) by extension 'ignore'
[0.600s] Level 1:colcon.colcon_core.package_identification:_identify(.) by extension 'ignore_ament_install'
[0.600s] Level 1:colcon.colcon_core.package_identification:_identify(.) by extensions ['colcon_pkg']
[0.601s] Level 1:colcon.colcon_core.package_identification:_identify(.) by extension 'colcon_pkg'
[0.601s] Level 1:colcon.colcon_core.package_identification:_identify(.) by extensions ['colcon_meta']
[0.601s] Level 1:colcon.colcon_core.package_identification:_identify(.) by extension 'colcon_meta'
[0.601s] Level 1:colcon.colcon_core.package_identification:_identify(.) by extensions ['ros']
[0.601s] Level 1:colcon.colcon_core.package_identification:_identify(.) by extension 'ros'
[0.618s] Level 1:colcon.colcon_core.package_identification:_identify(.) by extensions ['cmake', 'python']
[0.619s] Level 1:colcon.colcon_core.package_identification:_identify(.) by extension 'cmake'
[0.619s] Level 1:colcon.colcon_core.package_identification:_identify(.) by extension 'python'
[0.619s] Level 1:colcon.colcon_core.package_identification:_identify(.) by extensions ['python_setup_py']
[0.619s] Level 1:colcon.colcon_core.package_identification:_identify(.) by extension 'python_setup_py'
[0.619s] Level 1:colcon.colcon_core.package_identification:_identify(build) by extensions ['ignore', 'ignore_ament_install']
[0.619s] Level 1:colcon.colcon_core.package_identification:_identify(build) by extension 'ignore'
[0.619s] Level 1:colcon.colcon_core.package_identification:_identify(build) ignored
[0.619s] Level 1:colcon.colcon_core.package_identification:_identify(install) by extensions ['ignore', 'ignore_ament_install']
[0.619s] Level 1:colcon.colcon_core.package_identification:_identify(install) by extension 'ignore'
[0.620s] Level 1:colcon.colcon_core.package_identification:_identify(install) ignored
[0.620s] Level 1:colcon.colcon_core.package_identification:_identify(log) by extensions ['ignore', 'ignore_ament_install']
[0.620s] Level 1:colcon.colcon_core.package_identification:_identify(log) by extension 'ignore'
[0.620s] Level 1:colcon.colcon_core.package_identification:_identify(log) ignored
[0.620s] Level 1:colcon.colcon_core.package_identification:_identify(src) by extensions ['ignore', 'ignore_ament_install']
[0.620s] Level 1:colcon.colcon_core.package_identification:_identify(src) by extension 'ignore'
[0.620s] Level 1:colcon.colcon_core.package_identification:_identify(src) by extension 'ignore_ament_install'
[0.620s] Level 1:colcon.colcon_core.package_identification:_identify(src) by extensions ['colcon_pkg']
[0.620s] Level 1:colcon.colcon_core.package_identification:_identify(src) by extension 'colcon_pkg'
[0.620s] Level 1:colcon.colcon_core.package_identification:_identify(src) by extensions ['colcon_meta']
[0.620s] Level 1:colcon.colcon_core.package_identification:_identify(src) by extension 'colcon_meta'
[0.620s] Level 1:colcon.colcon_core.package_identification:_identify(src) by extensions ['ros']
[0.621s] Level 1:colcon.colcon_core.package_identification:_identify(src) by extension 'ros'
[0.621s] Level 1:colcon.colcon_core.package_identification:_identify(src) by extensions ['cmake', 'python']
[0.621s] Level 1:colcon.colcon_core.package_identification:_identify(src) by extension 'cmake'
[0.621s] Level 1:colcon.colcon_core.package_identification:_identify(src) by extension 'python'
[0.621s] Level 1:colcon.colcon_core.package_identification:_identify(src) by extensions ['python_setup_py']
[0.621s] Level 1:colcon.colcon_core.package_identification:_identify(src) by extension 'python_setup_py'
[0.621s] Level 1:colcon.colcon_core.package_identification:_identify(src/build) by extensions ['ignore', 'ignore_ament_install']
[0.621s] Level 1:colcon.colcon_core.package_identification:_identify(src/build) by extension 'ignore'
[0.621s] Level 1:colcon.colcon_core.package_identification:_identify(src/build) ignored
[0.621s] Level 1:colcon.colcon_core.package_identification:_identify(src/comms_package) by extensions ['ignore', 'ignore_ament_install']
[0.621s] Level 1:colcon.colcon_core.package_identification:_identify(src/comms_package) by extension 'ignore'
[0.622s] Level 1:colcon.colcon_core.package_identification:_identify(src/comms_package) by extension 'ignore_ament_install'
[0.622s] Level 1:colcon.colcon_core.package_identification:_identify(src/comms_package) by extensions ['colcon_pkg']
[0.622s] Level 1:colcon.colcon_core.package_identification:_identify(src/comms_package) by extension 'colcon_pkg'
[0.622s] Level 1:colcon.colcon_core.package_identification:_identify(src/comms_package) by extensions ['colcon_meta']
[0.622s] Level 1:colcon.colcon_core.package_identification:_identify(src/comms_package) by extension 'colcon_meta'
[0.622s] Level 1:colcon.colcon_core.package_identification:_identify(src/comms_package) by extensions ['ros']
[0.622s] Level 1:colcon.colcon_core.package_identification:_identify(src/comms_package) by extension 'ros'
[0.626s] DEBUG:colcon.colcon_core.package_identification:Package 'src/comms_package' with type 'ros.ament_python' and name 'comms_package'
[0.626s] Level 1:colcon.colcon_core.package_identification:_identify(src/install) by extensions ['ignore', 'ignore_ament_install']
[0.626s] Level 1:colcon.colcon_core.package_identification:_identify(src/install) by extension 'ignore'
[0.627s] Level 1:colcon.colcon_core.package_identification:_identify(src/install) ignored
[0.627s] Level 1:colcon.colcon_core.package_identification:_identify(src/log) by extensions ['ignore', 'ignore_ament_install']
[0.627s] Level 1:colcon.colcon_core.package_identification:_identify(src/log) by extension 'ignore'
[0.627s] Level 1:colcon.colcon_core.package_identification:_identify(src/log) ignored
[0.627s] Level 1:colcon.colcon_core.package_discovery:discover_packages(recursive) using defaults
[0.627s] Level 1:colcon.colcon_core.package_discovery:discover_packages(ignore) discover
[0.627s] Level 1:colcon.colcon_core.package_discovery:discover_packages(ignore) using defaults
[0.627s] Level 1:colcon.colcon_core.package_discovery:discover_packages(path) discover
[0.627s] Level 1:colcon.colcon_core.package_discovery:discover_packages(path) using defaults
[0.656s] Level 1:colcon.colcon_core.package_discovery:discover_packages(prefix_path) check parameters
[0.656s] Level 1:colcon.colcon_core.package_discovery:discover_packages(prefix_path) discover
[0.664s] DEBUG:colcon.colcon_installed_package_information.package_discovery:Found 270 installed packages in /opt/ros/humble
[0.666s] Level 1:colcon.colcon_core.package_discovery:discover_packages(prefix_path) using defaults
[0.750s] Level 5:colcon.colcon_core.verb:set package 'comms_package' build argument 'cmake_args' from command line to 'None'
[0.750s] Level 5:colcon.colcon_core.verb:set package 'comms_package' build argument 'cmake_target' from command line to 'None'
[0.750s] Level 5:colcon.colcon_core.verb:set package 'comms_package' build argument 'cmake_target_skip_unavailable' from command line to 'False'
[0.750s] Level 5:colcon.colcon_core.verb:set package 'comms_package' build argument 'cmake_clean_cache' from command line to 'False'
[0.750s] Level 5:colcon.colcon_core.verb:set package 'comms_package' build argument 'cmake_clean_first' from command line to 'False'
[0.750s] Level 5:colcon.colcon_core.verb:set package 'comms_package' build argument 'cmake_force_configure' from command line to 'False'
[0.750s] Level 5:colcon.colcon_core.verb:set package 'comms_package' build argument 'ament_cmake_args' from command line to 'None'
[0.750s] Level 5:colcon.colcon_core.verb:set package 'comms_package' build argument 'catkin_cmake_args' from command line to 'None'
[0.750s] Level 5:colcon.colcon_core.verb:set package 'comms_package' build argument 'catkin_skip_building_tests' from command line to 'False'
[0.751s] DEBUG:colcon.colcon_core.verb:Building package 'comms_package' with the following arguments: {'ament_cmake_args': None, 'build_base': '/home/strongy/MARBLE-Hackathon-Foke/marble_comms/build/comms_package', 'catkin_cmake_args': None, 'catkin_skip_building_tests': False, 'cmake_args': None, 'cmake_clean_cache': False, 'cmake_clean_first': False, 'cmake_force_configure': False, 'cmake_target': None, 'cmake_target_skip_unavailable': False, 'install_base': '/home/strongy/MARBLE-Hackathon-Foke/marble_comms/install/comms_package', 'merge_install': False, 'path': '/home/strongy/MARBLE-Hackathon-Foke/marble_comms/src/comms_package', 'symlink_install': False, 'test_result_base': None}
[0.752s] INFO:colcon.colcon_core.executor:Executing jobs using 'parallel' executor
[0.757s] DEBUG:colcon.colcon_parallel_executor.executor.parallel:run_until_complete
[0.758s] INFO:colcon.colcon_ros.task.ament_python.build:Building ROS package in '/home/strongy/MARBLE-Hackathon-Foke/marble_comms/src/comms_package' with build type 'ament_python'
[0.759s] Level 1:colcon.colcon_core.shell:create_environment_hook('comms_package', 'ament_prefix_path')
[0.770s] INFO:colcon.colcon_core.plugin_system:Skipping extension 'colcon_core.shell.bat': Not used on non-Windows systems
[0.771s] INFO:colcon.colcon_core.shell:Creating environment hook '/home/strongy/MARBLE-Hackathon-Foke/marble_comms/install/comms_package/share/comms_package/hook/ament_prefix_path.ps1'
[0.772s] INFO:colcon.colcon_core.shell:Creating environment descriptor '/home/strongy/MARBLE-Hackathon-Foke/marble_comms/install/comms_package/share/comms_package/hook/ament_prefix_path.dsv'
[0.774s] INFO:colcon.colcon_core.shell:Creating environment hook '/home/strongy/MARBLE-Hackathon-Foke/marble_comms/install/comms_package/share/comms_package/hook/ament_prefix_path.sh'
[0.777s] INFO:colcon.colcon_core.shell:Skip shell extension 'powershell' for command environment: Not usable outside of PowerShell
[0.778s] DEBUG:colcon.colcon_core.shell:Skip shell extension 'dsv' for command environment
[1.186s] INFO:colcon.colcon_core.task.python.build:Building Python package in '/home/strongy/MARBLE-Hackathon-Foke/marble_comms/src/comms_package'
[1.189s] INFO:colcon.colcon_core.shell:Skip shell extension 'powershell' for command environment: Not usable outside of PowerShell
[1.189s] DEBUG:colcon.colcon_core.shell:Skip shell extension 'dsv' for command environment
[1.715s] DEBUG:colcon.colcon_core.event_handler.log_command:Invoking command in '/home/strongy/MARBLE-Hackathon-Foke/marble_comms/src/comms_package': PYTHONPATH=/home/strongy/MARBLE-Hackathon-Foke/marble_comms/build/comms_package/prefix_override:/home/strongy/MARBLE-Hackathon-Foke/marble_comms/install/comms_package/lib/python3.10/site-packages:${PYTHONPATH} /usr/bin/python3 setup.py egg_info --egg-base ../../build/comms_package build --build-base /home/strongy/MARBLE-Hackathon-Foke/marble_comms/build/comms_package/build install --record /home/strongy/MARBLE-Hackathon-Foke/marble_comms/build/comms_package/install.log --single-version-externally-managed
[2.179s] DEBUG:colcon.colcon_core.event_handler.log_command:Invoked command in '/home/strongy/MARBLE-Hackathon-Foke/marble_comms/src/comms_package' returned '0': PYTHONPATH=/home/strongy/MARBLE-Hackathon-Foke/marble_comms/build/comms_package/prefix_override:/home/strongy/MARBLE-Hackathon-Foke/marble_comms/install/comms_package/lib/python3.10/site-packages:${PYTHONPATH} /usr/bin/python3 setup.py egg_info --egg-base ../../build/comms_package build --build-base /home/strongy/MARBLE-Hackathon-Foke/marble_comms/build/comms_package/build install --record /home/strongy/MARBLE-Hackathon-Foke/marble_comms/build/comms_package/install.log --single-version-externally-managed
[2.190s] Level 1:colcon.colcon_core.environment:checking '/home/strongy/MARBLE-Hackathon-Foke/marble_comms/install/comms_package' for CMake module files
[2.191s] Level 1:colcon.colcon_core.environment:checking '/home/strongy/MARBLE-Hackathon-Foke/marble_comms/install/comms_package' for CMake config files
[2.191s] Level 1:colcon.colcon_core.environment:checking '/home/strongy/MARBLE-Hackathon-Foke/marble_comms/install/comms_package/lib'
[2.192s] Level 1:colcon.colcon_core.environment:checking '/home/strongy/MARBLE-Hackathon-Foke/marble_comms/install/comms_package/bin'
[2.192s] Level 1:colcon.colcon_core.environment:checking '/home/strongy/MARBLE-Hackathon-Foke/marble_comms/install/comms_package/lib/pkgconfig/comms_package.pc'
[2.192s] Level 1:colcon.colcon_core.environment:checking '/home/strongy/MARBLE-Hackathon-Foke/marble_comms/install/comms_package/lib/python3.10/site-packages'
[2.192s] Level 1:colcon.colcon_core.shell:create_environment_hook('comms_package', 'pythonpath')
[2.194s] INFO:colcon.colcon_core.shell:Creating environment hook '/home/strongy/MARBLE-Hackathon-Foke/marble_comms/install/comms_package/share/comms_package/hook/pythonpath.ps1'
[2.195s] INFO:colcon.colcon_core.shell:Creating environment descriptor '/home/strongy/MARBLE-Hackathon-Foke/marble_comms/install/comms_package/share/comms_package/hook/pythonpath.dsv'
[2.195s] INFO:colcon.colcon_core.shell:Creating environment hook '/home/strongy/MARBLE-Hackathon-Foke/marble_comms/install/comms_package/share/comms_package/hook/pythonpath.sh'
[2.196s] Level 1:colcon.colcon_core.environment:checking '/home/strongy/MARBLE-Hackathon-Foke/marble_comms/install/comms_package/bin'
[2.196s] Level 1:colcon.colcon_core.environment:create_environment_scripts_only(comms_package)
[2.197s] INFO:colcon.colcon_core.shell:Creating package script '/home/strongy/MARBLE-Hackathon-Foke/marble_comms/install/comms_package/share/comms_package/package.ps1'
[2.199s] INFO:colcon.colcon_core.shell:Creating package descriptor '/home/strongy/MARBLE-Hackathon-Foke/marble_comms/install/comms_package/share/comms_package/package.dsv'
[2.200s] INFO:colcon.colcon_core.shell:Creating package script '/home/strongy/MARBLE-Hackathon-Foke/marble_comms/install/comms_package/share/comms_package/package.sh'
[2.202s] INFO:colcon.colcon_core.shell:Creating package script '/home/strongy/MARBLE-Hackathon-Foke/marble_comms/install/comms_package/share/comms_package/package.bash'
[2.203s] INFO:colcon.colcon_core.shell:Creating package script '/home/strongy/MARBLE-Hackathon-Foke/marble_comms/install/comms_package/share/comms_package/package.zsh'
[2.204s] Level 1:colcon.colcon_core.environment:create_file_with_runtime_dependencies(/home/strongy/MARBLE-Hackathon-Foke/marble_comms/install/comms_package/share/colcon-core/packages/comms_package)
[2.205s] DEBUG:colcon.colcon_parallel_executor.executor.parallel:closing loop
[2.206s] DEBUG:colcon.colcon_parallel_executor.executor.parallel:loop closed
[2.206s] DEBUG:colcon.colcon_parallel_executor.executor.parallel:run_until_complete finished with '0'
[2.206s] DEBUG:colcon.colcon_core.event_reactor:joining thread
[2.224s] INFO:colcon.colcon_core.plugin_system:Skipping extension 'colcon_notification.desktop_notification.terminal_notifier': Not used on non-Darwin systems
[2.224s] INFO:colcon.colcon_core.plugin_system:Skipping extension 'colcon_notification.desktop_notification.win32': Not used on non-Windows systems
[2.224s] INFO:colcon.colcon_notification.desktop_notification:Sending desktop notification using 'notify2'
[535.369s] DEBUG:colcon.colcon_notification.desktop_notification.notify2:Failed to initialize notify2: org.freedesktop.DBus.Error.Spawn.ExecFailed: /usr/bin/dbus-launch terminated abnormally with the following error: Autolaunch error: X11 initialization failed.

[535.370s] DEBUG:colcon.colcon_core.event_reactor:joined thread
[535.373s] INFO:colcon.colcon_core.shell:Creating prefix script '/home/strongy/MARBLE-Hackathon-Foke/marble_comms/install/local_setup.ps1'
[535.380s] INFO:colcon.colcon_core.shell:Creating prefix util module '/home/strongy/MARBLE-Hackathon-Foke/marble_comms/install/_local_setup_util_ps1.py'
[535.382s] INFO:colcon.colcon_core.shell:Creating prefix chain script '/home/strongy/MARBLE-Hackathon-Foke/marble_comms/install/setup.ps1'
[535.384s] INFO:colcon.colcon_core.shell:Creating prefix script '/home/strongy/MARBLE-Hackathon-Foke/marble_comms/install/local_setup.sh'
[535.386s] INFO:colcon.colcon_core.shell:Creating prefix util module '/home/strongy/MARBLE-Hackathon-Foke/marble_comms/install/_local_setup_util_sh.py'
[535.386s] INFO:colcon.colcon_core.shell:Creating prefix chain script '/home/strongy/MARBLE-Hackathon-Foke/marble_comms/install/setup.sh'
[535.389s] INFO:colcon.colcon_core.shell:Creating prefix script '/home/strongy/MARBLE-Hackathon-Foke/marble_comms/install/local_setup.bash'
[535.392s] INFO:colcon.colcon_core.shell:Creating prefix chain script '/home/strongy/MARBLE-Hackathon-Foke/marble_comms/install/setup.bash'
[535.397s] INFO:colcon.colcon_core.shell:Creating prefix script '/home/strongy/MARBLE-Hackathon-Foke/marble_comms/install/local_setup.zsh'
[535.400s] INFO:colcon.colcon_core.shell:Creating prefix chain script '/home/strongy/MARBLE-Hackathon-Foke/marble_comms/install/setup.zsh'
