[0.501s] Invoking command in '/home/strongy/MARBLE-Hackathon-Foke/marble_comms/build/custom_msgs': CMAKE_PREFIX_PATH=/home/strongy/MARBLE-Hackathon-Foke/marble_comms/install/comms_package:/opt/ros/humble /usr/bin/cmake /home/strongy/MARBLE-Hackathon-Foke/marble_comms/src/custom_msgs -DAMENT_CMAKE_SYMLINK_INSTALL=1 -DCMAKE_INSTALL_PREFIX=/home/strongy/MARBLE-Hackathon-Foke/marble_comms/install/custom_msgs
[0.999s] -- The C compiler identification is GNU 11.4.0
[1.438s] -- The CXX compiler identification is GNU 11.4.0
[1.980s] -- Detecting C compiler ABI info
[2.190s] -- Detecting C compiler ABI info - done
[2.212s] -- Check for working C compiler: /usr/bin/cc - skipped
[2.214s] -- Detecting C compile features
[2.215s] -- Detecting C compile features - done
[2.223s] -- Detecting CXX compiler ABI info
[2.474s] -- Detecting CXX compiler ABI info - done
[2.487s] -- Check for working CXX compiler: /usr/bin/c++ - skipped
[2.487s] -- Detecting CXX compile features
[2.488s] -- Detecting CXX compile features - done
[2.492s] -- Found ament_cmake: 1.3.5 (/opt/ros/humble/share/ament_cmake/cmake)
[2.873s] -- Found Python3: /usr/bin/python3.10 (found version "3.10.12") found components: Interpreter 
[2.983s] -- Override CMake install command with custom implementation using symlinks instead of copying resources
[3.010s] -- Found rclpy: 3.3.9 (/opt/ros/humble/share/rclpy/cmake)
[3.012s] -- Found builtin_interfaces: 1.2.1 (/opt/ros/humble/share/builtin_interfaces/cmake)
[3.261s] -- Found rosidl_generator_c: 3.1.5 (/opt/ros/humble/share/rosidl_generator_c/cmake)
[3.269s] -- Found rosidl_adapter: 3.1.5 (/opt/ros/humble/share/rosidl_adapter/cmake)
[3.282s] -- Found rosidl_generator_cpp: 3.1.5 (/opt/ros/humble/share/rosidl_generator_cpp/cmake)
[3.318s] -- Using all available rosidl_typesupport_c: rosidl_typesupport_fastrtps_c;rosidl_typesupport_introspection_c
[3.355s] -- Using all available rosidl_typesupport_cpp: rosidl_typesupport_fastrtps_cpp;rosidl_typesupport_introspection_cpp
[3.388s] -- Found rosidl_default_generators: 1.2.0 (/opt/ros/humble/share/rosidl_default_generators/cmake)
[3.402s] -- Found ament_lint_auto: 0.12.7 (/opt/ros/humble/share/ament_lint_auto/cmake)
[3.830s] -- Found ament_cmake_ros: 0.10.0 (/opt/ros/humble/share/ament_cmake_ros/cmake)
[4.341s] -- Using all available rosidl_typesupport_c: rosidl_typesupport_fastrtps_c;rosidl_typesupport_introspection_c
[4.540s] -- Using all available rosidl_typesupport_cpp: rosidl_typesupport_fastrtps_cpp;rosidl_typesupport_introspection_cpp
[4.793s] -- Found PythonInterp: /usr/bin/python3 (found suitable version "3.10.12", minimum required is "3.6") 
[4.794s] -- Found python_cmake_module: 0.10.0 (/opt/ros/humble/share/python_cmake_module/cmake)
[5.426s] -- Found PythonLibs: /usr/lib/x86_64-linux-gnu/libpython3.10.so (found suitable version "3.10.12", minimum required is "3.5") 
[5.426s] -- Using PYTHON_EXECUTABLE: /usr/bin/python3
[5.426s] -- Using PYTHON_INCLUDE_DIRS: /usr/include/python3.10
[5.427s] -- Using PYTHON_LIBRARIES: /usr/lib/x86_64-linux-gnu/libpython3.10.so
[5.455s] -- Found PythonExtra: .so  
[5.572s] -- Added test 'lint_cmake' to check CMake code style
[5.573s] -- Added test 'xmllint' to check XML markup files
[5.582s] -- Configuring done
[5.633s] -- Generating done
[5.638s] -- Build files have been written to: /home/strongy/MARBLE-Hackathon-Foke/marble_comms/build/custom_msgs
[5.647s] Invoked command in '/home/strongy/MARBLE-Hackathon-Foke/marble_comms/build/custom_msgs' returned '0': CMAKE_PREFIX_PATH=/home/strongy/MARBLE-Hackathon-Foke/marble_comms/install/comms_package:/opt/ros/humble /usr/bin/cmake /home/strongy/MARBLE-Hackathon-Foke/marble_comms/src/custom_msgs -DAMENT_CMAKE_SYMLINK_INSTALL=1 -DCMAKE_INSTALL_PREFIX=/home/strongy/MARBLE-Hackathon-Foke/marble_comms/install/custom_msgs
[5.650s] Invoking command in '/home/strongy/MARBLE-Hackathon-Foke/marble_comms/build/custom_msgs': CMAKE_PREFIX_PATH=/home/strongy/MARBLE-Hackathon-Foke/marble_comms/install/comms_package:/opt/ros/humble /usr/bin/cmake --build /home/strongy/MARBLE-Hackathon-Foke/marble_comms/build/custom_msgs -- -j8 -l8
[5.691s] [  2%] [34m[1mGenerating C code for ROS interfaces[0m
[5.708s] [  5%] [34m[1mGenerating C++ code for ROS interfaces[0m
[5.722s] [  5%] Built target ament_cmake_python_symlink_custom_msgs
[6.291s] running egg_info
[6.292s] creating custom_msgs.egg-info
[6.292s] writing custom_msgs.egg-info/PKG-INFO
[6.293s] writing dependency_links to custom_msgs.egg-info/dependency_links.txt
[6.294s] writing top-level names to custom_msgs.egg-info/top_level.txt
[6.295s] writing manifest file 'custom_msgs.egg-info/SOURCES.txt'
[6.298s] [  7%] [32mBuilding C object CMakeFiles/custom_msgs__rosidl_generator_c.dir/rosidl_generator_c/custom_msgs/msg/detail/count_with_floater_info__functions.c.o[0m
[6.301s] [ 10%] [32mBuilding C object CMakeFiles/custom_msgs__rosidl_generator_c.dir/rosidl_generator_c/custom_msgs/msg/detail/location_with_floater_info__functions.c.o[0m
[6.303s] reading manifest file 'custom_msgs.egg-info/SOURCES.txt'
[6.307s] writing manifest file 'custom_msgs.egg-info/SOURCES.txt'
[6.328s] [ 10%] Built target custom_msgs__cpp
[6.342s] [ 12%] [34m[1mGenerating C++ type support dispatch for ROS interfaces[0m
[6.344s] [ 15%] [34m[1mGenerating C++ introspection for ROS interfaces[0m
[6.347s] [ 17%] [34m[1mGenerating C++ type support for eProsima Fast-RTPS[0m
[6.360s] [ 17%] Built target ament_cmake_python_build_custom_msgs_egg
[6.386s] [ 20%] [32m[1mLinking C shared library libcustom_msgs__rosidl_generator_c.so[0m
[6.572s] [ 20%] Built target custom_msgs__rosidl_generator_c
[6.588s] [ 23%] [34m[1mGenerating C type support dispatch for ROS interfaces[0m
[6.589s] [ 25%] [34m[1mGenerating C introspection for ROS interfaces[0m
[6.591s] [ 28%] [34m[1mGenerating C type support for eProsima Fast-RTPS[0m
[6.921s] [ 30%] [32mBuilding CXX object CMakeFiles/custom_msgs__rosidl_typesupport_cpp.dir/rosidl_typesupport_cpp/custom_msgs/msg/location_with_floater_info__type_support.cpp.o[0m
[6.923s] [ 33%] [32mBuilding CXX object CMakeFiles/custom_msgs__rosidl_typesupport_cpp.dir/rosidl_typesupport_cpp/custom_msgs/msg/count_with_floater_info__type_support.cpp.o[0m
[7.084s] [ 35%] [32mBuilding CXX object CMakeFiles/custom_msgs__rosidl_typesupport_introspection_cpp.dir/rosidl_typesupport_introspection_cpp/custom_msgs/msg/detail/location_with_floater_info__type_support.cpp.o[0m
[7.086s] [ 38%] [32mBuilding CXX object CMakeFiles/custom_msgs__rosidl_typesupport_introspection_cpp.dir/rosidl_typesupport_introspection_cpp/custom_msgs/msg/detail/count_with_floater_info__type_support.cpp.o[0m
[7.118s] [ 41%] [32mBuilding CXX object CMakeFiles/custom_msgs__rosidl_typesupport_fastrtps_cpp.dir/rosidl_typesupport_fastrtps_cpp/custom_msgs/msg/detail/dds_fastrtps/count_with_floater_info__type_support.cpp.o[0m
[7.369s] [ 43%] [32mBuilding CXX object CMakeFiles/custom_msgs__rosidl_typesupport_c.dir/rosidl_typesupport_c/custom_msgs/msg/count_with_floater_info__type_support.cpp.o[0m
[7.447s] [ 46%] [32mBuilding CXX object CMakeFiles/custom_msgs__rosidl_typesupport_c.dir/rosidl_typesupport_c/custom_msgs/msg/location_with_floater_info__type_support.cpp.o[0m
[7.473s] [ 48%] [32mBuilding C object CMakeFiles/custom_msgs__rosidl_typesupport_introspection_c.dir/rosidl_typesupport_introspection_c/custom_msgs/msg/detail/count_with_floater_info__type_support.c.o[0m
[7.500s] [ 51%] [32mBuilding CXX object CMakeFiles/custom_msgs__rosidl_typesupport_fastrtps_c.dir/rosidl_typesupport_fastrtps_c/custom_msgs/msg/detail/count_with_floater_info__type_support_c.cpp.o[0m
[7.537s] [ 53%] [32m[1mLinking CXX shared library libcustom_msgs__rosidl_typesupport_c.so[0m
[7.589s] [ 56%] [32mBuilding C object CMakeFiles/custom_msgs__rosidl_typesupport_introspection_c.dir/rosidl_typesupport_introspection_c/custom_msgs/msg/detail/location_with_floater_info__type_support.c.o[0m
[7.669s] [ 58%] [32m[1mLinking C shared library libcustom_msgs__rosidl_typesupport_introspection_c.so[0m
[7.815s] [ 61%] [32mBuilding CXX object CMakeFiles/custom_msgs__rosidl_typesupport_fastrtps_c.dir/rosidl_typesupport_fastrtps_c/custom_msgs/msg/detail/location_with_floater_info__type_support_c.cpp.o[0m
[7.836s] [ 64%] [32m[1mLinking CXX shared library libcustom_msgs__rosidl_typesupport_cpp.so[0m
[7.921s] [ 64%] Built target custom_msgs__rosidl_typesupport_c
[7.956s] [ 66%] [32mBuilding CXX object CMakeFiles/custom_msgs__rosidl_typesupport_fastrtps_cpp.dir/rosidl_typesupport_fastrtps_cpp/custom_msgs/msg/detail/dds_fastrtps/location_with_floater_info__type_support.cpp.o[0m
[8.072s] [ 66%] Built target custom_msgs__rosidl_typesupport_introspection_c
[8.279s] [ 66%] Built target custom_msgs__rosidl_typesupport_cpp
[8.365s] [ 69%] [32m[1mLinking CXX shared library libcustom_msgs__rosidl_typesupport_introspection_cpp.so[0m
[8.613s] [ 69%] Built target custom_msgs__rosidl_typesupport_introspection_cpp
[8.712s] [ 71%] [32m[1mLinking CXX shared library libcustom_msgs__rosidl_typesupport_fastrtps_c.so[0m
[8.866s] [ 74%] [32m[1mLinking CXX shared library libcustom_msgs__rosidl_typesupport_fastrtps_cpp.so[0m
[8.939s] [ 74%] Built target custom_msgs__rosidl_typesupport_fastrtps_c
[9.089s] [ 74%] Built target custom_msgs__rosidl_typesupport_fastrtps_cpp
[9.110s] [ 74%] Built target custom_msgs
[9.130s] [ 76%] [34m[1mGenerating Python code for ROS interfaces[0m
[9.682s] [ 76%] Built target custom_msgs__py
[9.703s] [ 79%] [32mBuilding C object CMakeFiles/custom_msgs__rosidl_generator_py.dir/rosidl_generator_py/custom_msgs/msg/_location_with_floater_info_s.c.o[0m
[9.703s] [ 82%] [32mBuilding C object CMakeFiles/custom_msgs__rosidl_generator_py.dir/rosidl_generator_py/custom_msgs/msg/_count_with_floater_info_s.c.o[0m
[9.876s] [ 84%] [32m[1mLinking C shared library rosidl_generator_py/custom_msgs/libcustom_msgs__rosidl_generator_py.so[0m
[10.082s] [ 84%] Built target custom_msgs__rosidl_generator_py
[10.114s] [ 89%] [32mBuilding C object CMakeFiles/custom_msgs__rosidl_typesupport_introspection_c__pyext.dir/rosidl_generator_py/custom_msgs/_custom_msgs_s.ep.rosidl_typesupport_introspection_c.c.o[0m
[10.115s] [ 89%] [32mBuilding C object CMakeFiles/custom_msgs__rosidl_typesupport_fastrtps_c__pyext.dir/rosidl_generator_py/custom_msgs/_custom_msgs_s.ep.rosidl_typesupport_fastrtps_c.c.o[0m
[10.118s] [ 92%] [32mBuilding C object CMakeFiles/custom_msgs__rosidl_typesupport_c__pyext.dir/rosidl_generator_py/custom_msgs/_custom_msgs_s.ep.rosidl_typesupport_c.c.o[0m
[10.371s] [ 94%] [32m[1mLinking C shared library rosidl_generator_py/custom_msgs/custom_msgs_s__rosidl_typesupport_introspection_c.cpython-310-x86_64-linux-gnu.so[0m
[10.372s] [ 97%] [32m[1mLinking C shared library rosidl_generator_py/custom_msgs/custom_msgs_s__rosidl_typesupport_fastrtps_c.cpython-310-x86_64-linux-gnu.so[0m
[10.386s] [100%] [32m[1mLinking C shared library rosidl_generator_py/custom_msgs/custom_msgs_s__rosidl_typesupport_c.cpython-310-x86_64-linux-gnu.so[0m
[10.568s] [100%] Built target custom_msgs__rosidl_typesupport_introspection_c__pyext
[10.574s] [100%] Built target custom_msgs__rosidl_typesupport_fastrtps_c__pyext
[10.624s] [100%] Built target custom_msgs__rosidl_typesupport_c__pyext
[10.649s] Invoked command in '/home/strongy/MARBLE-Hackathon-Foke/marble_comms/build/custom_msgs' returned '0': CMAKE_PREFIX_PATH=/home/strongy/MARBLE-Hackathon-Foke/marble_comms/install/comms_package:/opt/ros/humble /usr/bin/cmake --build /home/strongy/MARBLE-Hackathon-Foke/marble_comms/build/custom_msgs -- -j8 -l8
[10.757s] Invoking command in '/home/strongy/MARBLE-Hackathon-Foke/marble_comms/build/custom_msgs': CMAKE_PREFIX_PATH=/home/strongy/MARBLE-Hackathon-Foke/marble_comms/install/comms_package:/opt/ros/humble /usr/bin/cmake --install /home/strongy/MARBLE-Hackathon-Foke/marble_comms/build/custom_msgs
[10.767s] -- Install configuration: ""
[10.767s] -- Execute custom install script
[10.768s] -- Symlinking: /home/strongy/MARBLE-Hackathon-Foke/marble_comms/install/custom_msgs/share/ament_index/resource_index/rosidl_interfaces/custom_msgs
[10.779s] -- Symlinking: /home/strongy/MARBLE-Hackathon-Foke/marble_comms/install/custom_msgs/include/custom_msgs/custom_msgs/msg/count_with_floater_info.h
[10.791s] -- Symlinking: /home/strongy/MARBLE-Hackathon-Foke/marble_comms/install/custom_msgs/include/custom_msgs/custom_msgs/msg/detail/count_with_floater_info__functions.h
[10.800s] -- Symlinking: /home/strongy/MARBLE-Hackathon-Foke/marble_comms/install/custom_msgs/include/custom_msgs/custom_msgs/msg/detail/count_with_floater_info__struct.h
[10.810s] -- Symlinking: /home/strongy/MARBLE-Hackathon-Foke/marble_comms/install/custom_msgs/include/custom_msgs/custom_msgs/msg/detail/count_with_floater_info__type_support.h
[10.823s] -- Symlinking: /home/strongy/MARBLE-Hackathon-Foke/marble_comms/install/custom_msgs/include/custom_msgs/custom_msgs/msg/detail/location_with_floater_info__functions.h
[10.836s] -- Symlinking: /home/strongy/MARBLE-Hackathon-Foke/marble_comms/install/custom_msgs/include/custom_msgs/custom_msgs/msg/detail/location_with_floater_info__struct.h
[10.857s] -- Symlinking: /home/strongy/MARBLE-Hackathon-Foke/marble_comms/install/custom_msgs/include/custom_msgs/custom_msgs/msg/detail/location_with_floater_info__type_support.h
[10.878s] -- Symlinking: /home/strongy/MARBLE-Hackathon-Foke/marble_comms/install/custom_msgs/include/custom_msgs/custom_msgs/msg/location_with_floater_info.h
[10.889s] -- Symlinking: /home/strongy/MARBLE-Hackathon-Foke/marble_comms/install/custom_msgs/include/custom_msgs/custom_msgs/msg/rosidl_generator_c__visibility_control.h
[10.900s] -- Symlinking: /home/strongy/MARBLE-Hackathon-Foke/marble_comms/install/custom_msgs/share/custom_msgs/environment/library_path.sh
[10.910s] -- Symlinking: /home/strongy/MARBLE-Hackathon-Foke/marble_comms/install/custom_msgs/share/custom_msgs/environment/library_path.dsv
[10.920s] -- Symlinking: /home/strongy/MARBLE-Hackathon-Foke/marble_comms/install/custom_msgs/include/custom_msgs/custom_msgs/msg/detail/count_with_floater_info__rosidl_typesupport_fastrtps_c.h
[10.930s] -- Symlinking: /home/strongy/MARBLE-Hackathon-Foke/marble_comms/install/custom_msgs/include/custom_msgs/custom_msgs/msg/detail/location_with_floater_info__rosidl_typesupport_fastrtps_c.h
[10.945s] -- Symlinking: /home/strongy/MARBLE-Hackathon-Foke/marble_comms/install/custom_msgs/include/custom_msgs/custom_msgs/msg/rosidl_typesupport_fastrtps_c__visibility_control.h
[10.957s] -- Symlinking: /home/strongy/MARBLE-Hackathon-Foke/marble_comms/install/custom_msgs/include/custom_msgs/custom_msgs/msg/count_with_floater_info.hpp
[10.967s] -- Symlinking: /home/strongy/MARBLE-Hackathon-Foke/marble_comms/install/custom_msgs/include/custom_msgs/custom_msgs/msg/detail/count_with_floater_info__builder.hpp
[10.979s] -- Symlinking: /home/strongy/MARBLE-Hackathon-Foke/marble_comms/install/custom_msgs/include/custom_msgs/custom_msgs/msg/detail/count_with_floater_info__struct.hpp
[10.991s] -- Symlinking: /home/strongy/MARBLE-Hackathon-Foke/marble_comms/install/custom_msgs/include/custom_msgs/custom_msgs/msg/detail/count_with_floater_info__traits.hpp
[11.002s] -- Symlinking: /home/strongy/MARBLE-Hackathon-Foke/marble_comms/install/custom_msgs/include/custom_msgs/custom_msgs/msg/detail/location_with_floater_info__builder.hpp
[11.013s] -- Symlinking: /home/strongy/MARBLE-Hackathon-Foke/marble_comms/install/custom_msgs/include/custom_msgs/custom_msgs/msg/detail/location_with_floater_info__struct.hpp
[11.025s] -- Symlinking: /home/strongy/MARBLE-Hackathon-Foke/marble_comms/install/custom_msgs/include/custom_msgs/custom_msgs/msg/detail/location_with_floater_info__traits.hpp
[11.036s] -- Symlinking: /home/strongy/MARBLE-Hackathon-Foke/marble_comms/install/custom_msgs/include/custom_msgs/custom_msgs/msg/location_with_floater_info.hpp
[11.058s] -- Symlinking: /home/strongy/MARBLE-Hackathon-Foke/marble_comms/install/custom_msgs/include/custom_msgs/custom_msgs/msg/detail/count_with_floater_info__rosidl_typesupport_fastrtps_cpp.hpp
[11.088s] -- Symlinking: /home/strongy/MARBLE-Hackathon-Foke/marble_comms/install/custom_msgs/include/custom_msgs/custom_msgs/msg/detail/location_with_floater_info__rosidl_typesupport_fastrtps_cpp.hpp
[11.099s] -- Symlinking: /home/strongy/MARBLE-Hackathon-Foke/marble_comms/install/custom_msgs/include/custom_msgs/custom_msgs/msg/rosidl_typesupport_fastrtps_cpp__visibility_control.h
[11.110s] -- Symlinking: /home/strongy/MARBLE-Hackathon-Foke/marble_comms/install/custom_msgs/include/custom_msgs/custom_msgs/msg/detail/count_with_floater_info__rosidl_typesupport_introspection_c.h
[11.123s] -- Symlinking: /home/strongy/MARBLE-Hackathon-Foke/marble_comms/install/custom_msgs/include/custom_msgs/custom_msgs/msg/detail/location_with_floater_info__rosidl_typesupport_introspection_c.h
[11.133s] -- Symlinking: /home/strongy/MARBLE-Hackathon-Foke/marble_comms/install/custom_msgs/include/custom_msgs/custom_msgs/msg/rosidl_typesupport_introspection_c__visibility_control.h
[11.144s] -- Symlinking: /home/strongy/MARBLE-Hackathon-Foke/marble_comms/install/custom_msgs/include/custom_msgs/custom_msgs/msg/detail/count_with_floater_info__rosidl_typesupport_introspection_cpp.hpp
[11.158s] -- Symlinking: /home/strongy/MARBLE-Hackathon-Foke/marble_comms/install/custom_msgs/include/custom_msgs/custom_msgs/msg/detail/location_with_floater_info__rosidl_typesupport_introspection_cpp.hpp
[11.169s] -- Symlinking: /home/strongy/MARBLE-Hackathon-Foke/marble_comms/install/custom_msgs/share/custom_msgs/environment/pythonpath.sh
[11.183s] -- Symlinking: /home/strongy/MARBLE-Hackathon-Foke/marble_comms/install/custom_msgs/share/custom_msgs/environment/pythonpath.dsv
[11.195s] -- Symlinking: /home/strongy/MARBLE-Hackathon-Foke/marble_comms/install/custom_msgs/local/lib/python3.10/dist-packages/custom_msgs-0.0.0-py3.10.egg-info/PKG-INFO
[11.217s] -- Symlinking: /home/strongy/MARBLE-Hackathon-Foke/marble_comms/install/custom_msgs/local/lib/python3.10/dist-packages/custom_msgs-0.0.0-py3.10.egg-info/SOURCES.txt
[11.228s] -- Symlinking: /home/strongy/MARBLE-Hackathon-Foke/marble_comms/install/custom_msgs/local/lib/python3.10/dist-packages/custom_msgs-0.0.0-py3.10.egg-info/dependency_links.txt
[11.242s] -- Symlinking: /home/strongy/MARBLE-Hackathon-Foke/marble_comms/install/custom_msgs/local/lib/python3.10/dist-packages/custom_msgs-0.0.0-py3.10.egg-info/top_level.txt
[11.254s] -- Symlinking: /home/strongy/MARBLE-Hackathon-Foke/marble_comms/install/custom_msgs/local/lib/python3.10/dist-packages/custom_msgs/__init__.py
[11.295s] -- Symlinking: /home/strongy/MARBLE-Hackathon-Foke/marble_comms/install/custom_msgs/local/lib/python3.10/dist-packages/custom_msgs/_custom_msgs_s.ep.rosidl_typesupport_c.c
[11.323s] -- Symlinking: /home/strongy/MARBLE-Hackathon-Foke/marble_comms/install/custom_msgs/local/lib/python3.10/dist-packages/custom_msgs/_custom_msgs_s.ep.rosidl_typesupport_fastrtps_c.c
[11.345s] -- Symlinking: /home/strongy/MARBLE-Hackathon-Foke/marble_comms/install/custom_msgs/local/lib/python3.10/dist-packages/custom_msgs/_custom_msgs_s.ep.rosidl_typesupport_introspection_c.c
[11.363s] -- Symlinking: /home/strongy/MARBLE-Hackathon-Foke/marble_comms/install/custom_msgs/local/lib/python3.10/dist-packages/custom_msgs/custom_msgs_s__rosidl_typesupport_c.cpython-310-x86_64-linux-gnu.so
[11.378s] -- Symlinking: /home/strongy/MARBLE-Hackathon-Foke/marble_comms/install/custom_msgs/local/lib/python3.10/dist-packages/custom_msgs/custom_msgs_s__rosidl_typesupport_fastrtps_c.cpython-310-x86_64-linux-gnu.so
[11.392s] -- Symlinking: /home/strongy/MARBLE-Hackathon-Foke/marble_comms/install/custom_msgs/local/lib/python3.10/dist-packages/custom_msgs/custom_msgs_s__rosidl_typesupport_introspection_c.cpython-310-x86_64-linux-gnu.so
[11.407s] -- Symlinking: /home/strongy/MARBLE-Hackathon-Foke/marble_comms/install/custom_msgs/local/lib/python3.10/dist-packages/custom_msgs/libcustom_msgs__rosidl_generator_py.so
[11.418s] -- Symlinking: /home/strongy/MARBLE-Hackathon-Foke/marble_comms/install/custom_msgs/local/lib/python3.10/dist-packages/custom_msgs/msg/__init__.py
[11.429s] -- Symlinking: /home/strongy/MARBLE-Hackathon-Foke/marble_comms/install/custom_msgs/local/lib/python3.10/dist-packages/custom_msgs/msg/_count_with_floater_info.py
[11.441s] -- Symlinking: /home/strongy/MARBLE-Hackathon-Foke/marble_comms/install/custom_msgs/local/lib/python3.10/dist-packages/custom_msgs/msg/_count_with_floater_info_s.c
[11.453s] -- Symlinking: /home/strongy/MARBLE-Hackathon-Foke/marble_comms/install/custom_msgs/local/lib/python3.10/dist-packages/custom_msgs/msg/_location_with_floater_info.py
[11.467s] -- Symlinking: /home/strongy/MARBLE-Hackathon-Foke/marble_comms/install/custom_msgs/local/lib/python3.10/dist-packages/custom_msgs/msg/_location_with_floater_info_s.c
[11.482s] -- Up-to-date symlink: /home/strongy/MARBLE-Hackathon-Foke/marble_comms/install/custom_msgs/local/lib/python3.10/dist-packages/custom_msgs/custom_msgs_s__rosidl_typesupport_fastrtps_c.cpython-310-x86_64-linux-gnu.so
[11.483s] -- Up-to-date symlink: /home/strongy/MARBLE-Hackathon-Foke/marble_comms/install/custom_msgs/local/lib/python3.10/dist-packages/custom_msgs/custom_msgs_s__rosidl_typesupport_introspection_c.cpython-310-x86_64-linux-gnu.so
[11.484s] -- Up-to-date symlink: /home/strongy/MARBLE-Hackathon-Foke/marble_comms/install/custom_msgs/local/lib/python3.10/dist-packages/custom_msgs/custom_msgs_s__rosidl_typesupport_c.cpython-310-x86_64-linux-gnu.so
[11.484s] -- Symlinking: /home/strongy/MARBLE-Hackathon-Foke/marble_comms/install/custom_msgs/share/custom_msgs/msg/CountWithFloaterInfo.idl
[11.499s] -- Symlinking: /home/strongy/MARBLE-Hackathon-Foke/marble_comms/install/custom_msgs/share/custom_msgs/msg/LocationWithFloaterInfo.idl
[11.515s] -- Symlinking: /home/strongy/MARBLE-Hackathon-Foke/marble_comms/install/custom_msgs/share/custom_msgs/msg/CountWithFloaterInfo.msg
[11.531s] -- Symlinking: /home/strongy/MARBLE-Hackathon-Foke/marble_comms/install/custom_msgs/share/custom_msgs/msg/LocationWithFloaterInfo.msg
[11.541s] -- Symlinking: /home/strongy/MARBLE-Hackathon-Foke/marble_comms/install/custom_msgs/share/ament_index/resource_index/package_run_dependencies/custom_msgs
[11.554s] -- Symlinking: /home/strongy/MARBLE-Hackathon-Foke/marble_comms/install/custom_msgs/share/ament_index/resource_index/parent_prefix_path/custom_msgs
[11.563s] -- Symlinking: /home/strongy/MARBLE-Hackathon-Foke/marble_comms/install/custom_msgs/share/custom_msgs/environment/ament_prefix_path.sh
[11.574s] -- Symlinking: /home/strongy/MARBLE-Hackathon-Foke/marble_comms/install/custom_msgs/share/custom_msgs/environment/ament_prefix_path.dsv
[11.584s] -- Symlinking: /home/strongy/MARBLE-Hackathon-Foke/marble_comms/install/custom_msgs/share/custom_msgs/environment/path.sh
[11.595s] -- Symlinking: /home/strongy/MARBLE-Hackathon-Foke/marble_comms/install/custom_msgs/share/custom_msgs/environment/path.dsv
[11.605s] -- Symlinking: /home/strongy/MARBLE-Hackathon-Foke/marble_comms/install/custom_msgs/share/custom_msgs/local_setup.bash
[11.616s] -- Symlinking: /home/strongy/MARBLE-Hackathon-Foke/marble_comms/install/custom_msgs/share/custom_msgs/local_setup.sh
[11.629s] -- Symlinking: /home/strongy/MARBLE-Hackathon-Foke/marble_comms/install/custom_msgs/share/custom_msgs/local_setup.zsh
[11.641s] -- Symlinking: /home/strongy/MARBLE-Hackathon-Foke/marble_comms/install/custom_msgs/share/custom_msgs/local_setup.dsv
[11.654s] -- Symlinking: /home/strongy/MARBLE-Hackathon-Foke/marble_comms/install/custom_msgs/share/custom_msgs/package.dsv
[11.666s] -- Symlinking: /home/strongy/MARBLE-Hackathon-Foke/marble_comms/install/custom_msgs/share/ament_index/resource_index/packages/custom_msgs
[11.686s] -- Symlinking: /home/strongy/MARBLE-Hackathon-Foke/marble_comms/install/custom_msgs/share/custom_msgs/cmake/rosidl_cmake-extras.cmake
[11.697s] -- Symlinking: /home/strongy/MARBLE-Hackathon-Foke/marble_comms/install/custom_msgs/share/custom_msgs/cmake/ament_cmake_export_dependencies-extras.cmake
[11.706s] -- Symlinking: /home/strongy/MARBLE-Hackathon-Foke/marble_comms/install/custom_msgs/share/custom_msgs/cmake/ament_cmake_export_include_directories-extras.cmake
[11.720s] -- Symlinking: /home/strongy/MARBLE-Hackathon-Foke/marble_comms/install/custom_msgs/share/custom_msgs/cmake/ament_cmake_export_libraries-extras.cmake
[11.735s] -- Symlinking: /home/strongy/MARBLE-Hackathon-Foke/marble_comms/install/custom_msgs/share/custom_msgs/cmake/ament_cmake_export_targets-extras.cmake
[11.756s] -- Symlinking: /home/strongy/MARBLE-Hackathon-Foke/marble_comms/install/custom_msgs/share/custom_msgs/cmake/rosidl_cmake_export_typesupport_targets-extras.cmake
[11.770s] -- Symlinking: /home/strongy/MARBLE-Hackathon-Foke/marble_comms/install/custom_msgs/share/custom_msgs/cmake/rosidl_cmake_export_typesupport_libraries-extras.cmake
[11.781s] -- Symlinking: /home/strongy/MARBLE-Hackathon-Foke/marble_comms/install/custom_msgs/share/custom_msgs/cmake/custom_msgsConfig.cmake
[11.793s] -- Symlinking: /home/strongy/MARBLE-Hackathon-Foke/marble_comms/install/custom_msgs/share/custom_msgs/cmake/custom_msgsConfig-version.cmake
[11.805s] -- Symlinking: /home/strongy/MARBLE-Hackathon-Foke/marble_comms/install/custom_msgs/share/custom_msgs/package.xml
[11.814s] -- Installing: /home/strongy/MARBLE-Hackathon-Foke/marble_comms/install/custom_msgs/lib/libcustom_msgs__rosidl_generator_c.so
[11.815s] -- Set runtime path of "/home/strongy/MARBLE-Hackathon-Foke/marble_comms/install/custom_msgs/lib/libcustom_msgs__rosidl_generator_c.so" to ""
[11.815s] -- Installing: /home/strongy/MARBLE-Hackathon-Foke/marble_comms/install/custom_msgs/lib/libcustom_msgs__rosidl_typesupport_fastrtps_c.so
[11.816s] -- Set runtime path of "/home/strongy/MARBLE-Hackathon-Foke/marble_comms/install/custom_msgs/lib/libcustom_msgs__rosidl_typesupport_fastrtps_c.so" to ""
[11.816s] -- Installing: /home/strongy/MARBLE-Hackathon-Foke/marble_comms/install/custom_msgs/lib/libcustom_msgs__rosidl_typesupport_fastrtps_cpp.so
[11.817s] -- Set runtime path of "/home/strongy/MARBLE-Hackathon-Foke/marble_comms/install/custom_msgs/lib/libcustom_msgs__rosidl_typesupport_fastrtps_cpp.so" to ""
[11.817s] -- Installing: /home/strongy/MARBLE-Hackathon-Foke/marble_comms/install/custom_msgs/lib/libcustom_msgs__rosidl_typesupport_introspection_c.so
[11.817s] -- Set runtime path of "/home/strongy/MARBLE-Hackathon-Foke/marble_comms/install/custom_msgs/lib/libcustom_msgs__rosidl_typesupport_introspection_c.so" to ""
[11.818s] -- Installing: /home/strongy/MARBLE-Hackathon-Foke/marble_comms/install/custom_msgs/lib/libcustom_msgs__rosidl_typesupport_c.so
[11.819s] -- Set runtime path of "/home/strongy/MARBLE-Hackathon-Foke/marble_comms/install/custom_msgs/lib/libcustom_msgs__rosidl_typesupport_c.so" to ""
[11.819s] -- Installing: /home/strongy/MARBLE-Hackathon-Foke/marble_comms/install/custom_msgs/lib/libcustom_msgs__rosidl_typesupport_introspection_cpp.so
[11.820s] -- Set runtime path of "/home/strongy/MARBLE-Hackathon-Foke/marble_comms/install/custom_msgs/lib/libcustom_msgs__rosidl_typesupport_introspection_cpp.so" to ""
[11.820s] -- Installing: /home/strongy/MARBLE-Hackathon-Foke/marble_comms/install/custom_msgs/lib/libcustom_msgs__rosidl_typesupport_cpp.so
[11.821s] -- Set runtime path of "/home/strongy/MARBLE-Hackathon-Foke/marble_comms/install/custom_msgs/lib/libcustom_msgs__rosidl_typesupport_cpp.so" to ""
[11.895s] Listing '/home/strongy/MARBLE-Hackathon-Foke/marble_comms/install/custom_msgs/local/lib/python3.10/dist-packages/custom_msgs'...
[11.895s] Compiling '/home/strongy/MARBLE-Hackathon-Foke/marble_comms/install/custom_msgs/local/lib/python3.10/dist-packages/custom_msgs/__init__.py'...
[11.895s] Listing '/home/strongy/MARBLE-Hackathon-Foke/marble_comms/install/custom_msgs/local/lib/python3.10/dist-packages/custom_msgs/msg'...
[11.895s] Compiling '/home/strongy/MARBLE-Hackathon-Foke/marble_comms/install/custom_msgs/local/lib/python3.10/dist-packages/custom_msgs/msg/__init__.py'...
[11.896s] Compiling '/home/strongy/MARBLE-Hackathon-Foke/marble_comms/install/custom_msgs/local/lib/python3.10/dist-packages/custom_msgs/msg/_count_with_floater_info.py'...
[11.896s] Compiling '/home/strongy/MARBLE-Hackathon-Foke/marble_comms/install/custom_msgs/local/lib/python3.10/dist-packages/custom_msgs/msg/_location_with_floater_info.py'...
[11.904s] -- Installing: /home/strongy/MARBLE-Hackathon-Foke/marble_comms/install/custom_msgs/lib/libcustom_msgs__rosidl_generator_py.so
[11.905s] -- Set runtime path of "/home/strongy/MARBLE-Hackathon-Foke/marble_comms/install/custom_msgs/lib/libcustom_msgs__rosidl_generator_py.so" to ""
[11.905s] -- Installing: /home/strongy/MARBLE-Hackathon-Foke/marble_comms/install/custom_msgs/share/custom_msgs/cmake/export_custom_msgs__rosidl_generator_cExport.cmake
[11.905s] -- Installing: /home/strongy/MARBLE-Hackathon-Foke/marble_comms/install/custom_msgs/share/custom_msgs/cmake/export_custom_msgs__rosidl_generator_cExport-noconfig.cmake
[11.906s] -- Installing: /home/strongy/MARBLE-Hackathon-Foke/marble_comms/install/custom_msgs/share/custom_msgs/cmake/export_custom_msgs__rosidl_typesupport_fastrtps_cExport.cmake
[11.906s] -- Installing: /home/strongy/MARBLE-Hackathon-Foke/marble_comms/install/custom_msgs/share/custom_msgs/cmake/export_custom_msgs__rosidl_typesupport_fastrtps_cExport-noconfig.cmake
[11.906s] -- Installing: /home/strongy/MARBLE-Hackathon-Foke/marble_comms/install/custom_msgs/share/custom_msgs/cmake/export_custom_msgs__rosidl_generator_cppExport.cmake
[11.907s] -- Installing: /home/strongy/MARBLE-Hackathon-Foke/marble_comms/install/custom_msgs/share/custom_msgs/cmake/export_custom_msgs__rosidl_typesupport_fastrtps_cppExport.cmake
[11.907s] -- Installing: /home/strongy/MARBLE-Hackathon-Foke/marble_comms/install/custom_msgs/share/custom_msgs/cmake/export_custom_msgs__rosidl_typesupport_fastrtps_cppExport-noconfig.cmake
[11.907s] -- Installing: /home/strongy/MARBLE-Hackathon-Foke/marble_comms/install/custom_msgs/share/custom_msgs/cmake/custom_msgs__rosidl_typesupport_introspection_cExport.cmake
[11.908s] -- Installing: /home/strongy/MARBLE-Hackathon-Foke/marble_comms/install/custom_msgs/share/custom_msgs/cmake/custom_msgs__rosidl_typesupport_introspection_cExport-noconfig.cmake
[11.908s] -- Installing: /home/strongy/MARBLE-Hackathon-Foke/marble_comms/install/custom_msgs/share/custom_msgs/cmake/custom_msgs__rosidl_typesupport_cExport.cmake
[11.908s] -- Installing: /home/strongy/MARBLE-Hackathon-Foke/marble_comms/install/custom_msgs/share/custom_msgs/cmake/custom_msgs__rosidl_typesupport_cExport-noconfig.cmake
[11.909s] -- Installing: /home/strongy/MARBLE-Hackathon-Foke/marble_comms/install/custom_msgs/share/custom_msgs/cmake/custom_msgs__rosidl_typesupport_introspection_cppExport.cmake
[11.909s] -- Installing: /home/strongy/MARBLE-Hackathon-Foke/marble_comms/install/custom_msgs/share/custom_msgs/cmake/custom_msgs__rosidl_typesupport_introspection_cppExport-noconfig.cmake
[11.909s] -- Installing: /home/strongy/MARBLE-Hackathon-Foke/marble_comms/install/custom_msgs/share/custom_msgs/cmake/custom_msgs__rosidl_typesupport_cppExport.cmake
[11.910s] -- Installing: /home/strongy/MARBLE-Hackathon-Foke/marble_comms/install/custom_msgs/share/custom_msgs/cmake/custom_msgs__rosidl_typesupport_cppExport-noconfig.cmake
[11.910s] -- Installing: /home/strongy/MARBLE-Hackathon-Foke/marble_comms/install/custom_msgs/share/custom_msgs/cmake/export_custom_msgs__rosidl_generator_pyExport.cmake
[11.911s] -- Installing: /home/strongy/MARBLE-Hackathon-Foke/marble_comms/install/custom_msgs/share/custom_msgs/cmake/export_custom_msgs__rosidl_generator_pyExport-noconfig.cmake
[11.920s] Invoked command in '/home/strongy/MARBLE-Hackathon-Foke/marble_comms/build/custom_msgs' returned '0': CMAKE_PREFIX_PATH=/home/strongy/MARBLE-Hackathon-Foke/marble_comms/install/comms_package:/opt/ros/humble /usr/bin/cmake --install /home/strongy/MARBLE-Hackathon-Foke/marble_comms/build/custom_msgs
